[0.024s] Invoking command in '/home/ubuntu/bags/pc_merger_ws/src/build/pc_merger': CMAKE_PREFIX_PATH=/opt/ros/galactic /usr/bin/cmake --build /home/ubuntu/bags/pc_merger_ws/src/build/pc_merger -- -j8 -l8
[0.084s] [35m[1mScanning dependencies of target pc_merger[0m
[1.404s] [ 50%] [32mBuilding CXX object CMakeFiles/pc_merger.dir/src/mergeClouds.cpp.o[0m
[6.166s] In file included from [01m[K/home/ubuntu/bags/pc_merger_ws/src/pc_meger/src/mergeClouds.cpp:1[m[K:
[6.167s] [01m[K/home/ubuntu/bags/pc_merger_ws/src/pc_meger/include/mergeClouds.hpp:45:22:[m[K [01;35m[Kwarning: [m[Kextra ‘[01m[K;[m[K’ [[01;35m[K-Wpedantic[m[K]
[6.167s]    45 |     PCL_ADD_INTENSITY[01;35m[K;[m[K
[6.168s]       |                      [01;35m[K^[m[K
[6.168s]       |                      [31m[K-[m[K
[6.209s] [01m[K/home/ubuntu/bags/pc_merger_ws/src/pc_meger/src/mergeClouds.cpp:[m[K In constructor ‘[01m[KPointCloudCombiner::PointCloudCombiner(const string&)[m[K’:
[6.209s] [01m[K/home/ubuntu/bags/pc_merger_ws/src/pc_meger/src/mergeClouds.cpp:7:50:[m[K [01;35m[Kwarning: [m[K‘[01m[Kconst rclcpp::ParameterValue& rclcpp::Node::declare_parameter(const string&)[m[K’ is deprecated: declare_parameter() with only a name is deprecated and will be deleted in the future.\nIf you want to declare a parameter that won't change type without a default value use:\n`node->declare_parameter<ParameterT>(name)`, where e.g. ParameterT=int64_t.\n\nIf you want to declare a parameter that can dynamically change type use:\n```\nrcl_interfaces::msg::ParameterDescriptor descriptor;\ndescriptor.dynamic_typing = true;\nnode->declare_parameter(name, rclcpp::ParameterValue{}, descriptor);\n``` [[01;35m[K-Wdeprecated-declarations[m[K]
[6.210s]     7 |     this->declare_parameter(PARAM_MERGED_PC_TOPIC[01;35m[K)[m[K;
[6.211s]       |                                                  [01;35m[K^[m[K
[6.211s] In file included from [01m[K/opt/ros/galactic/include/rclcpp/executors/single_threaded_executor.hpp:28[m[K,
[6.212s]                  from [01m[K/opt/ros/galactic/include/rclcpp/executors.hpp:22[m[K,
[6.212s]                  from [01m[K/opt/ros/galactic/include/rclcpp/rclcpp.hpp:156[m[K,
[6.213s]                  from [01m[K/home/ubuntu/bags/pc_merger_ws/src/pc_meger/include/mergeClouds.hpp:5[m[K,
[6.213s]                  from [01m[K/home/ubuntu/bags/pc_merger_ws/src/pc_meger/src/mergeClouds.cpp:1[m[K:
[6.214s] [01m[K/opt/ros/galactic/include/rclcpp/node.hpp:422:3:[m[K [01;36m[Knote: [m[Kdeclared here
[6.216s]   422 |   [01;36m[Kdeclare_parameter[m[K(const std::string & name);
[6.217s]       |   [01;36m[K^~~~~~~~~~~~~~~~~[m[K
[6.217s] [01m[K/home/ubuntu/bags/pc_merger_ws/src/pc_meger/src/mergeClouds.cpp:8:49:[m[K [01;35m[Kwarning: [m[K‘[01m[Kconst rclcpp::ParameterValue& rclcpp::Node::declare_parameter(const string&)[m[K’ is deprecated: declare_parameter() with only a name is deprecated and will be deleted in the future.\nIf you want to declare a parameter that won't change type without a default value use:\n`node->declare_parameter<ParameterT>(name)`, where e.g. ParameterT=int64_t.\n\nIf you want to declare a parameter that can dynamically change type use:\n```\nrcl_interfaces::msg::ParameterDescriptor descriptor;\ndescriptor.dynamic_typing = true;\nnode->declare_parameter(name, rclcpp::ParameterValue{}, descriptor);\n``` [[01;35m[K-Wdeprecated-declarations[m[K]
[6.218s]     8 |     this->declare_parameter(PARAM_FRONT_PC_TOPIC[01;35m[K)[m[K;
[6.218s]       |                                                 [01;35m[K^[m[K
[6.219s] In file included from [01m[K/opt/ros/galactic/include/rclcpp/executors/single_threaded_executor.hpp:28[m[K,
[6.219s]                  from [01m[K/opt/ros/galactic/include/rclcpp/executors.hpp:22[m[K,
[6.220s]                  from [01m[K/opt/ros/galactic/include/rclcpp/rclcpp.hpp:156[m[K,
[6.220s]                  from [01m[K/home/ubuntu/bags/pc_merger_ws/src/pc_meger/include/mergeClouds.hpp:5[m[K,
[6.222s]                  from [01m[K/home/ubuntu/bags/pc_merger_ws/src/pc_meger/src/mergeClouds.cpp:1[m[K:
[6.222s] [01m[K/opt/ros/galactic/include/rclcpp/node.hpp:422:3:[m[K [01;36m[Knote: [m[Kdeclared here
[6.223s]   422 |   [01;36m[Kdeclare_parameter[m[K(const std::string & name);
[6.224s]       |   [01;36m[K^~~~~~~~~~~~~~~~~[m[K
[6.224s] [01m[K/home/ubuntu/bags/pc_merger_ws/src/pc_meger/src/mergeClouds.cpp:9:48:[m[K [01;35m[Kwarning: [m[K‘[01m[Kconst rclcpp::ParameterValue& rclcpp::Node::declare_parameter(const string&)[m[K’ is deprecated: declare_parameter() with only a name is deprecated and will be deleted in the future.\nIf you want to declare a parameter that won't change type without a default value use:\n`node->declare_parameter<ParameterT>(name)`, where e.g. ParameterT=int64_t.\n\nIf you want to declare a parameter that can dynamically change type use:\n```\nrcl_interfaces::msg::ParameterDescriptor descriptor;\ndescriptor.dynamic_typing = true;\nnode->declare_parameter(name, rclcpp::ParameterValue{}, descriptor);\n``` [[01;35m[K-Wdeprecated-declarations[m[K]
[6.225s]     9 |     this->declare_parameter(PARAM_LEFT_PC_TOPIC[01;35m[K)[m[K;
[6.225s]       |                                                [01;35m[K^[m[K
[6.226s] In file included from [01m[K/opt/ros/galactic/include/rclcpp/executors/single_threaded_executor.hpp:28[m[K,
[6.226s]                  from [01m[K/opt/ros/galactic/include/rclcpp/executors.hpp:22[m[K,
[6.226s]                  from [01m[K/opt/ros/galactic/include/rclcpp/rclcpp.hpp:156[m[K,
[6.227s]                  from [01m[K/home/ubuntu/bags/pc_merger_ws/src/pc_meger/include/mergeClouds.hpp:5[m[K,
[6.228s]                  from [01m[K/home/ubuntu/bags/pc_merger_ws/src/pc_meger/src/mergeClouds.cpp:1[m[K:
[6.228s] [01m[K/opt/ros/galactic/include/rclcpp/node.hpp:422:3:[m[K [01;36m[Knote: [m[Kdeclared here
[6.229s]   422 |   [01;36m[Kdeclare_parameter[m[K(const std::string & name);
[6.229s]       |   [01;36m[K^~~~~~~~~~~~~~~~~[m[K
[6.230s] [01m[K/home/ubuntu/bags/pc_merger_ws/src/pc_meger/src/mergeClouds.cpp:10:49:[m[K [01;35m[Kwarning: [m[K‘[01m[Kconst rclcpp::ParameterValue& rclcpp::Node::declare_parameter(const string&)[m[K’ is deprecated: declare_parameter() with only a name is deprecated and will be deleted in the future.\nIf you want to declare a parameter that won't change type without a default value use:\n`node->declare_parameter<ParameterT>(name)`, where e.g. ParameterT=int64_t.\n\nIf you want to declare a parameter that can dynamically change type use:\n```\nrcl_interfaces::msg::ParameterDescriptor descriptor;\ndescriptor.dynamic_typing = true;\nnode->declare_parameter(name, rclcpp::ParameterValue{}, descriptor);\n``` [[01;35m[K-Wdeprecated-declarations[m[K]
[6.230s]    10 |     this->declare_parameter(PARAM_RIGHT_PC_TOPIC[01;35m[K)[m[K;
[6.230s]       |                                                 [01;35m[K^[m[K
[6.231s] In file included from [01m[K/opt/ros/galactic/include/rclcpp/executors/single_threaded_executor.hpp:28[m[K,
[6.231s]                  from [01m[K/opt/ros/galactic/include/rclcpp/executors.hpp:22[m[K,
[6.232s]                  from [01m[K/opt/ros/galactic/include/rclcpp/rclcpp.hpp:156[m[K,
[6.233s]                  from [01m[K/home/ubuntu/bags/pc_merger_ws/src/pc_meger/include/mergeClouds.hpp:5[m[K,
[6.233s]                  from [01m[K/home/ubuntu/bags/pc_merger_ws/src/pc_meger/src/mergeClouds.cpp:1[m[K:
[6.233s] [01m[K/opt/ros/galactic/include/rclcpp/node.hpp:422:3:[m[K [01;36m[Knote: [m[Kdeclared here
[6.234s]   422 |   [01;36m[Kdeclare_parameter[m[K(const std::string & name);
[6.234s]       |   [01;36m[K^~~~~~~~~~~~~~~~~[m[K
[6.235s] [01m[K/home/ubuntu/bags/pc_merger_ws/src/pc_meger/src/mergeClouds.cpp:12:52:[m[K [01;35m[Kwarning: [m[K‘[01m[Kconst rclcpp::ParameterValue& rclcpp::Node::declare_parameter(const string&)[m[K’ is deprecated: declare_parameter() with only a name is deprecated and will be deleted in the future.\nIf you want to declare a parameter that won't change type without a default value use:\n`node->declare_parameter<ParameterT>(name)`, where e.g. ParameterT=int64_t.\n\nIf you want to declare a parameter that can dynamically change type use:\n```\nrcl_interfaces::msg::ParameterDescriptor descriptor;\ndescriptor.dynamic_typing = true;\nnode->declare_parameter(name, rclcpp::ParameterValue{}, descriptor);\n``` [[01;35m[K-Wdeprecated-declarations[m[K]
[6.235s]    12 |     this->declare_parameter(PARAM_FRONT_LIDAR_FRAME[01;35m[K)[m[K;
[6.236s]       |                                                    [01;35m[K^[m[K
[6.236s] In file included from [01m[K/opt/ros/galactic/include/rclcpp/executors/single_threaded_executor.hpp:28[m[K,
[6.237s]                  from [01m[K/opt/ros/galactic/include/rclcpp/executors.hpp:22[m[K,
[6.237s]                  from [01m[K/opt/ros/galactic/include/rclcpp/rclcpp.hpp:156[m[K,
[6.238s]                  from [01m[K/home/ubuntu/bags/pc_merger_ws/src/pc_meger/include/mergeClouds.hpp:5[m[K,
[6.238s]                  from [01m[K/home/ubuntu/bags/pc_merger_ws/src/pc_meger/src/mergeClouds.cpp:1[m[K:
[6.239s] [01m[K/opt/ros/galactic/include/rclcpp/node.hpp:422:3:[m[K [01;36m[Knote: [m[Kdeclared here
[6.239s]   422 |   [01;36m[Kdeclare_parameter[m[K(const std::string & name);
[6.240s]       |   [01;36m[K^~~~~~~~~~~~~~~~~[m[K
[6.240s] [01m[K/home/ubuntu/bags/pc_merger_ws/src/pc_meger/src/mergeClouds.cpp:13:51:[m[K [01;35m[Kwarning: [m[K‘[01m[Kconst rclcpp::ParameterValue& rclcpp::Node::declare_parameter(const string&)[m[K’ is deprecated: declare_parameter() with only a name is deprecated and will be deleted in the future.\nIf you want to declare a parameter that won't change type without a default value use:\n`node->declare_parameter<ParameterT>(name)`, where e.g. ParameterT=int64_t.\n\nIf you want to declare a parameter that can dynamically change type use:\n```\nrcl_interfaces::msg::ParameterDescriptor descriptor;\ndescriptor.dynamic_typing = true;\nnode->declare_parameter(name, rclcpp::ParameterValue{}, descriptor);\n``` [[01;35m[K-Wdeprecated-declarations[m[K]
[6.241s]    13 |     this->declare_parameter(PARAM_LEFT_LIDAR_FRAME[01;35m[K)[m[K;
[6.241s]       |                                                   [01;35m[K^[m[K
[6.242s] In file included from [01m[K/opt/ros/galactic/include/rclcpp/executors/single_threaded_executor.hpp:28[m[K,
[6.242s]                  from [01m[K/opt/ros/galactic/include/rclcpp/executors.hpp:22[m[K,
[6.243s]                  from [01m[K/opt/ros/galactic/include/rclcpp/rclcpp.hpp:156[m[K,
[6.243s]                  from [01m[K/home/ubuntu/bags/pc_merger_ws/src/pc_meger/include/mergeClouds.hpp:5[m[K,
[6.243s]                  from [01m[K/home/ubuntu/bags/pc_merger_ws/src/pc_meger/src/mergeClouds.cpp:1[m[K:
[6.244s] [01m[K/opt/ros/galactic/include/rclcpp/node.hpp:422:3:[m[K [01;36m[Knote: [m[Kdeclared here
[6.244s]   422 |   [01;36m[Kdeclare_parameter[m[K(const std::string & name);
[6.245s]       |   [01;36m[K^~~~~~~~~~~~~~~~~[m[K
[6.245s] [01m[K/home/ubuntu/bags/pc_merger_ws/src/pc_meger/src/mergeClouds.cpp:14:52:[m[K [01;35m[Kwarning: [m[K‘[01m[Kconst rclcpp::ParameterValue& rclcpp::Node::declare_parameter(const string&)[m[K’ is deprecated: declare_parameter() with only a name is deprecated and will be deleted in the future.\nIf you want to declare a parameter that won't change type without a default value use:\n`node->declare_parameter<ParameterT>(name)`, where e.g. ParameterT=int64_t.\n\nIf you want to declare a parameter that can dynamically change type use:\n```\nrcl_interfaces::msg::ParameterDescriptor descriptor;\ndescriptor.dynamic_typing = true;\nnode->declare_parameter(name, rclcpp::ParameterValue{}, descriptor);\n``` [[01;35m[K-Wdeprecated-declarations[m[K]
[6.247s]    14 |     this->declare_parameter(PARAM_RIGHT_LIDAR_FRAME[01;35m[K)[m[K;
[6.248s]       |                                                    [01;35m[K^[m[K
[6.250s] In file included from [01m[K/opt/ros/galactic/include/rclcpp/executors/single_threaded_executor.hpp:28[m[K,
[6.251s]                  from [01m[K/opt/ros/galactic/include/rclcpp/executors.hpp:22[m[K,
[6.252s]                  from [01m[K/opt/ros/galactic/include/rclcpp/rclcpp.hpp:156[m[K,
[6.253s]                  from [01m[K/home/ubuntu/bags/pc_merger_ws/src/pc_meger/include/mergeClouds.hpp:5[m[K,
[6.253s]                  from [01m[K/home/ubuntu/bags/pc_merger_ws/src/pc_meger/src/mergeClouds.cpp:1[m[K:
[6.254s] [01m[K/opt/ros/galactic/include/rclcpp/node.hpp:422:3:[m[K [01;36m[Knote: [m[Kdeclared here
[6.254s]   422 |   [01;36m[Kdeclare_parameter[m[K(const std::string & name);
[6.255s]       |   [01;36m[K^~~~~~~~~~~~~~~~~[m[K
[6.256s] [01m[K/home/ubuntu/bags/pc_merger_ws/src/pc_meger/src/mergeClouds.cpp:[m[K In member function ‘[01m[Kvoid PointCloudCombiner::cloudHandler(sensor_msgs::msg::PointCloud2_<std::allocator<void> >::SharedPtr, std::string)[m[K’:
[6.256s] [01m[K/home/ubuntu/bags/pc_merger_ws/src/pc_meger/src/mergeClouds.cpp:103:88:[m[K [01;31m[Kerror: [m[Kno matching function for call to ‘[01m[KtransformPointCloud(std::string&, std::__shared_ptr_access<sensor_msgs::msg::PointCloud2_<std::allocator<void> >, __gnu_cxx::_S_atomic, false, false>::element_type&, std::__shared_ptr_access<sensor_msgs::msg::PointCloud2_<std::allocator<void> >, __gnu_cxx::_S_atomic, false, false>::element_type&, std::shared_ptr<tf2_ros::TransformListener>&)[m[K’
[6.257s]   103 |     pcl_ros::transformPointCloud(front_lidar_frame_, *cloudMsg, *cloudMsg, tf_listener_[01;31m[K)[m[K;
[6.257s]       |                                                                                        [01;31m[K^[m[K
[6.258s] In file included from [01m[K/home/ubuntu/bags/pc_merger_ws/src/pc_meger/include/mergeClouds.hpp:8[m[K,
[6.258s]                  from [01m[K/home/ubuntu/bags/pc_merger_ws/src/pc_meger/src/mergeClouds.cpp:1[m[K:
[6.258s] [01m[K/opt/ros/galactic/include/pcl_ros/transforms.hpp:118:1:[m[K [01;36m[Knote: [m[Kcandidate: ‘[01m[Ktemplate<class PointT> void pcl_ros::transformPointCloud(const pcl::PointCloud<PointT>&, pcl::PointCloud<PointT>&, const tf2::Transform&)[m[K’
[6.259s]   118 | [01;36m[KtransformPointCloud[m[K(
[6.259s]       | [01;36m[K^~~~~~~~~~~~~~~~~~~[m[K
[6.260s] [01m[K/opt/ros/galactic/include/pcl_ros/transforms.hpp:118:1:[m[K [01;36m[Knote: [m[K  template argument deduction/substitution failed:
[6.260s] [01m[K/home/ubuntu/bags/pc_merger_ws/src/pc_meger/src/mergeClouds.cpp:103:88:[m[K [01;36m[Knote: [m[K  ‘[01m[Kstd::string[m[K’ {aka ‘[01m[Kstd::__cxx11::basic_string<char>[m[K’} is not derived from ‘[01m[Kconst pcl::PointCloud<PointT>[m[K’
[6.260s]   103 |     pcl_ros::transformPointCloud(front_lidar_frame_, *cloudMsg, *cloudMsg, tf_listener_[01;36m[K)[m[K;
[6.261s]       |                                                                                        [01;36m[K^[m[K
[6.261s] In file included from [01m[K/home/ubuntu/bags/pc_merger_ws/src/pc_meger/include/mergeClouds.hpp:8[m[K,
[6.262s]                  from [01m[K/home/ubuntu/bags/pc_merger_ws/src/pc_meger/src/mergeClouds.cpp:1[m[K:
[6.262s] [01m[K/opt/ros/galactic/include/pcl_ros/transforms.hpp:131:1:[m[K [01;36m[Knote: [m[Kcandidate: ‘[01m[Ktemplate<class PointT> void pcl_ros::transformPointCloud(const pcl::PointCloud<PointT>&, pcl::PointCloud<PointT>&, const TransformStamped&)[m[K’
[6.263s]   131 | [01;36m[KtransformPointCloud[m[K(
[6.263s]       | [01;36m[K^~~~~~~~~~~~~~~~~~~[m[K
[6.264s] [01m[K/opt/ros/galactic/include/pcl_ros/transforms.hpp:131:1:[m[K [01;36m[Knote: [m[K  template argument deduction/substitution failed:
[6.264s] [01m[K/home/ubuntu/bags/pc_merger_ws/src/pc_meger/src/mergeClouds.cpp:103:88:[m[K [01;36m[Knote: [m[K  ‘[01m[Kstd::string[m[K’ {aka ‘[01m[Kstd::__cxx11::basic_string<char>[m[K’} is not derived from ‘[01m[Kconst pcl::PointCloud<PointT>[m[K’
[6.265s]   103 |     pcl_ros::transformPointCloud(front_lidar_frame_, *cloudMsg, *cloudMsg, tf_listener_[01;36m[K)[m[K;
[6.265s]       |                                                                                        [01;36m[K^[m[K
[6.265s] In file included from [01m[K/home/ubuntu/bags/pc_merger_ws/src/pc_meger/include/mergeClouds.hpp:8[m[K,
[6.266s]                  from [01m[K/home/ubuntu/bags/pc_merger_ws/src/pc_meger/src/mergeClouds.cpp:1[m[K:
[6.266s] [01m[K/opt/ros/galactic/include/pcl_ros/transforms.hpp:144:1:[m[K [01;36m[Knote: [m[Kcandidate: ‘[01m[Ktemplate<class PointT> bool pcl_ros::transformPointCloud(const string&, const pcl::PointCloud<PointT>&, pcl::PointCloud<PointT>&, const tf2_ros::Buffer&)[m[K’
[6.267s]   144 | [01;36m[KtransformPointCloud[m[K(
[6.267s]       | [01;36m[K^~~~~~~~~~~~~~~~~~~[m[K
[6.268s] [01m[K/opt/ros/galactic/include/pcl_ros/transforms.hpp:144:1:[m[K [01;36m[Knote: [m[K  template argument deduction/substitution failed:
[6.268s] [01m[K/home/ubuntu/bags/pc_merger_ws/src/pc_meger/src/mergeClouds.cpp:103:88:[m[K [01;36m[Knote: [m[K  ‘[01m[Kstd::__shared_ptr_access<sensor_msgs::msg::PointCloud2_<std::allocator<void> >, __gnu_cxx::_S_atomic, false, false>::element_type[m[K’ {aka ‘[01m[Ksensor_msgs::msg::PointCloud2_<std::allocator<void> >[m[K’} is not derived from ‘[01m[Kconst pcl::PointCloud<PointT>[m[K’
[6.269s]   103 |     pcl_ros::transformPointCloud(front_lidar_frame_, *cloudMsg, *cloudMsg, tf_listener_[01;36m[K)[m[K;
[6.269s]       |                                                                                        [01;36m[K^[m[K
[6.270s] In file included from [01m[K/home/ubuntu/bags/pc_merger_ws/src/pc_meger/include/mergeClouds.hpp:8[m[K,
[6.270s]                  from [01m[K/home/ubuntu/bags/pc_merger_ws/src/pc_meger/src/mergeClouds.cpp:1[m[K:
[6.271s] [01m[K/opt/ros/galactic/include/pcl_ros/transforms.hpp:160:1:[m[K [01;36m[Knote: [m[Kcandidate: ‘[01m[Ktemplate<class PointT> bool pcl_ros::transformPointCloud(const string&, const rclcpp::Time&, const pcl::PointCloud<PointT>&, const string&, pcl::PointCloud<PointT>&, const tf2_ros::Buffer&)[m[K’
[6.271s]   160 | [01;36m[KtransformPointCloud[m[K(
[6.272s]       | [01;36m[K^~~~~~~~~~~~~~~~~~~[m[K
[6.272s] [01m[K/opt/ros/galactic/include/pcl_ros/transforms.hpp:160:1:[m[K [01;36m[Knote: [m[K  template argument deduction/substitution failed:
[6.273s] [01m[K/home/ubuntu/bags/pc_merger_ws/src/pc_meger/src/mergeClouds.cpp:103:88:[m[K [01;36m[Knote: [m[K  ‘[01m[Kstd::__shared_ptr_access<sensor_msgs::msg::PointCloud2_<std::allocator<void> >, __gnu_cxx::_S_atomic, false, false>::element_type[m[K’ {aka ‘[01m[Ksensor_msgs::msg::PointCloud2_<std::allocator<void> >[m[K’} is not derived from ‘[01m[Kconst pcl::PointCloud<PointT>[m[K’
[6.273s]   103 |     pcl_ros::transformPointCloud(front_lidar_frame_, *cloudMsg, *cloudMsg, tf_listener_[01;36m[K)[m[K;
[6.274s]       |                                                                                        [01;36m[K^[m[K
[6.274s] In file included from [01m[K/home/ubuntu/bags/pc_merger_ws/src/pc_meger/include/mergeClouds.hpp:8[m[K,
[6.275s]                  from [01m[K/home/ubuntu/bags/pc_merger_ws/src/pc_meger/src/mergeClouds.cpp:1[m[K:
[6.275s] [01m[K/opt/ros/galactic/include/pcl_ros/transforms.hpp:175:1:[m[K [01;36m[Knote: [m[Kcandidate: ‘[01m[Kbool pcl_ros::transformPointCloud(const string&, const PointCloud2&, sensor_msgs::msg::PointCloud2&, const tf2_ros::Buffer&)[m[K’
[6.275s]   175 | [01;36m[KtransformPointCloud[m[K(
[6.276s]       | [01;36m[K^~~~~~~~~~~~~~~~~~~[m[K
[6.276s] [01m[K/opt/ros/galactic/include/pcl_ros/transforms.hpp:179:27:[m[K [01;36m[Knote: [m[K  no known conversion for argument 4 from ‘[01m[Kstd::shared_ptr<tf2_ros::TransformListener>[m[K’ to ‘[01m[Kconst tf2_ros::Buffer&[m[K’
[6.277s]   179 |   [01;36m[Kconst tf2_ros::Buffer & tf_buffer[m[K);
[6.278s]       |   [01;36m[K~~~~~~~~~~~~~~~~~~~~~~~~^~~~~~~~~[m[K
[6.278s] [01m[K/opt/ros/galactic/include/pcl_ros/transforms.hpp:188:1:[m[K [01;36m[Knote: [m[Kcandidate: ‘[01m[Kvoid pcl_ros::transformPointCloud(const string&, const tf2::Transform&, const PointCloud2&, sensor_msgs::msg::PointCloud2&)[m[K’
[6.280s]   188 | [01;36m[KtransformPointCloud[m[K(
[6.282s]       | [01;36m[K^~~~~~~~~~~~~~~~~~~[m[K
[6.284s] [01m[K/opt/ros/galactic/include/pcl_ros/transforms.hpp:190:26:[m[K [01;36m[Knote: [m[K  no known conversion for argument 2 from ‘[01m[Kstd::__shared_ptr_access<sensor_msgs::msg::PointCloud2_<std::allocator<void> >, __gnu_cxx::_S_atomic, false, false>::element_type[m[K’ {aka ‘[01m[Ksensor_msgs::msg::PointCloud2_<std::allocator<void> >[m[K’} to ‘[01m[Kconst tf2::Transform&[m[K’
[6.284s]   190 |   [01;36m[Kconst tf2::Transform & net_transform[m[K,
[6.284s]       |   [01;36m[K~~~~~~~~~~~~~~~~~~~~~~~^~~~~~~~~~~~~[m[K
[6.285s] [01m[K/opt/ros/galactic/include/pcl_ros/transforms.hpp:201:1:[m[K [01;36m[Knote: [m[Kcandidate: ‘[01m[Kvoid pcl_ros::transformPointCloud(const string&, const TransformStamped&, const PointCloud2&, sensor_msgs::msg::PointCloud2&)[m[K’
[6.286s]   201 | [01;36m[KtransformPointCloud[m[K(
[6.287s]       | [01;36m[K^~~~~~~~~~~~~~~~~~~[m[K
[6.288s] [01m[K/opt/ros/galactic/include/pcl_ros/transforms.hpp:203:48:[m[K [01;36m[Knote: [m[K  no known conversion for argument 2 from ‘[01m[Kstd::__shared_ptr_access<sensor_msgs::msg::PointCloud2_<std::allocator<void> >, __gnu_cxx::_S_atomic, false, false>::element_type[m[K’ {aka ‘[01m[Ksensor_msgs::msg::PointCloud2_<std::allocator<void> >[m[K’} to ‘[01m[Kconst TransformStamped&[m[K’ {aka ‘[01m[Kconst geometry_msgs::msg::TransformStamped_<std::allocator<void> >&[m[K’}
[6.288s]   203 |   [01;36m[Kconst geometry_msgs::msg::TransformStamped & net_transform[m[K,
[6.289s]       |   [01;36m[K~~~~~~~~~~~~~~~~~~~~~~~~~~~~~~~~~~~~~~~~~~~~~^~~~~~~~~~~~~[m[K
[6.289s] [01m[K/opt/ros/galactic/include/pcl_ros/transforms.hpp:213:1:[m[K [01;36m[Knote: [m[Kcandidate: ‘[01m[Kvoid pcl_ros::transformPointCloud(const Matrix4f&, const PointCloud2&, sensor_msgs::msg::PointCloud2&)[m[K’
[6.289s]   213 | [01;36m[KtransformPointCloud[m[K(
[6.290s]       | [01;36m[K^~~~~~~~~~~~~~~~~~~[m[K
[6.291s] [01m[K/opt/ros/galactic/include/pcl_ros/transforms.hpp:213:1:[m[K [01;36m[Knote: [m[K  candidate expects 3 arguments, 4 provided
[6.291s] [01m[K/home/ubuntu/bags/pc_merger_ws/src/pc_meger/src/mergeClouds.cpp:[m[K In member function ‘[01m[Kvoid PointCloudCombiner::publishCombinedPointCloud(rclcpp::Time)[m[K’:
[6.292s] [01m[K/home/ubuntu/bags/pc_merger_ws/src/pc_meger/src/mergeClouds.cpp:116:6:[m[K [01;31m[Kerror: [m[K‘[01m[Kmerged_cloud[m[K’ was not declared in this scope; did you mean ‘[01m[Kmerged_cloud_[m[K’?
[6.292s]   116 |     *[01;31m[Kmerged_cloud[m[K += *right_cloud_;
[6.292s]       |      [01;31m[K^~~~~~~~~~~~[m[K
[6.293s]       |      [32m[Kmerged_cloud_[m[K
[6.293s] [01m[K/home/ubuntu/bags/pc_merger_ws/src/pc_meger/src/mergeClouds.cpp:120:20:[m[K [01;31m[Kerror: [m[K‘[01m[Kcombined_point_cloud_[m[K’ was not declared in this scope
[6.294s]   120 |     pcl::toROSMsg(*[01;31m[Kcombined_point_cloud_[m[K, combined_msg);
[6.294s]       |                    [01;31m[K^~~~~~~~~~~~~~~~~~~~~[m[K
[6.295s] [01m[K/home/ubuntu/bags/pc_merger_ws/src/pc_meger/src/mergeClouds.cpp:123:34:[m[K [01;31m[Kerror: [m[Kno match for ‘[01m[Koperator*[m[K’ (operand type is ‘[01m[Ksensor_msgs::msg::PointCloud2[m[K’ {aka ‘[01m[Ksensor_msgs::msg::PointCloud2_<std::allocator<void> >[m[K’})
[6.295s]   123 |     combined_publisher_->publish([01;31m[K*combined_msg[m[K);
[6.296s]       |                                  [01;31m[K^~~~~~~~~~~~~[m[K
[6.296s] In file included from [01m[K/usr/include/eigen3/Eigen/Core:96[m[K,
[6.297s]                  from [01m[K/usr/include/eigen3/Eigen/StdVector:14[m[K,
[6.297s]                  from [01m[K/usr/include/pcl-1.10/pcl/point_cloud.h:45[m[K,
[6.298s]                  from [01m[K/usr/include/pcl-1.10/pcl/common/transforms.h:42[m[K,
[6.298s]                  from [01m[K/opt/ros/galactic/include/pcl_ros/transforms.hpp:40[m[K,
[6.298s]                  from [01m[K/home/ubuntu/bags/pc_merger_ws/src/pc_meger/include/mergeClouds.hpp:8[m[K,
[6.299s]                  from [01m[K/home/ubuntu/bags/pc_merger_ws/src/pc_meger/src/mergeClouds.cpp:1[m[K:
[6.299s] [01m[K/usr/include/c++/9/complex:391:5:[m[K [01;36m[Knote: [m[Kcandidate: ‘[01m[Ktemplate<class _Tp> std::complex<_Tp> std::operator*(const std::complex<_Tp>&, const std::complex<_Tp>&)[m[K’
[6.300s]   391 |     [01;36m[Koperator[m[K*(const complex<_Tp>& __x, const complex<_Tp>& __y)
[6.300s]       |     [01;36m[K^~~~~~~~[m[K
[6.301s] [01m[K/usr/include/c++/9/complex:391:5:[m[K [01;36m[Knote: [m[K  template argument deduction/substitution failed:
[6.301s] [01m[K/home/ubuntu/bags/pc_merger_ws/src/pc_meger/src/mergeClouds.cpp:123:35:[m[K [01;36m[Knote: [m[K  ‘[01m[Ksensor_msgs::msg::PointCloud2[m[K’ {aka ‘[01m[Ksensor_msgs::msg::PointCloud2_<std::allocator<void> >[m[K’} is not derived from ‘[01m[Kconst std::complex<_Tp>[m[K’
[6.301s]   123 |     combined_publisher_->publish(*[01;36m[Kcombined_msg[m[K);
[6.302s]       |                                   [01;36m[K^~~~~~~~~~~~[m[K
[6.302s] In file included from [01m[K/usr/include/eigen3/Eigen/Core:96[m[K,
[6.303s]                  from [01m[K/usr/include/eigen3/Eigen/StdVector:14[m[K,
[6.303s]                  from [01m[K/usr/include/pcl-1.10/pcl/point_cloud.h:45[m[K,
[6.304s]                  from [01m[K/usr/include/pcl-1.10/pcl/common/transforms.h:42[m[K,
[6.304s]                  from [01m[K/opt/ros/galactic/include/pcl_ros/transforms.hpp:40[m[K,
[6.305s]                  from [01m[K/home/ubuntu/bags/pc_merger_ws/src/pc_meger/include/mergeClouds.hpp:8[m[K,
[6.305s]                  from [01m[K/home/ubuntu/bags/pc_merger_ws/src/pc_meger/src/mergeClouds.cpp:1[m[K:
[6.306s] [01m[K/usr/include/c++/9/complex:400:5:[m[K [01;36m[Knote: [m[Kcandidate: ‘[01m[Ktemplate<class _Tp> std::complex<_Tp> std::operator*(const std::complex<_Tp>&, const _Tp&)[m[K’
[6.306s]   400 |     [01;36m[Koperator[m[K*(const complex<_Tp>& __x, const _Tp& __y)
[6.306s]       |     [01;36m[K^~~~~~~~[m[K
[6.307s] [01m[K/usr/include/c++/9/complex:400:5:[m[K [01;36m[Knote: [m[K  template argument deduction/substitution failed:
[6.307s] [01m[K/home/ubuntu/bags/pc_merger_ws/src/pc_meger/src/mergeClouds.cpp:123:35:[m[K [01;36m[Knote: [m[K  ‘[01m[Ksensor_msgs::msg::PointCloud2[m[K’ {aka ‘[01m[Ksensor_msgs::msg::PointCloud2_<std::allocator<void> >[m[K’} is not derived from ‘[01m[Kconst std::complex<_Tp>[m[K’
[6.308s]   123 |     combined_publisher_->publish(*[01;36m[Kcombined_msg[m[K);
[6.308s]       |                                   [01;36m[K^~~~~~~~~~~~[m[K
[6.309s] In file included from [01m[K/usr/include/eigen3/Eigen/Core:96[m[K,
[6.309s]                  from [01m[K/usr/include/eigen3/Eigen/StdVector:14[m[K,
[6.310s]                  from [01m[K/usr/include/pcl-1.10/pcl/point_cloud.h:45[m[K,
[6.310s]                  from [01m[K/usr/include/pcl-1.10/pcl/common/transforms.h:42[m[K,
[6.312s]                  from [01m[K/opt/ros/galactic/include/pcl_ros/transforms.hpp:40[m[K,
[6.316s]                  from [01m[K/home/ubuntu/bags/pc_merger_ws/src/pc_meger/include/mergeClouds.hpp:8[m[K,
[6.317s]                  from [01m[K/home/ubuntu/bags/pc_merger_ws/src/pc_meger/src/mergeClouds.cpp:1[m[K:
[6.318s] [01m[K/usr/include/c++/9/complex:409:5:[m[K [01;36m[Knote: [m[Kcandidate: ‘[01m[Ktemplate<class _Tp> std::complex<_Tp> std::operator*(const _Tp&, const std::complex<_Tp>&)[m[K’
[6.319s]   409 |     [01;36m[Koperator[m[K*(const _Tp& __x, const complex<_Tp>& __y)
[6.319s]       |     [01;36m[K^~~~~~~~[m[K
[6.320s] [01m[K/usr/include/c++/9/complex:409:5:[m[K [01;36m[Knote: [m[K  template argument deduction/substitution failed:
[6.320s] [01m[K/home/ubuntu/bags/pc_merger_ws/src/pc_meger/src/mergeClouds.cpp:123:35:[m[K [01;36m[Knote: [m[K  candidate expects 2 arguments, 1 provided
[6.321s]   123 |     combined_publisher_->publish(*[01;36m[Kcombined_msg[m[K);
[6.321s]       |                                   [01;36m[K^~~~~~~~~~~~[m[K
[6.322s] [01m[K/home/ubuntu/bags/pc_merger_ws/src/pc_meger/src/mergeClouds.cpp:[m[K In function ‘[01m[Kint main(int, char**)[m[K’:
[6.322s] [01m[K/home/ubuntu/bags/pc_merger_ws/src/pc_meger/src/mergeClouds.cpp:128:33:[m[K [01;31m[Kerror: [m[K‘[01m[KPointCloudCombinerNode[m[K’ was not declared in this scope; did you mean ‘[01m[KPointCloudCombiner[m[K’?
[6.323s]   128 |   rclcpp::spin(std::make_shared<[01;31m[KPointCloudCombinerNode[m[K>("point_cloud_combiner"));
[6.323s]       |                                 [01;31m[K^~~~~~~~~~~~~~~~~~~~~~[m[K
[6.324s]       |                                 [32m[KPointCloudCombiner[m[K
[6.324s] [01m[K/home/ubuntu/bags/pc_merger_ws/src/pc_meger/src/mergeClouds.cpp:128:79:[m[K [01;31m[Kerror: [m[Kno matching function for call to ‘[01m[Kmake_shared<<expression error> >(const char [21])[m[K’
[6.325s]   128 |   rclcpp::spin(std::make_shared<PointCloudCombinerNode>("point_cloud_combiner"[01;31m[K)[m[K);
[6.325s]       |                                                                               [01;31m[K^[m[K
[6.326s] In file included from [01m[K/usr/include/c++/9/memory:81[m[K,
[6.326s]                  from [01m[K/opt/ros/galactic/include/rclcpp/rclcpp.hpp:154[m[K,
[6.326s]                  from [01m[K/home/ubuntu/bags/pc_merger_ws/src/pc_meger/include/mergeClouds.hpp:5[m[K,
[6.327s]                  from [01m[K/home/ubuntu/bags/pc_merger_ws/src/pc_meger/src/mergeClouds.cpp:1[m[K:
[6.327s] [01m[K/usr/include/c++/9/bits/shared_ptr.h:714:5:[m[K [01;36m[Knote: [m[Kcandidate: ‘[01m[Ktemplate<class _Tp, class ... _Args> std::shared_ptr<_Tp> std::make_shared(_Args&& ...)[m[K’
[6.328s]   714 |     [01;36m[Kmake_shared[m[K(_Args&&... __args)
[6.328s]       |     [01;36m[K^~~~~~~~~~~[m[K
[6.329s] [01m[K/usr/include/c++/9/bits/shared_ptr.h:714:5:[m[K [01;36m[Knote: [m[K  template argument deduction/substitution failed:
[6.329s] [01m[K/home/ubuntu/bags/pc_merger_ws/src/pc_meger/src/mergeClouds.cpp:128:79:[m[K [01;31m[Kerror: [m[Ktemplate argument 1 is invalid
[6.330s]   128 |   rclcpp::spin(std::make_shared<PointCloudCombinerNode>("point_cloud_combiner"[01;31m[K)[m[K);
[6.330s]       |                                                                               [01;31m[K^[m[K
[8.487s] In file included from [01m[K/opt/ros/galactic/include/rclcpp/subscription_base.hpp:29[m[K,
[8.488s]                  from [01m[K/opt/ros/galactic/include/rclcpp/callback_group.hpp:26[m[K,
[8.489s]                  from [01m[K/opt/ros/galactic/include/rclcpp/any_executable.hpp:20[m[K,
[8.489s]                  from [01m[K/opt/ros/galactic/include/rclcpp/memory_strategy.hpp:25[m[K,
[8.490s]                  from [01m[K/opt/ros/galactic/include/rclcpp/memory_strategies.hpp:18[m[K,
[8.491s]                  from [01m[K/opt/ros/galactic/include/rclcpp/executor_options.hpp:20[m[K,
[8.491s]                  from [01m[K/opt/ros/galactic/include/rclcpp/executor.hpp:36[m[K,
[8.492s]                  from [01m[K/opt/ros/galactic/include/rclcpp/executors/multi_threaded_executor.hpp:26[m[K,
[8.492s]                  from [01m[K/opt/ros/galactic/include/rclcpp/executors.hpp:21[m[K,
[8.494s]                  from [01m[K/opt/ros/galactic/include/rclcpp/rclcpp.hpp:156[m[K,
[8.495s]                  from [01m[K/home/ubuntu/bags/pc_merger_ws/src/pc_meger/include/mergeClouds.hpp:5[m[K,
[8.496s]                  from [01m[K/home/ubuntu/bags/pc_merger_ws/src/pc_meger/src/mergeClouds.cpp:1[m[K:
[8.496s] /opt/ros/galactic/include/rclcpp/any_subscription_callback.hpp: In instantiation of ‘[01m[Krclcpp::AnySubscriptionCallback<MessageT, AllocatorT> rclcpp::AnySubscriptionCallback<MessageT, AllocatorT>::set(CallbackT) [with CallbackT = std::_Bind<void (PointCloudCombiner::*(PointCloudCombiner*, std::_Placeholder<1>, std::__cxx11::basic_string<char>))(std::shared_ptr<sensor_msgs::msg::PointCloud2_<std::allocator<void> > >, std::__cxx11::basic_string<char>)>; MessageT = sensor_msgs::msg::PointCloud2_<std::allocator<void> >; AllocatorT = std::allocator<void>][m[K’:
[8.498s] [01m[K/opt/ros/galactic/include/rclcpp/subscription_factory.hpp:97:3:[m[K   required from ‘[01m[Krclcpp::SubscriptionFactory rclcpp::create_subscription_factory(CallbackT&&, const rclcpp::SubscriptionOptionsWithAllocator<AllocatorT>&, typename MessageMemoryStrategyT::SharedPtr, std::shared_ptr<rclcpp::topic_statistics::SubscriptionTopicStatistics<CallbackMessageT> >) [with MessageT = sensor_msgs::msg::PointCloud2_<std::allocator<void> >; CallbackT = std::_Bind<void (PointCloudCombiner::*(PointCloudCombiner*, std::_Placeholder<1>, std::__cxx11::basic_string<char>))(std::shared_ptr<sensor_msgs::msg::PointCloud2_<std::allocator<void> > >, std::__cxx11::basic_string<char>)>; AllocatorT = std::allocator<void>; CallbackMessageT = sensor_msgs::msg::PointCloud2_<std::allocator<void> >; SubscriptionT = rclcpp::Subscription<sensor_msgs::msg::PointCloud2_<std::allocator<void> > >; MessageMemoryStrategyT = rclcpp::message_memory_strategy::MessageMemoryStrategy<sensor_msgs::msg::PointCloud2_<std::allocator<void> >, std::allocator<void> >; typename MessageMemoryStrategyT::SharedPtr = std::shared_ptr<rclcpp::message_memory_strategy::MessageMemoryStrategy<sensor_msgs::msg::PointCloud2_<std::allocator<void> >, std::allocator<void> > >][m[K’
[8.498s] [01m[K/opt/ros/galactic/include/rclcpp/create_subscription.hpp:122:63:[m[K   required from ‘[01m[Kstd::shared_ptr<SubscriptionT> rclcpp::detail::create_subscription(NodeParametersT&, NodeTopicsT&, const string&, const rclcpp::QoS&, CallbackT&&, const rclcpp::SubscriptionOptionsWithAllocator<AllocatorT>&, typename MessageMemoryStrategyT::SharedPtr) [with MessageT = sensor_msgs::msg::PointCloud2_<std::allocator<void> >; CallbackT = std::_Bind<void (PointCloudCombiner::*(PointCloudCombiner*, std::_Placeholder<1>, std::__cxx11::basic_string<char>))(std::shared_ptr<sensor_msgs::msg::PointCloud2_<std::allocator<void> > >, std::__cxx11::basic_string<char>)>; AllocatorT = std::allocator<void>; CallbackMessageT = sensor_msgs::msg::PointCloud2_<std::allocator<void> >; SubscriptionT = rclcpp::Subscription<sensor_msgs::msg::PointCloud2_<std::allocator<void> > >; MessageMemoryStrategyT = rclcpp::message_memory_strategy::MessageMemoryStrategy<sensor_msgs::msg::PointCloud2_<std::allocator<void> >, std::allocator<void> >; NodeParametersT = rclcpp::Node; NodeTopicsT = rclcpp::Node; std::string = std::__cxx11::basic_string<char>; typename MessageMemoryStrategyT::SharedPtr = std::shared_ptr<rclcpp::message_memory_strategy::MessageMemoryStrategy<sensor_msgs::msg::PointCloud2_<std::allocator<void> >, std::allocator<void> > >][m[K’
[8.499s] [01m[K/opt/ros/galactic/include/rclcpp/create_subscription.hpp:197:94:[m[K   required from ‘[01m[Kstd::shared_ptr<SubscriptionT> rclcpp::create_subscription(NodeT&, const string&, const rclcpp::QoS&, CallbackT&&, const rclcpp::SubscriptionOptionsWithAllocator<AllocatorT>&, typename MessageMemoryStrategyT::SharedPtr) [with MessageT = sensor_msgs::msg::PointCloud2_<std::allocator<void> >; CallbackT = std::_Bind<void (PointCloudCombiner::*(PointCloudCombiner*, std::_Placeholder<1>, std::__cxx11::basic_string<char>))(std::shared_ptr<sensor_msgs::msg::PointCloud2_<std::allocator<void> > >, std::__cxx11::basic_string<char>)>; AllocatorT = std::allocator<void>; CallbackMessageT = sensor_msgs::msg::PointCloud2_<std::allocator<void> >; SubscriptionT = rclcpp::Subscription<sensor_msgs::msg::PointCloud2_<std::allocator<void> > >; MessageMemoryStrategyT = rclcpp::message_memory_strategy::MessageMemoryStrategy<sensor_msgs::msg::PointCloud2_<std::allocator<void> >, std::allocator<void> >; NodeT = rclcpp::Node; std::string = std::__cxx11::basic_string<char>; typename MessageMemoryStrategyT::SharedPtr = std::shared_ptr<rclcpp::message_memory_strategy::MessageMemoryStrategy<sensor_msgs::msg::PointCloud2_<std::allocator<void> >, std::allocator<void> > >][m[K’
[8.499s] [01m[K/opt/ros/galactic/include/rclcpp/node_impl.hpp:100:47:[m[K   required from ‘[01m[Kstd::shared_ptr<SubscriptionT> rclcpp::Node::create_subscription(const string&, const rclcpp::QoS&, CallbackT&&, const rclcpp::SubscriptionOptionsWithAllocator<AllocatorT>&, typename MessageMemoryStrategyT::SharedPtr) [with MessageT = sensor_msgs::msg::PointCloud2_<std::allocator<void> >; CallbackT = std::_Bind<void (PointCloudCombiner::*(PointCloudCombiner*, std::_Placeholder<1>, std::__cxx11::basic_string<char>))(std::shared_ptr<sensor_msgs::msg::PointCloud2_<std::allocator<void> > >, std::__cxx11::basic_string<char>)>; AllocatorT = std::allocator<void>; CallbackMessageT = sensor_msgs::msg::PointCloud2_<std::allocator<void> >; SubscriptionT = rclcpp::Subscription<sensor_msgs::msg::PointCloud2_<std::allocator<void> > >; MessageMemoryStrategyT = rclcpp::message_memory_strategy::MessageMemoryStrategy<sensor_msgs::msg::PointCloud2_<std::allocator<void> >, std::allocator<void> >; std::string = std::__cxx11::basic_string<char>; typename MessageMemoryStrategyT::SharedPtr = std::shared_ptr<rclcpp::message_memory_strategy::MessageMemoryStrategy<sensor_msgs::msg::PointCloud2_<std::allocator<void> >, std::allocator<void> > >][m[K’
[8.500s] [01m[K/home/ubuntu/bags/pc_merger_ws/src/pc_meger/src/mergeClouds.cpp:53:129:[m[K   required from here
[8.501s] [01m[K/opt/ros/galactic/include/rclcpp/any_subscription_callback.hpp:185:25:[m[K [01;31m[Kerror: [m[Kno match for ‘[01m[Koperator=[m[K’ (operand types are ‘[01m[Krclcpp::detail::AnySubscriptionCallbackHelper<sensor_msgs::msg::PointCloud2_<std::allocator<void> >, std::allocator<void> >::variant_type[m[K’ {aka ‘[01m[Kstd::variant<std::function<void(const sensor_msgs::msg::PointCloud2_<std::allocator<void> >&)>, std::function<void(const sensor_msgs::msg::PointCloud2_<std::allocator<void> >&, const rclcpp::MessageInfo&)>, std::function<void(std::unique_ptr<sensor_msgs::msg::PointCloud2_<std::allocator<void> >, std::default_delete<sensor_msgs::msg::PointCloud2_<std::allocator<void> > > >)>, std::function<void(std::unique_ptr<sensor_msgs::msg::PointCloud2_<std::allocator<void> >, std::default_delete<sensor_msgs::msg::PointCloud2_<std::allocator<void> > > >, const rclcpp::MessageInfo&)>, std::function<void(std::shared_ptr<const sensor_msgs::msg::PointCloud2_<std::allocator<void> > >)>, std::function<void(std::shared_ptr<const sensor_msgs::msg::PointCloud2_<std::allocator<void> > >, const rclcpp::MessageInfo&)>, std::function<void(const std::shared_ptr<const sensor_msgs::msg::PointCloud2_<std::allocator<void> > >&)>, std::function<void(const std::shared_ptr<const sensor_msgs::msg::PointCloud2_<std::allocator<void> > >&, const rclcpp::MessageInfo&)>, std::function<void(std::shared_ptr<sensor_msgs::msg::PointCloud2_<std::allocator<void> > >)>, std::function<void(std::shared_ptr<sensor_msgs::msg::PointCloud2_<std::allocator<void> > >, const rclcpp::MessageInfo&)> >[m[K’} and ‘[01m[Krclcpp::detail::SubscriptionCallbackTypeHelper<sensor_msgs::msg::PointCloud2_<std::allocator<void> >, std::_Bind<void (PointCloudCombiner::*(PointCloudCombiner*, std::_Placeholder<1>, std::__cxx11::basic_string<char>))(std::shared_ptr<sensor_msgs::msg::PointCloud2_<std::allocator<void> > >, std::__cxx11::basic_string<char>)>, void>::callback_type[m[K’ {aka ‘[01m[Kstd::function<void(std::shared_ptr<sensor_msgs::msg::PointCloud2_<std::allocator<void> > >, std::__cxx11::basic_string<char>)>[m[K’})
[8.501s]   185 |       [01;31m[Kcallback_variant_ = static_cast<typename scbth::callback_type>(callback)[m[K;
[8.502s]       |       [01;31m[K~~~~~~~~~~~~~~~~~~^~~~~~~~~~~~~~~~~~~~~~~~~~~~~~~~~~~~~~~~~~~~~~~~~~~~~~[m[K
[8.502s] In file included from [01m[K/opt/ros/galactic/include/rclcpp/any_subscription_callback.hpp:23[m[K,
[8.502s]                  from [01m[K/opt/ros/galactic/include/rclcpp/subscription_base.hpp:29[m[K,
[8.504s]                  from [01m[K/opt/ros/galactic/include/rclcpp/callback_group.hpp:26[m[K,
[8.506s]                  from [01m[K/opt/ros/galactic/include/rclcpp/any_executable.hpp:20[m[K,
[8.507s]                  from [01m[K/opt/ros/galactic/include/rclcpp/memory_strategy.hpp:25[m[K,
[8.508s]                  from [01m[K/opt/ros/galactic/include/rclcpp/memory_strategies.hpp:18[m[K,
[8.508s]                  from [01m[K/opt/ros/galactic/include/rclcpp/executor_options.hpp:20[m[K,
[8.509s]                  from [01m[K/opt/ros/galactic/include/rclcpp/executor.hpp:36[m[K,
[8.510s]                  from [01m[K/opt/ros/galactic/include/rclcpp/executors/multi_threaded_executor.hpp:26[m[K,
[8.510s]                  from [01m[K/opt/ros/galactic/include/rclcpp/executors.hpp:21[m[K,
[8.511s]                  from [01m[K/opt/ros/galactic/include/rclcpp/rclcpp.hpp:156[m[K,
[8.511s]                  from [01m[K/home/ubuntu/bags/pc_merger_ws/src/pc_meger/include/mergeClouds.hpp:5[m[K,
[8.512s]                  from [01m[K/home/ubuntu/bags/pc_merger_ws/src/pc_meger/src/mergeClouds.cpp:1[m[K:
[8.512s] [01m[K/usr/include/c++/9/variant:1299:16:[m[K [01;36m[Knote: [m[Kcandidate: ‘[01m[Kstd::variant<_Types>& std::variant<_Types>::operator=(const std::variant<_Types>&) [with _Types = {std::function<void(const sensor_msgs::msg::PointCloud2_<std::allocator<void> >&)>, std::function<void(const sensor_msgs::msg::PointCloud2_<std::allocator<void> >&, const rclcpp::MessageInfo&)>, std::function<void(std::unique_ptr<sensor_msgs::msg::PointCloud2_<std::allocator<void> >, std::default_delete<sensor_msgs::msg::PointCloud2_<std::allocator<void> > > >)>, std::function<void(std::unique_ptr<sensor_msgs::msg::PointCloud2_<std::allocator<void> >, std::default_delete<sensor_msgs::msg::PointCloud2_<std::allocator<void> > > >, const rclcpp::MessageInfo&)>, std::function<void(std::shared_ptr<const sensor_msgs::msg::PointCloud2_<std::allocator<void> > >)>, std::function<void(std::shared_ptr<const sensor_msgs::msg::PointCloud2_<std::allocator<void> > >, const rclcpp::MessageInfo&)>, std::function<void(const std::shared_ptr<const sensor_msgs::msg::PointCloud2_<std::allocator<void> > >&)>, std::function<void(const std::shared_ptr<const sensor_msgs::msg::PointCloud2_<std::allocator<void> > >&, const rclcpp::MessageInfo&)>, std::function<void(std::shared_ptr<sensor_msgs::msg::PointCloud2_<std::allocator<void> > >)>, std::function<void(std::shared_ptr<sensor_msgs::msg::PointCloud2_<std::allocator<void> > >, const rclcpp::MessageInfo&)>}][m[K’
[8.513s]  1299 |       variant& [01;36m[Koperator[m[K=(const variant&) = default;
[8.513s]       |                [01;36m[K^~~~~~~~[m[K
[8.514s] [01m[K/usr/include/c++/9/variant:1299:26:[m[K [01;36m[Knote: [m[K  no known conversion for argument 1 from ‘[01m[Krclcpp::detail::SubscriptionCallbackTypeHelper<sensor_msgs::msg::PointCloud2_<std::allocator<void> >, std::_Bind<void (PointCloudCombiner::*(PointCloudCombiner*, std::_Placeholder<1>, std::__cxx11::basic_string<char>))(std::shared_ptr<sensor_msgs::msg::PointCloud2_<std::allocator<void> > >, std::__cxx11::basic_string<char>)>, void>::callback_type[m[K’ {aka ‘[01m[Kstd::function<void(std::shared_ptr<sensor_msgs::msg::PointCloud2_<std::allocator<void> > >, std::__cxx11::basic_string<char>)>[m[K’} to ‘[01m[Kconst std::variant<std::function<void(const sensor_msgs::msg::PointCloud2_<std::allocator<void> >&)>, std::function<void(const sensor_msgs::msg::PointCloud2_<std::allocator<void> >&, const rclcpp::MessageInfo&)>, std::function<void(std::unique_ptr<sensor_msgs::msg::PointCloud2_<std::allocator<void> >, std::default_delete<sensor_msgs::msg::PointCloud2_<std::allocator<void> > > >)>, std::function<void(std::unique_ptr<sensor_msgs::msg::PointCloud2_<std::allocator<void> >, std::default_delete<sensor_msgs::msg::PointCloud2_<std::allocator<void> > > >, const rclcpp::MessageInfo&)>, std::function<void(std::shared_ptr<const sensor_msgs::msg::PointCloud2_<std::allocator<void> > >)>, std::function<void(std::shared_ptr<const sensor_msgs::msg::PointCloud2_<std::allocator<void> > >, const rclcpp::MessageInfo&)>, std::function<void(const std::shared_ptr<const sensor_msgs::msg::PointCloud2_<std::allocator<void> > >&)>, std::function<void(const std::shared_ptr<const sensor_msgs::msg::PointCloud2_<std::allocator<void> > >&, const rclcpp::MessageInfo&)>, std::function<void(std::shared_ptr<sensor_msgs::msg::PointCloud2_<std::allocator<void> > >)>, std::function<void(std::shared_ptr<sensor_msgs::msg::PointCloud2_<std::allocator<void> > >, const rclcpp::MessageInfo&)> >&[m[K’
[8.514s]  1299 |       variant& operator=([01;36m[Kconst variant&[m[K) = default;
[8.515s]       |                          [01;36m[K^~~~~~~~~~~~~~[m[K
[8.515s] [01m[K/usr/include/c++/9/variant:1300:16:[m[K [01;36m[Knote: [m[Kcandidate: ‘[01m[Kstd::variant<_Types>& std::variant<_Types>::operator=(std::variant<_Types>&&) [with _Types = {std::function<void(const sensor_msgs::msg::PointCloud2_<std::allocator<void> >&)>, std::function<void(const sensor_msgs::msg::PointCloud2_<std::allocator<void> >&, const rclcpp::MessageInfo&)>, std::function<void(std::unique_ptr<sensor_msgs::msg::PointCloud2_<std::allocator<void> >, std::default_delete<sensor_msgs::msg::PointCloud2_<std::allocator<void> > > >)>, std::function<void(std::unique_ptr<sensor_msgs::msg::PointCloud2_<std::allocator<void> >, std::default_delete<sensor_msgs::msg::PointCloud2_<std::allocator<void> > > >, const rclcpp::MessageInfo&)>, std::function<void(std::shared_ptr<const sensor_msgs::msg::PointCloud2_<std::allocator<void> > >)>, std::function<void(std::shared_ptr<const sensor_msgs::msg::PointCloud2_<std::allocator<void> > >, const rclcpp::MessageInfo&)>, std::function<void(const std::shared_ptr<const sensor_msgs::msg::PointCloud2_<std::allocator<void> > >&)>, std::function<void(const std::shared_ptr<const sensor_msgs::msg::PointCloud2_<std::allocator<void> > >&, const rclcpp::MessageInfo&)>, std::function<void(std::shared_ptr<sensor_msgs::msg::PointCloud2_<std::allocator<void> > >)>, std::function<void(std::shared_ptr<sensor_msgs::msg::PointCloud2_<std::allocator<void> > >, const rclcpp::MessageInfo&)>}][m[K’
[8.516s]  1300 |       variant& [01;36m[Koperator[m[K=(variant&&) = default;
[8.516s]       |                [01;36m[K^~~~~~~~[m[K
[8.517s] [01m[K/usr/include/c++/9/variant:1300:26:[m[K [01;36m[Knote: [m[K  no known conversion for argument 1 from ‘[01m[Krclcpp::detail::SubscriptionCallbackTypeHelper<sensor_msgs::msg::PointCloud2_<std::allocator<void> >, std::_Bind<void (PointCloudCombiner::*(PointCloudCombiner*, std::_Placeholder<1>, std::__cxx11::basic_string<char>))(std::shared_ptr<sensor_msgs::msg::PointCloud2_<std::allocator<void> > >, std::__cxx11::basic_string<char>)>, void>::callback_type[m[K’ {aka ‘[01m[Kstd::function<void(std::shared_ptr<sensor_msgs::msg::PointCloud2_<std::allocator<void> > >, std::__cxx11::basic_string<char>)>[m[K’} to ‘[01m[Kstd::variant<std::function<void(const sensor_msgs::msg::PointCloud2_<std::allocator<void> >&)>, std::function<void(const sensor_msgs::msg::PointCloud2_<std::allocator<void> >&, const rclcpp::MessageInfo&)>, std::function<void(std::unique_ptr<sensor_msgs::msg::PointCloud2_<std::allocator<void> >, std::default_delete<sensor_msgs::msg::PointCloud2_<std::allocator<void> > > >)>, std::function<void(std::unique_ptr<sensor_msgs::msg::PointCloud2_<std::allocator<void> >, std::default_delete<sensor_msgs::msg::PointCloud2_<std::allocator<void> > > >, const rclcpp::MessageInfo&)>, std::function<void(std::shared_ptr<const sensor_msgs::msg::PointCloud2_<std::allocator<void> > >)>, std::function<void(std::shared_ptr<const sensor_msgs::msg::PointCloud2_<std::allocator<void> > >, const rclcpp::MessageInfo&)>, std::function<void(const std::shared_ptr<const sensor_msgs::msg::PointCloud2_<std::allocator<void> > >&)>, std::function<void(const std::shared_ptr<const sensor_msgs::msg::PointCloud2_<std::allocator<void> > >&, const rclcpp::MessageInfo&)>, std::function<void(std::shared_ptr<sensor_msgs::msg::PointCloud2_<std::allocator<void> > >)>, std::function<void(std::shared_ptr<sensor_msgs::msg::PointCloud2_<std::allocator<void> > >, const rclcpp::MessageInfo&)> >&&[m[K’
[8.518s]  1300 |       variant& operator=([01;36m[Kvariant&&[m[K) = default;
[8.518s]       |                          [01;36m[K^~~~~~~~~[m[K
[8.518s] [01m[K/usr/include/c++/9/variant:1362:2:[m[K [01;36m[Knote: [m[Kcandidate: ‘[01m[Ktemplate<class _Tp> std::enable_if_t<((__exactly_once<std::variant<_Types>::__accepted_type<_Tp&&, typename std::enable_if<__not_self<_Tp&&>, void>::type> > && is_constructible_v<std::variant<_Types>::__accepted_type<_Tp&&, typename std::enable_if<__not_self<_Tp&&>, void>::type>, _Tp>) && is_assignable_v<std::variant<_Types>::__accepted_type<_Tp&&, typename std::enable_if<__not_self<_Tp&&>, void>::type>&, _Tp>), std::variant<_Types>&> std::variant<_Types>::operator=(_Tp&&) [with _Tp = _Tp; _Types = {std::function<void(const sensor_msgs::msg::PointCloud2_<std::allocator<void> >&)>, std::function<void(const sensor_msgs::msg::PointCloud2_<std::allocator<void> >&, const rclcpp::MessageInfo&)>, std::function<void(std::unique_ptr<sensor_msgs::msg::PointCloud2_<std::allocator<void> >, std::default_delete<sensor_msgs::msg::PointCloud2_<std::allocator<void> > > >)>, std::function<void(std::unique_ptr<sensor_msgs::msg::PointCloud2_<std::allocator<void> >, std::default_delete<sensor_msgs::msg::PointCloud2_<std::allocator<void> > > >, const rclcpp::MessageInfo&)>, std::function<void(std::shared_ptr<const sensor_msgs::msg::PointCloud2_<std::allocator<void> > >)>, std::function<void(std::shared_ptr<const sensor_msgs::msg::PointCloud2_<std::allocator<void> > >, const rclcpp::MessageInfo&)>, std::function<void(const std::shared_ptr<const sensor_msgs::msg::PointCloud2_<std::allocator<void> > >&)>, std::function<void(const std::shared_ptr<const sensor_msgs::msg::PointCloud2_<std::allocator<void> > >&, const rclcpp::MessageInfo&)>, std::function<void(std::shared_ptr<sensor_msgs::msg::PointCloud2_<std::allocator<void> > >)>, std::function<void(std::shared_ptr<sensor_msgs::msg::PointCloud2_<std::allocator<void> > >, const rclcpp::MessageInfo&)>}][m[K’
[8.519s]  1362 |  [01;36m[Koperator[m[K=(_Tp&& __rhs)
[8.520s]       |  [01;36m[K^~~~~~~~[m[K
[8.520s] [01m[K/usr/include/c++/9/variant:1362:2:[m[K [01;36m[Knote: [m[K  template argument deduction/substitution failed:
[8.520s] /usr/include/c++/9/variant: In substitution of ‘[01m[Ktemplate<class ... _Types> template<class _Tp, class> using __accepted_type = std::variant<_Types>::__to_type<__accepted_index<_Tp> > [with _Tp = std::function<void(std::shared_ptr<sensor_msgs::msg::PointCloud2_<std::allocator<void> > >, std::__cxx11::basic_string<char>)>&&; <template-parameter-2-2> = std::enable_if<true, void>::type; _Types = {std::function<void(const sensor_msgs::msg::PointCloud2_<std::allocator<void> >&)>, std::function<void(const sensor_msgs::msg::PointCloud2_<std::allocator<void> >&, const rclcpp::MessageInfo&)>, std::function<void(std::unique_ptr<sensor_msgs::msg::PointCloud2_<std::allocator<void> >, std::default_delete<sensor_msgs::msg::PointCloud2_<std::allocator<void> > > >)>, std::function<void(std::unique_ptr<sensor_msgs::msg::PointCloud2_<std::allocator<void> >, std::default_delete<sensor_msgs::msg::PointCloud2_<std::allocator<void> > > >, const rclcpp::MessageInfo&)>, std::function<void(std::shared_ptr<const sensor_msgs::msg::PointCloud2_<std::allocator<void> > >)>, std::function<void(std::shared_ptr<const sensor_msgs::msg::PointCloud2_<std::allocator<void> > >, const rclcpp::MessageInfo&)>, std::function<void(const std::shared_ptr<const sensor_msgs::msg::PointCloud2_<std::allocator<void> > >&)>, std::function<void(const std::shared_ptr<const sensor_msgs::msg::PointCloud2_<std::allocator<void> > >&, const rclcpp::MessageInfo&)>, std::function<void(std::shared_ptr<sensor_msgs::msg::PointCloud2_<std::allocator<void> > >)>, std::function<void(std::shared_ptr<sensor_msgs::msg::PointCloud2_<std::allocator<void> > >, const rclcpp::MessageInfo&)>}][m[K’:
[8.521s] [01m[K/usr/include/c++/9/variant:1358:14:[m[K   required by substitution of ‘[01m[Ktemplate<class _Tp> std::enable_if_t<((__exactly_once<std::variant<std::function<void(const sensor_msgs::msg::PointCloud2_<std::allocator<void> >&)>, std::function<void(const sensor_msgs::msg::PointCloud2_<std::allocator<void> >&, const rclcpp::MessageInfo&)>, std::function<void(std::unique_ptr<sensor_msgs::msg::PointCloud2_<std::allocator<void> >, std::default_delete<sensor_msgs::msg::PointCloud2_<std::allocator<void> > > >)>, std::function<void(std::unique_ptr<sensor_msgs::msg::PointCloud2_<std::allocator<void> >, std::default_delete<sensor_msgs::msg::PointCloud2_<std::allocator<void> > > >, const rclcpp::MessageInfo&)>, std::function<void(std::shared_ptr<const sensor_msgs::msg::PointCloud2_<std::allocator<void> > >)>, std::function<void(std::shared_ptr<const sensor_msgs::msg::PointCloud2_<std::allocator<void> > >, const rclcpp::MessageInfo&)>, std::function<void(const std::shared_ptr<const sensor_msgs::msg::PointCloud2_<std::allocator<void> > >&)>, std::function<void(const std::shared_ptr<const sensor_msgs::msg::PointCloud2_<std::allocator<void> > >&, const rclcpp::MessageInfo&)>, std::function<void(std::shared_ptr<sensor_msgs::msg::PointCloud2_<std::allocator<void> > >)>, std::function<void(std::shared_ptr<sensor_msgs::msg::PointCloud2_<std::allocator<void> > >, const rclcpp::MessageInfo&)> >::__accepted_type<_Tp&&, typename std::enable_if<__not_self<_Tp&&>, void>::type> > && is_constructible_v<std::variant<std::function<void(const sensor_msgs::msg::PointCloud2_<std::allocator<void> >&)>, std::function<void(const sensor_msgs::msg::PointCloud2_<std::allocator<void> >&, const rclcpp::MessageInfo&)>, std::function<void(std::unique_ptr<sensor_msgs::msg::PointCloud2_<std::allocator<void> >, std::default_delete<sensor_msgs::msg::PointCloud2_<std::allocator<void> > > >)>, std::function<void(std::unique_ptr<sensor_msgs::msg::PointCloud2_<std::allocator<void> >, std::default_delete<sensor_msgs::msg::PointCloud2_<std::allocator<void> > > >, const rclcpp::MessageInfo&)>, std::function<void(std::shared_ptr<const sensor_msgs::msg::PointCloud2_<std::allocator<void> > >)>, std::function<void(std::shared_ptr<const sensor_msgs::msg::PointCloud2_<std::allocator<void> > >, const rclcpp::MessageInfo&)>, std::function<void(const std::shared_ptr<const sensor_msgs::msg::PointCloud2_<std::allocator<void> > >&)>, std::function<void(const std::shared_ptr<const sensor_msgs::msg::PointCloud2_<std::allocator<void> > >&, const rclcpp::MessageInfo&)>, std::function<void(std::shared_ptr<sensor_msgs::msg::PointCloud2_<std::allocator<void> > >)>, std::function<void(std::shared_ptr<sensor_msgs::msg::PointCloud2_<std::allocator<void> > >, const rclcpp::MessageInfo&)> >::__accepted_type<_Tp&&, typename std::enable_if<__not_self<_Tp&&>, void>::type>, _Tp>) && is_assignable_v<std::variant<std::function<void(const sensor_msgs::msg::PointCloud2_<std::allocator<void> >&)>, std::function<void(const sensor_msgs::msg::PointCloud2_<std::allocator<void> >&, const rclcpp::MessageInfo&)>, std::function<void(std::unique_ptr<sensor_msgs::msg::PointCloud2_<std::allocator<void> >, std::default_delete<sensor_msgs::msg::PointCloud2_<std::allocator<void> > > >)>, std::function<void(std::unique_ptr<sensor_msgs::msg::PointCloud2_<std::allocator<void> >, std::default_delete<sensor_msgs::msg::PointCloud2_<std::allocator<void> > > >, const rclcpp::MessageInfo&)>, std::function<void(std::shared_ptr<const sensor_msgs::msg::PointCloud2_<std::allocator<void> > >)>, std::function<void(std::shared_ptr<const sensor_msgs::msg::PointCloud2_<std::allocator<void> > >, const rclcpp::MessageInfo&)>, std::function<void(const std::shared_ptr<const sensor_msgs::msg::PointCloud2_<std::allocator<void> > >&)>, std::function<void(const std::shared_ptr<const sensor_msgs::msg::PointCloud2_<std::allocator<void> > >&, const rclcpp::MessageInfo&)>, std::function<void(std::shared_ptr<sensor_msgs::msg::PointCloud2_<std::allocator<void> > >)>, std::function<void(std::shared_ptr<sensor_msgs::msg::PointCloud2_<std::allocator<void> > >, const rclcpp::MessageInfo&)> >::__accepted_type<_Tp&&, typename std::enable_if<__not_self<_Tp&&>, void>::type>&, _Tp>), std::variant<std::function<void(const sensor_msgs::msg::PointCloud2_<std::allocator<void> >&)>, std::function<void(const sensor_msgs::msg::PointCloud2_<std::allocator<void> >&, const rclcpp::MessageInfo&)>, std::function<void(std::unique_ptr<sensor_msgs::msg::PointCloud2_<std::allocator<void> >, std::default_delete<sensor_msgs::msg::PointCloud2_<std::allocator<void> > > >)>, std::function<void(std::unique_ptr<sensor_msgs::msg::PointCloud2_<std::allocator<void> >, std::default_delete<sensor_msgs::msg::PointCloud2_<std::allocator<void> > > >, const rclcpp::MessageInfo&)>, std::function<void(std::shared_ptr<const sensor_msgs::msg::PointCloud2_<std::allocator<void> > >)>, std::function<void(std::shared_ptr<const sensor_msgs::msg::PointCloud2_<std::allocator<void> > >, const rclcpp::MessageInfo&)>, std::function<void(const std::shared_ptr<const sensor_msgs::msg::PointCloud2_<std::allocator<void> > >&)>, std::function<void(const std::shared_ptr<const sensor_msgs::msg::PointCloud2_<std::allocator<void> > >&, const rclcpp::MessageInfo&)>, std::function<void(std::shared_ptr<sensor_msgs::msg::PointCloud2_<std::allocator<void> > >)>, std::function<void(std::shared_ptr<sensor_msgs::msg::PointCloud2_<std::allocator<void> > >, const rclcpp::MessageInfo&)> >&> std::variant<std::function<void(const sensor_msgs::msg::PointCloud2_<std::allocator<void> >&)>, std::function<void(const sensor_msgs::msg::PointCloud2_<std::allocator<void> >&, const rclcpp::MessageInfo&)>, std::function<void(std::unique_ptr<sensor_msgs::msg::PointCloud2_<std::allocator<void> >, std::default_delete<sensor_msgs::msg::PointCloud2_<std::allocator<void> > > >)>, std::function<void(std::unique_ptr<sensor_msgs::msg::PointCloud2_<std::allocator<void> >, std::default_delete<sensor_msgs::msg::PointCloud2_<std::allocator<void> > > >, const rclcpp::MessageInfo&)>, std::function<void(std::shared_ptr<const sensor_msgs::msg::PointCloud2_<std::allocator<void> > >)>, std::function<void(std::shared_ptr<const sensor_msgs::msg::PointCloud2_<std::allocator<void> > >, const rclcpp::MessageInfo&)>, std::function<void(const std::shared_ptr<const sensor_msgs::msg::PointCloud2_<std::allocator<void> > >&)>, std::function<void(const std::shared_ptr<const sensor_msgs::msg::PointCloud2_<std::allocator<void> > >&, const rclcpp::MessageInfo&)>, std::function<void(std::shared_ptr<sensor_msgs::msg::PointCloud2_<std::allocator<void> > >)>, std::function<void(std::shared_ptr<sensor_msgs::msg::PointCloud2_<std::allocator<void> > >, const rclcpp::MessageInfo&)> >::operator=<_Tp>(_Tp&&) [with _Tp = std::function<void(std::shared_ptr<sensor_msgs::msg::PointCloud2_<std::allocator<void> > >, std::__cxx11::basic_string<char>)>][m[K’
[8.522s] [01m[K/opt/ros/galactic/include/rclcpp/any_subscription_callback.hpp:185:25:[m[K   required from ‘[01m[Krclcpp::AnySubscriptionCallback<MessageT, AllocatorT> rclcpp::AnySubscriptionCallback<MessageT, AllocatorT>::set(CallbackT) [with CallbackT = std::_Bind<void (PointCloudCombiner::*(PointCloudCombiner*, std::_Placeholder<1>, std::__cxx11::basic_string<char>))(std::shared_ptr<sensor_msgs::msg::PointCloud2_<std::allocator<void> > >, std::__cxx11::basic_string<char>)>; MessageT = sensor_msgs::msg::PointCloud2_<std::allocator<void> >; AllocatorT = std::allocator<void>][m[K’
[8.522s] [01m[K/opt/ros/galactic/include/rclcpp/subscription_factory.hpp:97:3:[m[K   required from ‘[01m[Krclcpp::SubscriptionFactory rclcpp::create_subscription_factory(CallbackT&&, const rclcpp::SubscriptionOptionsWithAllocator<AllocatorT>&, typename MessageMemoryStrategyT::SharedPtr, std::shared_ptr<rclcpp::topic_statistics::SubscriptionTopicStatistics<CallbackMessageT> >) [with MessageT = sensor_msgs::msg::PointCloud2_<std::allocator<void> >; CallbackT = std::_Bind<void (PointCloudCombiner::*(PointCloudCombiner*, std::_Placeholder<1>, std::__cxx11::basic_string<char>))(std::shared_ptr<sensor_msgs::msg::PointCloud2_<std::allocator<void> > >, std::__cxx11::basic_string<char>)>; AllocatorT = std::allocator<void>; CallbackMessageT = sensor_msgs::msg::PointCloud2_<std::allocator<void> >; SubscriptionT = rclcpp::Subscription<sensor_msgs::msg::PointCloud2_<std::allocator<void> > >; MessageMemoryStrategyT = rclcpp::message_memory_strategy::MessageMemoryStrategy<sensor_msgs::msg::PointCloud2_<std::allocator<void> >, std::allocator<void> >; typename MessageMemoryStrategyT::SharedPtr = std::shared_ptr<rclcpp::message_memory_strategy::MessageMemoryStrategy<sensor_msgs::msg::PointCloud2_<std::allocator<void> >, std::allocator<void> > >][m[K’
[8.523s] [01m[K/opt/ros/galactic/include/rclcpp/create_subscription.hpp:122:63:[m[K   required from ‘[01m[Kstd::shared_ptr<SubscriptionT> rclcpp::detail::create_subscription(NodeParametersT&, NodeTopicsT&, const string&, const rclcpp::QoS&, CallbackT&&, const rclcpp::SubscriptionOptionsWithAllocator<AllocatorT>&, typename MessageMemoryStrategyT::SharedPtr) [with MessageT = sensor_msgs::msg::PointCloud2_<std::allocator<void> >; CallbackT = std::_Bind<void (PointCloudCombiner::*(PointCloudCombiner*, std::_Placeholder<1>, std::__cxx11::basic_string<char>))(std::shared_ptr<sensor_msgs::msg::PointCloud2_<std::allocator<void> > >, std::__cxx11::basic_string<char>)>; AllocatorT = std::allocator<void>; CallbackMessageT = sensor_msgs::msg::PointCloud2_<std::allocator<void> >; SubscriptionT = rclcpp::Subscription<sensor_msgs::msg::PointCloud2_<std::allocator<void> > >; MessageMemoryStrategyT = rclcpp::message_memory_strategy::MessageMemoryStrategy<sensor_msgs::msg::PointCloud2_<std::allocator<void> >, std::allocator<void> >; NodeParametersT = rclcpp::Node; NodeTopicsT = rclcpp::Node; std::string = std::__cxx11::basic_string<char>; typename MessageMemoryStrategyT::SharedPtr = std::shared_ptr<rclcpp::message_memory_strategy::MessageMemoryStrategy<sensor_msgs::msg::PointCloud2_<std::allocator<void> >, std::allocator<void> > >][m[K’
[8.524s] [01m[K/opt/ros/galactic/include/rclcpp/create_subscription.hpp:197:94:[m[K   required from ‘[01m[Kstd::shared_ptr<SubscriptionT> rclcpp::create_subscription(NodeT&, const string&, const rclcpp::QoS&, CallbackT&&, const rclcpp::SubscriptionOptionsWithAllocator<AllocatorT>&, typename MessageMemoryStrategyT::SharedPtr) [with MessageT = sensor_msgs::msg::PointCloud2_<std::allocator<void> >; CallbackT = std::_Bind<void (PointCloudCombiner::*(PointCloudCombiner*, std::_Placeholder<1>, std::__cxx11::basic_string<char>))(std::shared_ptr<sensor_msgs::msg::PointCloud2_<std::allocator<void> > >, std::__cxx11::basic_string<char>)>; AllocatorT = std::allocator<void>; CallbackMessageT = sensor_msgs::msg::PointCloud2_<std::allocator<void> >; SubscriptionT = rclcpp::Subscription<sensor_msgs::msg::PointCloud2_<std::allocator<void> > >; MessageMemoryStrategyT = rclcpp::message_memory_strategy::MessageMemoryStrategy<sensor_msgs::msg::PointCloud2_<std::allocator<void> >, std::allocator<void> >; NodeT = rclcpp::Node; std::string = std::__cxx11::basic_string<char>; typename MessageMemoryStrategyT::SharedPtr = std::shared_ptr<rclcpp::message_memory_strategy::MessageMemoryStrategy<sensor_msgs::msg::PointCloud2_<std::allocator<void> >, std::allocator<void> > >][m[K’
[8.524s] [01m[K/opt/ros/galactic/include/rclcpp/node_impl.hpp:100:47:[m[K   required from ‘[01m[Kstd::shared_ptr<SubscriptionT> rclcpp::Node::create_subscription(const string&, const rclcpp::QoS&, CallbackT&&, const rclcpp::SubscriptionOptionsWithAllocator<AllocatorT>&, typename MessageMemoryStrategyT::SharedPtr) [with MessageT = sensor_msgs::msg::PointCloud2_<std::allocator<void> >; CallbackT = std::_Bind<void (PointCloudCombiner::*(PointCloudCombiner*, std::_Placeholder<1>, std::__cxx11::basic_string<char>))(std::shared_ptr<sensor_msgs::msg::PointCloud2_<std::allocator<void> > >, std::__cxx11::basic_string<char>)>; AllocatorT = std::allocator<void>; CallbackMessageT = sensor_msgs::msg::PointCloud2_<std::allocator<void> >; SubscriptionT = rclcpp::Subscription<sensor_msgs::msg::PointCloud2_<std::allocator<void> > >; MessageMemoryStrategyT = rclcpp::message_memory_strategy::MessageMemoryStrategy<sensor_msgs::msg::PointCloud2_<std::allocator<void> >, std::allocator<void> >; std::string = std::__cxx11::basic_string<char>; typename MessageMemoryStrategyT::SharedPtr = std::shared_ptr<rclcpp::message_memory_strategy::MessageMemoryStrategy<sensor_msgs::msg::PointCloud2_<std::allocator<void> >, std::allocator<void> > >][m[K’
[8.525s] [01m[K/home/ubuntu/bags/pc_merger_ws/src/pc_meger/src/mergeClouds.cpp:53:129:[m[K   required from here
[8.526s] [01m[K/usr/include/c++/9/variant:1276:8:[m[K [01;31m[Kerror: [m[Kno type named ‘[01m[Ktype[m[K’ in ‘[01m[Kstruct std::enable_if<false, void>[m[K’
[8.526s]  1276 |  using [01;31m[K__accepted_type[m[K = __to_type<__accepted_index<_Tp>>;
[8.527s]       |        [01;31m[K^~~~~~~~~~~~~~~[m[K
[11.953s] make[2]: *** [CMakeFiles/pc_merger.dir/build.make:63: CMakeFiles/pc_merger.dir/src/mergeClouds.cpp.o] Error 1
[11.954s] make[1]: *** [CMakeFiles/Makefile2:78: CMakeFiles/pc_merger.dir/all] Error 2
[11.955s] make: *** [Makefile:141: all] Error 2
[11.965s] Invoked command in '/home/ubuntu/bags/pc_merger_ws/src/build/pc_merger' returned '2': CMAKE_PREFIX_PATH=/opt/ros/galactic /usr/bin/cmake --build /home/ubuntu/bags/pc_merger_ws/src/build/pc_merger -- -j8 -l8
