[0.094s] DEBUG:colcon:Command line arguments: ['/usr/bin/colcon', 'build']
[0.095s] DEBUG:colcon:Parsed command line arguments: Namespace(allow_overriding=[], ament_cmake_args=None, base_paths=['.'], build_base='build', catkin_cmake_args=None, catkin_skip_building_tests=False, cmake_args=None, cmake_clean_cache=False, cmake_clean_first=False, cmake_force_configure=False, cmake_target=None, cmake_target_skip_unavailable=False, continue_on_error=False, event_handlers=None, executor='parallel', ignore_user_meta=False, install_base='install', log_base=None, log_level=None, main=<bound method BuildVerb.main of <colcon_core.verb.build.BuildVerb object at 0xffff9d609130>>, merge_install=False, metas=['./colcon.meta'], packages_above=None, packages_above_and_dependencies=None, packages_above_depth=None, packages_end=None, packages_ignore=None, packages_ignore_regex=None, packages_select=None, packages_select_build_failed=False, packages_select_by_dep=None, packages_select_regex=None, packages_select_test_failures=False, packages_skip=None, packages_skip_build_finished=False, packages_skip_by_dep=None, packages_skip_regex=None, packages_skip_test_passed=False, packages_skip_up_to=None, packages_start=None, packages_up_to=None, packages_up_to_regex=None, parallel_workers=8, paths=None, symlink_install=False, test_result_base=None, verb_extension=<colcon_core.verb.build.BuildVerb object at 0xffff9d609130>, verb_name='build', verb_parser=<colcon_defaults.argument_parser.defaults.DefaultArgumentsDecorator object at 0xffff9d609670>)
[0.113s] Level 1:colcon.colcon_core.package_discovery:discover_packages(colcon_meta) check parameters
[0.113s] Level 1:colcon.colcon_core.package_discovery:discover_packages(recursive) check parameters
[0.113s] Level 1:colcon.colcon_core.package_discovery:discover_packages(ignore) check parameters
[0.114s] Level 1:colcon.colcon_core.package_discovery:discover_packages(path) check parameters
[0.114s] Level 1:colcon.colcon_core.package_discovery:discover_packages(colcon_meta) discover
[0.114s] Level 1:colcon.colcon_core.package_discovery:discover_packages(recursive) discover
[0.114s] INFO:colcon.colcon_core.package_discovery:Crawling recursively for packages in '/home/ubuntu/bags/pc_merger_ws/src'
[0.115s] Level 1:colcon.colcon_core.package_identification:_identify(.) by extensions ['ignore', 'ignore_ament_install']
[0.115s] Level 1:colcon.colcon_core.package_identification:_identify(.) by extension 'ignore'
[0.115s] Level 1:colcon.colcon_core.package_identification:_identify(.) by extension 'ignore_ament_install'
[0.115s] Level 1:colcon.colcon_core.package_identification:_identify(.) by extensions ['colcon_pkg']
[0.116s] Level 1:colcon.colcon_core.package_identification:_identify(.) by extension 'colcon_pkg'
[0.116s] Level 1:colcon.colcon_core.package_identification:_identify(.) by extensions ['colcon_meta']
[0.116s] Level 1:colcon.colcon_core.package_identification:_identify(.) by extension 'colcon_meta'
[0.116s] Level 1:colcon.colcon_core.package_identification:_identify(.) by extensions ['ros']
[0.116s] Level 1:colcon.colcon_core.package_identification:_identify(.) by extension 'ros'
[0.129s] Level 1:colcon.colcon_core.package_identification:_identify(.) by extensions ['cmake', 'python']
[0.130s] Level 1:colcon.colcon_core.package_identification:_identify(.) by extension 'cmake'
[0.130s] Level 1:colcon.colcon_core.package_identification:_identify(.) by extension 'python'
[0.130s] Level 1:colcon.colcon_core.package_identification:_identify(.) by extensions ['python_setup_py']
[0.130s] Level 1:colcon.colcon_core.package_identification:_identify(.) by extension 'python_setup_py'
[0.131s] Level 1:colcon.colcon_core.package_identification:_identify(build) by extensions ['ignore', 'ignore_ament_install']
[0.131s] Level 1:colcon.colcon_core.package_identification:_identify(build) by extension 'ignore'
[0.132s] Level 1:colcon.colcon_core.package_identification:_identify(build) ignored
[0.132s] Level 1:colcon.colcon_core.package_identification:_identify(install) by extensions ['ignore', 'ignore_ament_install']
[0.133s] Level 1:colcon.colcon_core.package_identification:_identify(install) by extension 'ignore'
[0.133s] Level 1:colcon.colcon_core.package_identification:_identify(install) ignored
[0.133s] Level 1:colcon.colcon_core.package_identification:_identify(log) by extensions ['ignore', 'ignore_ament_install']
[0.134s] Level 1:colcon.colcon_core.package_identification:_identify(log) by extension 'ignore'
[0.134s] Level 1:colcon.colcon_core.package_identification:_identify(log) ignored
[0.134s] Level 1:colcon.colcon_core.package_identification:_identify(pc_meger) by extensions ['ignore', 'ignore_ament_install']
[0.135s] Level 1:colcon.colcon_core.package_identification:_identify(pc_meger) by extension 'ignore'
[0.135s] Level 1:colcon.colcon_core.package_identification:_identify(pc_meger) by extension 'ignore_ament_install'
[0.135s] Level 1:colcon.colcon_core.package_identification:_identify(pc_meger) by extensions ['colcon_pkg']
[0.135s] Level 1:colcon.colcon_core.package_identification:_identify(pc_meger) by extension 'colcon_pkg'
[0.135s] Level 1:colcon.colcon_core.package_identification:_identify(pc_meger) by extensions ['colcon_meta']
[0.135s] Level 1:colcon.colcon_core.package_identification:_identify(pc_meger) by extension 'colcon_meta'
[0.135s] Level 1:colcon.colcon_core.package_identification:_identify(pc_meger) by extensions ['ros']
[0.135s] Level 1:colcon.colcon_core.package_identification:_identify(pc_meger) by extension 'ros'
[0.138s] DEBUG:colcon.colcon_core.package_identification:Package 'pc_meger' with type 'ros.ament_cmake' and name 'pc_merger'
[0.138s] Level 1:colcon.colcon_core.package_discovery:discover_packages(recursive) using defaults
[0.138s] Level 1:colcon.colcon_core.package_discovery:discover_packages(ignore) discover
[0.138s] Level 1:colcon.colcon_core.package_discovery:discover_packages(ignore) using defaults
[0.138s] Level 1:colcon.colcon_core.package_discovery:discover_packages(path) discover
[0.138s] Level 1:colcon.colcon_core.package_discovery:discover_packages(path) using defaults
[0.158s] Level 1:colcon.colcon_core.package_discovery:discover_packages(prefix_path) check parameters
[0.158s] Level 1:colcon.colcon_core.package_discovery:discover_packages(prefix_path) discover
[0.161s] DEBUG:colcon.colcon_installed_package_information.package_discovery:Found 285 installed packages in /opt/ros/galactic
[0.162s] Level 1:colcon.colcon_core.package_discovery:discover_packages(prefix_path) using defaults
[0.209s] Level 5:colcon.colcon_core.verb:set package 'pc_merger' build argument 'cmake_args' from command line to 'None'
[0.209s] Level 5:colcon.colcon_core.verb:set package 'pc_merger' build argument 'cmake_target' from command line to 'None'
[0.209s] Level 5:colcon.colcon_core.verb:set package 'pc_merger' build argument 'cmake_target_skip_unavailable' from command line to 'False'
[0.209s] Level 5:colcon.colcon_core.verb:set package 'pc_merger' build argument 'cmake_clean_cache' from command line to 'False'
[0.209s] Level 5:colcon.colcon_core.verb:set package 'pc_merger' build argument 'cmake_clean_first' from command line to 'False'
[0.209s] Level 5:colcon.colcon_core.verb:set package 'pc_merger' build argument 'cmake_force_configure' from command line to 'False'
[0.210s] Level 5:colcon.colcon_core.verb:set package 'pc_merger' build argument 'ament_cmake_args' from command line to 'None'
[0.210s] Level 5:colcon.colcon_core.verb:set package 'pc_merger' build argument 'catkin_cmake_args' from command line to 'None'
[0.210s] Level 5:colcon.colcon_core.verb:set package 'pc_merger' build argument 'catkin_skip_building_tests' from command line to 'False'
[0.210s] DEBUG:colcon.colcon_core.verb:Building package 'pc_merger' with the following arguments: {'ament_cmake_args': None, 'build_base': '/home/ubuntu/bags/pc_merger_ws/src/build/pc_merger', 'catkin_cmake_args': None, 'catkin_skip_building_tests': False, 'cmake_args': None, 'cmake_clean_cache': False, 'cmake_clean_first': False, 'cmake_force_configure': False, 'cmake_target': None, 'cmake_target_skip_unavailable': False, 'install_base': '/home/ubuntu/bags/pc_merger_ws/src/install/pc_merger', 'merge_install': False, 'path': '/home/ubuntu/bags/pc_merger_ws/src/pc_meger', 'symlink_install': False, 'test_result_base': None}
[0.211s] INFO:colcon.colcon_core.executor:Executing jobs using 'parallel' executor
[0.213s] DEBUG:colcon.colcon_parallel_executor.executor.parallel:run_until_complete
[0.214s] INFO:colcon.colcon_ros.task.ament_cmake.build:Building ROS package in '/home/ubuntu/bags/pc_merger_ws/src/pc_meger' with build type 'ament_cmake'
[0.215s] INFO:colcon.colcon_cmake.task.cmake.build:Building CMake package in '/home/ubuntu/bags/pc_merger_ws/src/pc_meger'
[0.219s] INFO:colcon.colcon_core.plugin_system:Skipping extension 'colcon_core.shell.bat': Not used on non-Windows systems
[0.219s] INFO:colcon.colcon_core.shell:Skip shell extension 'powershell' for command environment: Not usable outside of PowerShell
[0.220s] DEBUG:colcon.colcon_core.shell:Skip shell extension 'dsv' for command environment
[0.263s] DEBUG:colcon.colcon_core.event_handler.log_command:Invoking command in '/home/ubuntu/bags/pc_merger_ws/src/build/pc_merger': CMAKE_PREFIX_PATH=/opt/ros/galactic /usr/bin/cmake --build /home/ubuntu/bags/pc_merger_ws/src/build/pc_merger -- -j8 -l8
[10.897s] DEBUG:colcon.colcon_core.event_handler.log_command:Invoked command in '/home/ubuntu/bags/pc_merger_ws/src/build/pc_merger' returned '2': CMAKE_PREFIX_PATH=/opt/ros/galactic /usr/bin/cmake --build /home/ubuntu/bags/pc_merger_ws/src/build/pc_merger -- -j8 -l8
[10.920s] Level 1:colcon.colcon_core.environment:create_environment_scripts_only(pc_merger)
[10.925s] Level 1:colcon.colcon_core.environment:checking '/home/ubuntu/bags/pc_merger_ws/src/install/pc_merger' for CMake module files
[10.927s] Level 1:colcon.colcon_core.environment:checking '/home/ubuntu/bags/pc_merger_ws/src/install/pc_merger' for CMake config files
[10.928s] Level 1:colcon.colcon_core.environment:checking '/home/ubuntu/bags/pc_merger_ws/src/install/pc_merger/bin'
[10.929s] Level 1:colcon.colcon_core.environment:checking '/home/ubuntu/bags/pc_merger_ws/src/install/pc_merger/lib/pkgconfig/pc_merger.pc'
[10.929s] Level 1:colcon.colcon_core.environment:checking '/home/ubuntu/bags/pc_merger_ws/src/install/pc_merger/lib/python3.8/site-packages'
[10.929s] Level 1:colcon.colcon_core.environment:checking '/home/ubuntu/bags/pc_merger_ws/src/install/pc_merger/bin'
[10.930s] INFO:colcon.colcon_core.shell:Creating package script '/home/ubuntu/bags/pc_merger_ws/src/install/pc_merger/share/pc_merger/package.ps1'
[10.931s] INFO:colcon.colcon_core.shell:Creating package descriptor '/home/ubuntu/bags/pc_merger_ws/src/install/pc_merger/share/pc_merger/package.dsv'
[10.932s] INFO:colcon.colcon_core.shell:Creating package script '/home/ubuntu/bags/pc_merger_ws/src/install/pc_merger/share/pc_merger/package.sh'
[10.933s] INFO:colcon.colcon_core.shell:Creating package script '/home/ubuntu/bags/pc_merger_ws/src/install/pc_merger/share/pc_merger/package.bash'
[10.934s] INFO:colcon.colcon_core.shell:Creating package script '/home/ubuntu/bags/pc_merger_ws/src/install/pc_merger/share/pc_merger/package.zsh'
[10.937s] Level 1:colcon.colcon_core.environment:create_file_with_runtime_dependencies(/home/ubuntu/bags/pc_merger_ws/src/install/pc_merger/share/colcon-core/packages/pc_merger)
[10.948s] DEBUG:colcon.colcon_parallel_executor.executor.parallel:closing loop
[10.948s] DEBUG:colcon.colcon_parallel_executor.executor.parallel:loop closed
[10.948s] DEBUG:colcon.colcon_parallel_executor.executor.parallel:run_until_complete finished with '2'
[10.949s] DEBUG:colcon.colcon_core.event_reactor:joining thread
[10.954s] INFO:colcon.colcon_core.plugin_system:Skipping extension 'colcon_notification.desktop_notification.notify_send': Could not find 'notify-send'
[10.955s] INFO:colcon.colcon_core.plugin_system:Skipping extension 'colcon_notification.desktop_notification.terminal_notifier': Not used on non-Darwin systems
[10.955s] INFO:colcon.colcon_core.plugin_system:Skipping extension 'colcon_notification.desktop_notification.win32': Not used on non-Windows systems
[10.955s] INFO:colcon.colcon_notification.desktop_notification:Sending desktop notification using 'notify2'
[10.995s] DEBUG:colcon.colcon_notification.desktop_notification.notify2:Failed to initialize notify2: org.freedesktop.DBus.Error.ServiceUnknown: The name org.freedesktop.Notifications was not provided by any .service files
[10.996s] DEBUG:colcon.colcon_core.event_reactor:joined thread
[10.998s] INFO:colcon.colcon_core.shell:Creating prefix script '/home/ubuntu/bags/pc_merger_ws/src/install/local_setup.ps1'
[11.001s] INFO:colcon.colcon_core.shell:Creating prefix util module '/home/ubuntu/bags/pc_merger_ws/src/install/_local_setup_util_ps1.py'
[11.004s] INFO:colcon.colcon_core.shell:Creating prefix chain script '/home/ubuntu/bags/pc_merger_ws/src/install/setup.ps1'
[11.007s] INFO:colcon.colcon_core.shell:Creating prefix script '/home/ubuntu/bags/pc_merger_ws/src/install/local_setup.sh'
[11.008s] INFO:colcon.colcon_core.shell:Creating prefix util module '/home/ubuntu/bags/pc_merger_ws/src/install/_local_setup_util_sh.py'
[11.009s] INFO:colcon.colcon_core.shell:Creating prefix chain script '/home/ubuntu/bags/pc_merger_ws/src/install/setup.sh'
[11.010s] INFO:colcon.colcon_core.shell:Creating prefix script '/home/ubuntu/bags/pc_merger_ws/src/install/local_setup.bash'
[11.012s] INFO:colcon.colcon_core.shell:Creating prefix chain script '/home/ubuntu/bags/pc_merger_ws/src/install/setup.bash'
[11.014s] INFO:colcon.colcon_core.shell:Creating prefix script '/home/ubuntu/bags/pc_merger_ws/src/install/local_setup.zsh'
[11.015s] INFO:colcon.colcon_core.shell:Creating prefix chain script '/home/ubuntu/bags/pc_merger_ws/src/install/setup.zsh'
