[0.095s] DEBUG:colcon:Command line arguments: ['/usr/bin/colcon', 'build']
[0.095s] DEBUG:colcon:Parsed command line arguments: Namespace(allow_overriding=[], ament_cmake_args=None, base_paths=['.'], build_base='build', catkin_cmake_args=None, catkin_skip_building_tests=False, cmake_args=None, cmake_clean_cache=False, cmake_clean_first=False, cmake_force_configure=False, cmake_target=None, cmake_target_skip_unavailable=False, continue_on_error=False, event_handlers=None, executor='parallel', ignore_user_meta=False, install_base='install', log_base=None, log_level=None, main=<bound method BuildVerb.main of <colcon_core.verb.build.BuildVerb object at 0xffffbd320220>>, merge_install=False, metas=['./colcon.meta'], packages_above=None, packages_above_and_dependencies=None, packages_above_depth=None, packages_end=None, packages_ignore=None, packages_ignore_regex=None, packages_select=None, packages_select_build_failed=False, packages_select_by_dep=None, packages_select_regex=None, packages_select_test_failures=False, packages_skip=None, packages_skip_build_finished=False, packages_skip_by_dep=None, packages_skip_regex=None, packages_skip_test_passed=False, packages_skip_up_to=None, packages_start=None, packages_up_to=None, packages_up_to_regex=None, parallel_workers=8, paths=None, symlink_install=False, test_result_base=None, verb_extension=<colcon_core.verb.build.BuildVerb object at 0xffffbd320220>, verb_name='build', verb_parser=<colcon_defaults.argument_parser.defaults.DefaultArgumentsDecorator object at 0xffffbd320760>)
[0.114s] Level 1:colcon.colcon_core.package_discovery:discover_packages(colcon_meta) check parameters
[0.114s] Level 1:colcon.colcon_core.package_discovery:discover_packages(recursive) check parameters
[0.114s] Level 1:colcon.colcon_core.package_discovery:discover_packages(ignore) check parameters
[0.115s] Level 1:colcon.colcon_core.package_discovery:discover_packages(path) check parameters
[0.115s] Level 1:colcon.colcon_core.package_discovery:discover_packages(colcon_meta) discover
[0.115s] Level 1:colcon.colcon_core.package_discovery:discover_packages(recursive) discover
[0.115s] INFO:colcon.colcon_core.package_discovery:Crawling recursively for packages in '/home/ubuntu/bags/pc_merger_ws/src'
[0.116s] Level 1:colcon.colcon_core.package_identification:_identify(.) by extensions ['ignore', 'ignore_ament_install']
[0.116s] Level 1:colcon.colcon_core.package_identification:_identify(.) by extension 'ignore'
[0.117s] Level 1:colcon.colcon_core.package_identification:_identify(.) by extension 'ignore_ament_install'
[0.117s] Level 1:colcon.colcon_core.package_identification:_identify(.) by extensions ['colcon_pkg']
[0.117s] Level 1:colcon.colcon_core.package_identification:_identify(.) by extension 'colcon_pkg'
[0.117s] Level 1:colcon.colcon_core.package_identification:_identify(.) by extensions ['colcon_meta']
[0.117s] Level 1:colcon.colcon_core.package_identification:_identify(.) by extension 'colcon_meta'
[0.117s] Level 1:colcon.colcon_core.package_identification:_identify(.) by extensions ['ros']
[0.117s] Level 1:colcon.colcon_core.package_identification:_identify(.) by extension 'ros'
[0.126s] Level 1:colcon.colcon_core.package_identification:_identify(.) by extensions ['cmake', 'python']
[0.127s] Level 1:colcon.colcon_core.package_identification:_identify(.) by extension 'cmake'
[0.127s] Level 1:colcon.colcon_core.package_identification:_identify(.) by extension 'python'
[0.127s] Level 1:colcon.colcon_core.package_identification:_identify(.) by extensions ['python_setup_py']
[0.127s] Level 1:colcon.colcon_core.package_identification:_identify(.) by extension 'python_setup_py'
[0.128s] Level 1:colcon.colcon_core.package_identification:_identify(build) by extensions ['ignore', 'ignore_ament_install']
[0.128s] Level 1:colcon.colcon_core.package_identification:_identify(build) by extension 'ignore'
[0.128s] Level 1:colcon.colcon_core.package_identification:_identify(build) ignored
[0.129s] Level 1:colcon.colcon_core.package_identification:_identify(install) by extensions ['ignore', 'ignore_ament_install']
[0.129s] Level 1:colcon.colcon_core.package_identification:_identify(install) by extension 'ignore'
[0.129s] Level 1:colcon.colcon_core.package_identification:_identify(install) ignored
[0.131s] Level 1:colcon.colcon_core.package_identification:_identify(log) by extensions ['ignore', 'ignore_ament_install']
[0.131s] Level 1:colcon.colcon_core.package_identification:_identify(log) by extension 'ignore'
[0.131s] Level 1:colcon.colcon_core.package_identification:_identify(log) ignored
[0.132s] Level 1:colcon.colcon_core.package_identification:_identify(pc_meger) by extensions ['ignore', 'ignore_ament_install']
[0.132s] Level 1:colcon.colcon_core.package_identification:_identify(pc_meger) by extension 'ignore'
[0.132s] Level 1:colcon.colcon_core.package_identification:_identify(pc_meger) by extension 'ignore_ament_install'
[0.132s] Level 1:colcon.colcon_core.package_identification:_identify(pc_meger) by extensions ['colcon_pkg']
[0.132s] Level 1:colcon.colcon_core.package_identification:_identify(pc_meger) by extension 'colcon_pkg'
[0.133s] Level 1:colcon.colcon_core.package_identification:_identify(pc_meger) by extensions ['colcon_meta']
[0.133s] Level 1:colcon.colcon_core.package_identification:_identify(pc_meger) by extension 'colcon_meta'
[0.133s] Level 1:colcon.colcon_core.package_identification:_identify(pc_meger) by extensions ['ros']
[0.133s] Level 1:colcon.colcon_core.package_identification:_identify(pc_meger) by extension 'ros'
[0.136s] DEBUG:colcon.colcon_core.package_identification:Package 'pc_meger' with type 'ros.ament_cmake' and name 'pc_merger'
[0.136s] Level 1:colcon.colcon_core.package_discovery:discover_packages(recursive) using defaults
[0.136s] Level 1:colcon.colcon_core.package_discovery:discover_packages(ignore) discover
[0.137s] Level 1:colcon.colcon_core.package_discovery:discover_packages(ignore) using defaults
[0.137s] Level 1:colcon.colcon_core.package_discovery:discover_packages(path) discover
[0.137s] Level 1:colcon.colcon_core.package_discovery:discover_packages(path) using defaults
[0.156s] Level 1:colcon.colcon_core.package_discovery:discover_packages(prefix_path) check parameters
[0.156s] Level 1:colcon.colcon_core.package_discovery:discover_packages(prefix_path) discover
[0.158s] DEBUG:colcon.colcon_installed_package_information.package_discovery:Found 285 installed packages in /opt/ros/galactic
[0.159s] Level 1:colcon.colcon_core.package_discovery:discover_packages(prefix_path) using defaults
[0.203s] Level 5:colcon.colcon_core.verb:set package 'pc_merger' build argument 'cmake_args' from command line to 'None'
[0.203s] Level 5:colcon.colcon_core.verb:set package 'pc_merger' build argument 'cmake_target' from command line to 'None'
[0.204s] Level 5:colcon.colcon_core.verb:set package 'pc_merger' build argument 'cmake_target_skip_unavailable' from command line to 'False'
[0.205s] Level 5:colcon.colcon_core.verb:set package 'pc_merger' build argument 'cmake_clean_cache' from command line to 'False'
[0.205s] Level 5:colcon.colcon_core.verb:set package 'pc_merger' build argument 'cmake_clean_first' from command line to 'False'
[0.205s] Level 5:colcon.colcon_core.verb:set package 'pc_merger' build argument 'cmake_force_configure' from command line to 'False'
[0.205s] Level 5:colcon.colcon_core.verb:set package 'pc_merger' build argument 'ament_cmake_args' from command line to 'None'
[0.206s] Level 5:colcon.colcon_core.verb:set package 'pc_merger' build argument 'catkin_cmake_args' from command line to 'None'
[0.206s] Level 5:colcon.colcon_core.verb:set package 'pc_merger' build argument 'catkin_skip_building_tests' from command line to 'False'
[0.206s] DEBUG:colcon.colcon_core.verb:Building package 'pc_merger' with the following arguments: {'ament_cmake_args': None, 'build_base': '/home/ubuntu/bags/pc_merger_ws/src/build/pc_merger', 'catkin_cmake_args': None, 'catkin_skip_building_tests': False, 'cmake_args': None, 'cmake_clean_cache': False, 'cmake_clean_first': False, 'cmake_force_configure': False, 'cmake_target': None, 'cmake_target_skip_unavailable': False, 'install_base': '/home/ubuntu/bags/pc_merger_ws/src/install/pc_merger', 'merge_install': False, 'path': '/home/ubuntu/bags/pc_merger_ws/src/pc_meger', 'symlink_install': False, 'test_result_base': None}
[0.207s] INFO:colcon.colcon_core.executor:Executing jobs using 'parallel' executor
[0.209s] DEBUG:colcon.colcon_parallel_executor.executor.parallel:run_until_complete
[0.210s] INFO:colcon.colcon_ros.task.ament_cmake.build:Building ROS package in '/home/ubuntu/bags/pc_merger_ws/src/pc_meger' with build type 'ament_cmake'
[0.210s] INFO:colcon.colcon_cmake.task.cmake.build:Building CMake package in '/home/ubuntu/bags/pc_merger_ws/src/pc_meger'
[0.212s] INFO:colcon.colcon_core.plugin_system:Skipping extension 'colcon_core.shell.bat': Not used on non-Windows systems
[0.213s] INFO:colcon.colcon_core.shell:Skip shell extension 'powershell' for command environment: Not usable outside of PowerShell
[0.213s] DEBUG:colcon.colcon_core.shell:Skip shell extension 'dsv' for command environment
[0.232s] DEBUG:colcon.colcon_core.event_handler.log_command:Invoking command in '/home/ubuntu/bags/pc_merger_ws/src/build/pc_merger': CMAKE_PREFIX_PATH=/opt/ros/galactic /usr/bin/cmake --build /home/ubuntu/bags/pc_merger_ws/src/build/pc_merger -- -j8 -l8
[16.380s] DEBUG:colcon.colcon_core.event_handler.log_command:Invoked command in '/home/ubuntu/bags/pc_merger_ws/src/build/pc_merger' returned '0': CMAKE_PREFIX_PATH=/opt/ros/galactic /usr/bin/cmake --build /home/ubuntu/bags/pc_merger_ws/src/build/pc_merger -- -j8 -l8
[16.417s] DEBUG:colcon.colcon_core.event_handler.log_command:Invoking command in '/home/ubuntu/bags/pc_merger_ws/src/build/pc_merger': CMAKE_PREFIX_PATH=/opt/ros/galactic /usr/bin/cmake --install /home/ubuntu/bags/pc_merger_ws/src/build/pc_merger
[16.518s] Level 1:colcon.colcon_core.environment:create_environment_scripts_only(pc_merger)
[16.528s] Level 1:colcon.colcon_core.environment:checking '/home/ubuntu/bags/pc_merger_ws/src/install/pc_merger' for CMake module files
[16.529s] DEBUG:colcon.colcon_core.event_handler.log_command:Invoked command in '/home/ubuntu/bags/pc_merger_ws/src/build/pc_merger' returned '0': CMAKE_PREFIX_PATH=/opt/ros/galactic /usr/bin/cmake --install /home/ubuntu/bags/pc_merger_ws/src/build/pc_merger
[16.533s] Level 1:colcon.colcon_core.environment:checking '/home/ubuntu/bags/pc_merger_ws/src/install/pc_merger' for CMake config files
[16.537s] Level 1:colcon.colcon_core.shell:create_environment_hook('pc_merger', 'cmake_prefix_path')
[16.539s] INFO:colcon.colcon_core.shell:Creating environment hook '/home/ubuntu/bags/pc_merger_ws/src/install/pc_merger/share/pc_merger/hook/cmake_prefix_path.ps1'
[16.543s] INFO:colcon.colcon_core.shell:Creating environment descriptor '/home/ubuntu/bags/pc_merger_ws/src/install/pc_merger/share/pc_merger/hook/cmake_prefix_path.dsv'
[16.547s] INFO:colcon.colcon_core.shell:Creating environment hook '/home/ubuntu/bags/pc_merger_ws/src/install/pc_merger/share/pc_merger/hook/cmake_prefix_path.sh'
[16.551s] Level 1:colcon.colcon_core.environment:checking '/home/ubuntu/bags/pc_merger_ws/src/install/pc_merger/lib'
[16.551s] Level 1:colcon.colcon_core.environment:checking '/home/ubuntu/bags/pc_merger_ws/src/install/pc_merger/bin'
[16.552s] Level 1:colcon.colcon_core.environment:checking '/home/ubuntu/bags/pc_merger_ws/src/install/pc_merger/lib/pkgconfig/pc_merger.pc'
[16.552s] Level 1:colcon.colcon_core.environment:checking '/home/ubuntu/bags/pc_merger_ws/src/install/pc_merger/lib/python3.8/site-packages'
[16.552s] Level 1:colcon.colcon_core.environment:checking '/home/ubuntu/bags/pc_merger_ws/src/install/pc_merger/bin'
[16.553s] INFO:colcon.colcon_core.shell:Creating package script '/home/ubuntu/bags/pc_merger_ws/src/install/pc_merger/share/pc_merger/package.ps1'
[16.557s] INFO:colcon.colcon_core.shell:Creating package descriptor '/home/ubuntu/bags/pc_merger_ws/src/install/pc_merger/share/pc_merger/package.dsv'
[16.560s] INFO:colcon.colcon_core.shell:Creating package script '/home/ubuntu/bags/pc_merger_ws/src/install/pc_merger/share/pc_merger/package.sh'
[16.561s] INFO:colcon.colcon_core.shell:Creating package script '/home/ubuntu/bags/pc_merger_ws/src/install/pc_merger/share/pc_merger/package.bash'
[16.562s] INFO:colcon.colcon_core.shell:Creating package script '/home/ubuntu/bags/pc_merger_ws/src/install/pc_merger/share/pc_merger/package.zsh'
[16.563s] Level 1:colcon.colcon_core.environment:create_file_with_runtime_dependencies(/home/ubuntu/bags/pc_merger_ws/src/install/pc_merger/share/colcon-core/packages/pc_merger)
[16.589s] Level 1:colcon.colcon_core.environment:create_environment_scripts_only(pc_merger)
[16.591s] Level 1:colcon.colcon_core.environment:checking '/home/ubuntu/bags/pc_merger_ws/src/install/pc_merger' for CMake module files
[16.594s] Level 1:colcon.colcon_core.environment:checking '/home/ubuntu/bags/pc_merger_ws/src/install/pc_merger' for CMake config files
[16.596s] Level 1:colcon.colcon_core.shell:create_environment_hook('pc_merger', 'cmake_prefix_path')
[16.597s] INFO:colcon.colcon_core.shell:Creating environment hook '/home/ubuntu/bags/pc_merger_ws/src/install/pc_merger/share/pc_merger/hook/cmake_prefix_path.ps1'
[16.599s] INFO:colcon.colcon_core.shell:Creating environment descriptor '/home/ubuntu/bags/pc_merger_ws/src/install/pc_merger/share/pc_merger/hook/cmake_prefix_path.dsv'
[16.601s] INFO:colcon.colcon_core.shell:Creating environment hook '/home/ubuntu/bags/pc_merger_ws/src/install/pc_merger/share/pc_merger/hook/cmake_prefix_path.sh'
[16.603s] Level 1:colcon.colcon_core.environment:checking '/home/ubuntu/bags/pc_merger_ws/src/install/pc_merger/lib'
[16.604s] Level 1:colcon.colcon_core.environment:checking '/home/ubuntu/bags/pc_merger_ws/src/install/pc_merger/bin'
[16.604s] Level 1:colcon.colcon_core.environment:checking '/home/ubuntu/bags/pc_merger_ws/src/install/pc_merger/lib/pkgconfig/pc_merger.pc'
[16.605s] Level 1:colcon.colcon_core.environment:checking '/home/ubuntu/bags/pc_merger_ws/src/install/pc_merger/lib/python3.8/site-packages'
[16.606s] Level 1:colcon.colcon_core.environment:checking '/home/ubuntu/bags/pc_merger_ws/src/install/pc_merger/bin'
[16.611s] INFO:colcon.colcon_core.shell:Creating package script '/home/ubuntu/bags/pc_merger_ws/src/install/pc_merger/share/pc_merger/package.ps1'
[16.614s] INFO:colcon.colcon_core.shell:Creating package descriptor '/home/ubuntu/bags/pc_merger_ws/src/install/pc_merger/share/pc_merger/package.dsv'
[16.616s] INFO:colcon.colcon_core.shell:Creating package script '/home/ubuntu/bags/pc_merger_ws/src/install/pc_merger/share/pc_merger/package.sh'
[16.618s] INFO:colcon.colcon_core.shell:Creating package script '/home/ubuntu/bags/pc_merger_ws/src/install/pc_merger/share/pc_merger/package.bash'
[16.621s] INFO:colcon.colcon_core.shell:Creating package script '/home/ubuntu/bags/pc_merger_ws/src/install/pc_merger/share/pc_merger/package.zsh'
[16.624s] Level 1:colcon.colcon_core.environment:create_file_with_runtime_dependencies(/home/ubuntu/bags/pc_merger_ws/src/install/pc_merger/share/colcon-core/packages/pc_merger)
[16.625s] DEBUG:colcon.colcon_parallel_executor.executor.parallel:closing loop
[16.625s] DEBUG:colcon.colcon_parallel_executor.executor.parallel:loop closed
[16.626s] DEBUG:colcon.colcon_parallel_executor.executor.parallel:run_until_complete finished with '0'
[16.626s] DEBUG:colcon.colcon_core.event_reactor:joining thread
[16.634s] INFO:colcon.colcon_core.plugin_system:Skipping extension 'colcon_notification.desktop_notification.notify_send': Could not find 'notify-send'
[16.635s] INFO:colcon.colcon_core.plugin_system:Skipping extension 'colcon_notification.desktop_notification.terminal_notifier': Not used on non-Darwin systems
[16.635s] INFO:colcon.colcon_core.plugin_system:Skipping extension 'colcon_notification.desktop_notification.win32': Not used on non-Windows systems
[16.635s] INFO:colcon.colcon_notification.desktop_notification:Sending desktop notification using 'notify2'
[16.714s] DEBUG:colcon.colcon_notification.desktop_notification.notify2:Failed to initialize notify2: org.freedesktop.DBus.Error.ServiceUnknown: The name org.freedesktop.Notifications was not provided by any .service files
[16.715s] DEBUG:colcon.colcon_core.event_reactor:joined thread
[16.717s] INFO:colcon.colcon_core.shell:Creating prefix script '/home/ubuntu/bags/pc_merger_ws/src/install/local_setup.ps1'
[16.720s] INFO:colcon.colcon_core.shell:Creating prefix util module '/home/ubuntu/bags/pc_merger_ws/src/install/_local_setup_util_ps1.py'
[16.724s] INFO:colcon.colcon_core.shell:Creating prefix chain script '/home/ubuntu/bags/pc_merger_ws/src/install/setup.ps1'
[16.726s] INFO:colcon.colcon_core.shell:Creating prefix script '/home/ubuntu/bags/pc_merger_ws/src/install/local_setup.sh'
[16.727s] INFO:colcon.colcon_core.shell:Creating prefix util module '/home/ubuntu/bags/pc_merger_ws/src/install/_local_setup_util_sh.py'
[16.728s] INFO:colcon.colcon_core.shell:Creating prefix chain script '/home/ubuntu/bags/pc_merger_ws/src/install/setup.sh'
[16.729s] INFO:colcon.colcon_core.shell:Creating prefix script '/home/ubuntu/bags/pc_merger_ws/src/install/local_setup.bash'
[16.730s] INFO:colcon.colcon_core.shell:Creating prefix chain script '/home/ubuntu/bags/pc_merger_ws/src/install/setup.bash'
[16.732s] INFO:colcon.colcon_core.shell:Creating prefix script '/home/ubuntu/bags/pc_merger_ws/src/install/local_setup.zsh'
[16.734s] INFO:colcon.colcon_core.shell:Creating prefix chain script '/home/ubuntu/bags/pc_merger_ws/src/install/setup.zsh'
