[35m[1mScanning dependencies of target pc_merger[0m
[ 50%] [32mBuilding CXX object CMakeFiles/pc_merger.dir/src/mergeClouds.cpp.o[0m
[100%] [32m[1mLinking CXX executable pc_merger[0m
[100%] Built target pc_merger
-- Install configuration: ""
-- Installing: /home/ubuntu/bags/pc_merger_ws/src/install/pc_merger/lib/pc_merger/pc_merger
-- Set runtime path of "/home/ubuntu/bags/pc_merger_ws/src/install/pc_merger/lib/pc_merger/pc_merger" to ""
-- Up-to-date: /home/ubuntu/bags/pc_merger_ws/src/install/pc_merger/share/pc_merger/config
-- Up-to-date: /home/ubuntu/bags/pc_merger_ws/src/install/pc_merger/share/pc_merger/config/robot.urdf.xacro
-- Up-to-date: /home/ubuntu/bags/pc_merger_ws/src/install/pc_merger/share/pc_merger/config/config.yaml
-- Up-to-date: /home/ubuntu/bags/pc_merger_ws/src/install/pc_merger/share/pc_merger/config/rviz2.rviz
-- Up-to-date: /home/ubuntu/bags/pc_merger_ws/src/install/pc_merger/share/pc_merger/launch
-- Up-to-date: /home/ubuntu/bags/pc_merger_ws/src/install/pc_merger/share/pc_merger/launch/run.launch.py
-- Up-to-date: /home/ubuntu/bags/pc_merger_ws/src/install/pc_merger/share/ament_index/resource_index/package_run_dependencies/pc_merger
-- Up-to-date: /home/ubuntu/bags/pc_merger_ws/src/install/pc_merger/share/ament_index/resource_index/parent_prefix_path/pc_merger
-- Up-to-date: /home/ubuntu/bags/pc_merger_ws/src/install/pc_merger/share/pc_merger/environment/ament_prefix_path.sh
-- Up-to-date: /home/ubuntu/bags/pc_merger_ws/src/install/pc_merger/share/pc_merger/environment/ament_prefix_path.dsv
-- Up-to-date: /home/ubuntu/bags/pc_merger_ws/src/install/pc_merger/share/pc_merger/environment/path.sh
-- Up-to-date: /home/ubuntu/bags/pc_merger_ws/src/install/pc_merger/share/pc_merger/environment/path.dsv
-- Up-to-date: /home/ubuntu/bags/pc_merger_ws/src/install/pc_merger/share/pc_merger/local_setup.bash
-- Up-to-date: /home/ubuntu/bags/pc_merger_ws/src/install/pc_merger/share/pc_merger/local_setup.sh
-- Up-to-date: /home/ubuntu/bags/pc_merger_ws/src/install/pc_merger/share/pc_merger/local_setup.zsh
-- Up-to-date: /home/ubuntu/bags/pc_merger_ws/src/install/pc_merger/share/pc_merger/local_setup.dsv
-- Installing: /home/ubuntu/bags/pc_merger_ws/src/install/pc_merger/share/pc_merger/package.dsv
-- Up-to-date: /home/ubuntu/bags/pc_merger_ws/src/install/pc_merger/share/ament_index/resource_index/packages/pc_merger
-- Up-to-date: /home/ubuntu/bags/pc_merger_ws/src/install/pc_merger/share/pc_merger/cmake/ament_cmake_export_include_directories-extras.cmake
-- Up-to-date: /home/ubuntu/bags/pc_merger_ws/src/install/pc_merger/share/pc_merger/cmake/pc_mergerConfig.cmake
-- Up-to-date: /home/ubuntu/bags/pc_merger_ws/src/install/pc_merger/share/pc_merger/cmake/pc_mergerConfig-version.cmake
-- Up-to-date: /home/ubuntu/bags/pc_merger_ws/src/install/pc_merger/share/pc_merger/package.xml
