[0.045s] Invoking command in '/home/ubuntu/bags/pc_merger_ws/src/build/pc_merger': CMAKE_PREFIX_PATH=/opt/ros/galactic /usr/bin/cmake --build /home/ubuntu/bags/pc_merger_ws/src/build/pc_merger -- -j8 -l8
[0.103s] [35m[1mScanning dependencies of target pc_merger[0m
[1.482s] [ 50%] [32mBuilding CXX object CMakeFiles/pc_merger.dir/src/mergeClouds.cpp.o[0m
[6.190s] In file included from [01m[K/home/ubuntu/bags/pc_merger_ws/src/pc_meger/src/mergeClouds.cpp:1[m[K:
[6.191s] [01m[K/home/ubuntu/bags/pc_merger_ws/src/pc_meger/include/mergeClouds.hpp:45:22:[m[K [01;35m[Kwarning: [m[Kextra ‘[01m[K;[m[K’ [[01;35m[K-Wpedantic[m[K]
[6.191s]    45 |     PCL_ADD_INTENSITY[01;35m[K;[m[K
[6.192s]       |                      [01;35m[K^[m[K
[6.193s]       |                      [31m[K-[m[K
[6.262s] [01m[K/home/ubuntu/bags/pc_merger_ws/src/pc_meger/src/mergeClouds.cpp:[m[K In constructor ‘[01m[KPointCloudCombiner::PointCloudCombiner(const string&)[m[K’:
[6.263s] [01m[K/home/ubuntu/bags/pc_merger_ws/src/pc_meger/src/mergeClouds.cpp:7:50:[m[K [01;35m[Kwarning: [m[K‘[01m[Kconst rclcpp::ParameterValue& rclcpp::Node::declare_parameter(const string&)[m[K’ is deprecated: declare_parameter() with only a name is deprecated and will be deleted in the future.\nIf you want to declare a parameter that won't change type without a default value use:\n`node->declare_parameter<ParameterT>(name)`, where e.g. ParameterT=int64_t.\n\nIf you want to declare a parameter that can dynamically change type use:\n```\nrcl_interfaces::msg::ParameterDescriptor descriptor;\ndescriptor.dynamic_typing = true;\nnode->declare_parameter(name, rclcpp::ParameterValue{}, descriptor);\n``` [[01;35m[K-Wdeprecated-declarations[m[K]
[6.264s]     7 |     this->declare_parameter(PARAM_MERGED_PC_TOPIC[01;35m[K)[m[K;
[6.264s]       |                                                  [01;35m[K^[m[K
[6.265s] In file included from [01m[K/opt/ros/galactic/include/rclcpp/executors/single_threaded_executor.hpp:28[m[K,
[6.266s]                  from [01m[K/opt/ros/galactic/include/rclcpp/executors.hpp:22[m[K,
[6.266s]                  from [01m[K/opt/ros/galactic/include/rclcpp/rclcpp.hpp:156[m[K,
[6.267s]                  from [01m[K/home/ubuntu/bags/pc_merger_ws/src/pc_meger/include/mergeClouds.hpp:5[m[K,
[6.268s]                  from [01m[K/home/ubuntu/bags/pc_merger_ws/src/pc_meger/src/mergeClouds.cpp:1[m[K:
[6.274s] [01m[K/opt/ros/galactic/include/rclcpp/node.hpp:422:3:[m[K [01;36m[Knote: [m[Kdeclared here
[6.276s]   422 |   [01;36m[Kdeclare_parameter[m[K(const std::string & name);
[6.277s]       |   [01;36m[K^~~~~~~~~~~~~~~~~[m[K
[6.278s] [01m[K/home/ubuntu/bags/pc_merger_ws/src/pc_meger/src/mergeClouds.cpp:8:49:[m[K [01;35m[Kwarning: [m[K‘[01m[Kconst rclcpp::ParameterValue& rclcpp::Node::declare_parameter(const string&)[m[K’ is deprecated: declare_parameter() with only a name is deprecated and will be deleted in the future.\nIf you want to declare a parameter that won't change type without a default value use:\n`node->declare_parameter<ParameterT>(name)`, where e.g. ParameterT=int64_t.\n\nIf you want to declare a parameter that can dynamically change type use:\n```\nrcl_interfaces::msg::ParameterDescriptor descriptor;\ndescriptor.dynamic_typing = true;\nnode->declare_parameter(name, rclcpp::ParameterValue{}, descriptor);\n``` [[01;35m[K-Wdeprecated-declarations[m[K]
[6.279s]     8 |     this->declare_parameter(PARAM_FRONT_PC_TOPIC[01;35m[K)[m[K;
[6.279s]       |                                                 [01;35m[K^[m[K
[6.280s] In file included from [01m[K/opt/ros/galactic/include/rclcpp/executors/single_threaded_executor.hpp:28[m[K,
[6.280s]                  from [01m[K/opt/ros/galactic/include/rclcpp/executors.hpp:22[m[K,
[6.281s]                  from [01m[K/opt/ros/galactic/include/rclcpp/rclcpp.hpp:156[m[K,
[6.282s]                  from [01m[K/home/ubuntu/bags/pc_merger_ws/src/pc_meger/include/mergeClouds.hpp:5[m[K,
[6.283s]                  from [01m[K/home/ubuntu/bags/pc_merger_ws/src/pc_meger/src/mergeClouds.cpp:1[m[K:
[6.283s] [01m[K/opt/ros/galactic/include/rclcpp/node.hpp:422:3:[m[K [01;36m[Knote: [m[Kdeclared here
[6.284s]   422 |   [01;36m[Kdeclare_parameter[m[K(const std::string & name);
[6.285s]       |   [01;36m[K^~~~~~~~~~~~~~~~~[m[K
[6.285s] [01m[K/home/ubuntu/bags/pc_merger_ws/src/pc_meger/src/mergeClouds.cpp:9:48:[m[K [01;35m[Kwarning: [m[K‘[01m[Kconst rclcpp::ParameterValue& rclcpp::Node::declare_parameter(const string&)[m[K’ is deprecated: declare_parameter() with only a name is deprecated and will be deleted in the future.\nIf you want to declare a parameter that won't change type without a default value use:\n`node->declare_parameter<ParameterT>(name)`, where e.g. ParameterT=int64_t.\n\nIf you want to declare a parameter that can dynamically change type use:\n```\nrcl_interfaces::msg::ParameterDescriptor descriptor;\ndescriptor.dynamic_typing = true;\nnode->declare_parameter(name, rclcpp::ParameterValue{}, descriptor);\n``` [[01;35m[K-Wdeprecated-declarations[m[K]
[6.286s]     9 |     this->declare_parameter(PARAM_LEFT_PC_TOPIC[01;35m[K)[m[K;
[6.287s]       |                                                [01;35m[K^[m[K
[6.287s] In file included from [01m[K/opt/ros/galactic/include/rclcpp/executors/single_threaded_executor.hpp:28[m[K,
[6.288s]                  from [01m[K/opt/ros/galactic/include/rclcpp/executors.hpp:22[m[K,
[6.288s]                  from [01m[K/opt/ros/galactic/include/rclcpp/rclcpp.hpp:156[m[K,
[6.289s]                  from [01m[K/home/ubuntu/bags/pc_merger_ws/src/pc_meger/include/mergeClouds.hpp:5[m[K,
[6.289s]                  from [01m[K/home/ubuntu/bags/pc_merger_ws/src/pc_meger/src/mergeClouds.cpp:1[m[K:
[6.290s] [01m[K/opt/ros/galactic/include/rclcpp/node.hpp:422:3:[m[K [01;36m[Knote: [m[Kdeclared here
[6.290s]   422 |   [01;36m[Kdeclare_parameter[m[K(const std::string & name);
[6.290s]       |   [01;36m[K^~~~~~~~~~~~~~~~~[m[K
[6.291s] [01m[K/home/ubuntu/bags/pc_merger_ws/src/pc_meger/src/mergeClouds.cpp:10:49:[m[K [01;35m[Kwarning: [m[K‘[01m[Kconst rclcpp::ParameterValue& rclcpp::Node::declare_parameter(const string&)[m[K’ is deprecated: declare_parameter() with only a name is deprecated and will be deleted in the future.\nIf you want to declare a parameter that won't change type without a default value use:\n`node->declare_parameter<ParameterT>(name)`, where e.g. ParameterT=int64_t.\n\nIf you want to declare a parameter that can dynamically change type use:\n```\nrcl_interfaces::msg::ParameterDescriptor descriptor;\ndescriptor.dynamic_typing = true;\nnode->declare_parameter(name, rclcpp::ParameterValue{}, descriptor);\n``` [[01;35m[K-Wdeprecated-declarations[m[K]
[6.291s]    10 |     this->declare_parameter(PARAM_RIGHT_PC_TOPIC[01;35m[K)[m[K;
[6.292s]       |                                                 [01;35m[K^[m[K
[6.292s] In file included from [01m[K/opt/ros/galactic/include/rclcpp/executors/single_threaded_executor.hpp:28[m[K,
[6.293s]                  from [01m[K/opt/ros/galactic/include/rclcpp/executors.hpp:22[m[K,
[6.294s]                  from [01m[K/opt/ros/galactic/include/rclcpp/rclcpp.hpp:156[m[K,
[6.294s]                  from [01m[K/home/ubuntu/bags/pc_merger_ws/src/pc_meger/include/mergeClouds.hpp:5[m[K,
[6.295s]                  from [01m[K/home/ubuntu/bags/pc_merger_ws/src/pc_meger/src/mergeClouds.cpp:1[m[K:
[6.295s] [01m[K/opt/ros/galactic/include/rclcpp/node.hpp:422:3:[m[K [01;36m[Knote: [m[Kdeclared here
[6.296s]   422 |   [01;36m[Kdeclare_parameter[m[K(const std::string & name);
[6.296s]       |   [01;36m[K^~~~~~~~~~~~~~~~~[m[K
[6.297s] [01m[K/home/ubuntu/bags/pc_merger_ws/src/pc_meger/src/mergeClouds.cpp:12:52:[m[K [01;35m[Kwarning: [m[K‘[01m[Kconst rclcpp::ParameterValue& rclcpp::Node::declare_parameter(const string&)[m[K’ is deprecated: declare_parameter() with only a name is deprecated and will be deleted in the future.\nIf you want to declare a parameter that won't change type without a default value use:\n`node->declare_parameter<ParameterT>(name)`, where e.g. ParameterT=int64_t.\n\nIf you want to declare a parameter that can dynamically change type use:\n```\nrcl_interfaces::msg::ParameterDescriptor descriptor;\ndescriptor.dynamic_typing = true;\nnode->declare_parameter(name, rclcpp::ParameterValue{}, descriptor);\n``` [[01;35m[K-Wdeprecated-declarations[m[K]
[6.297s]    12 |     this->declare_parameter(PARAM_FRONT_LIDAR_FRAME[01;35m[K)[m[K;
[6.298s]       |                                                    [01;35m[K^[m[K
[6.298s] In file included from [01m[K/opt/ros/galactic/include/rclcpp/executors/single_threaded_executor.hpp:28[m[K,
[6.299s]                  from [01m[K/opt/ros/galactic/include/rclcpp/executors.hpp:22[m[K,
[6.299s]                  from [01m[K/opt/ros/galactic/include/rclcpp/rclcpp.hpp:156[m[K,
[6.300s]                  from [01m[K/home/ubuntu/bags/pc_merger_ws/src/pc_meger/include/mergeClouds.hpp:5[m[K,
[6.301s]                  from [01m[K/home/ubuntu/bags/pc_merger_ws/src/pc_meger/src/mergeClouds.cpp:1[m[K:
[6.301s] [01m[K/opt/ros/galactic/include/rclcpp/node.hpp:422:3:[m[K [01;36m[Knote: [m[Kdeclared here
[6.301s]   422 |   [01;36m[Kdeclare_parameter[m[K(const std::string & name);
[6.302s]       |   [01;36m[K^~~~~~~~~~~~~~~~~[m[K
[6.307s] [01m[K/home/ubuntu/bags/pc_merger_ws/src/pc_meger/src/mergeClouds.cpp:13:51:[m[K [01;35m[Kwarning: [m[K‘[01m[Kconst rclcpp::ParameterValue& rclcpp::Node::declare_parameter(const string&)[m[K’ is deprecated: declare_parameter() with only a name is deprecated and will be deleted in the future.\nIf you want to declare a parameter that won't change type without a default value use:\n`node->declare_parameter<ParameterT>(name)`, where e.g. ParameterT=int64_t.\n\nIf you want to declare a parameter that can dynamically change type use:\n```\nrcl_interfaces::msg::ParameterDescriptor descriptor;\ndescriptor.dynamic_typing = true;\nnode->declare_parameter(name, rclcpp::ParameterValue{}, descriptor);\n``` [[01;35m[K-Wdeprecated-declarations[m[K]
[6.309s]    13 |     this->declare_parameter(PARAM_LEFT_LIDAR_FRAME[01;35m[K)[m[K;
[6.309s]       |                                                   [01;35m[K^[m[K
[6.310s] In file included from [01m[K/opt/ros/galactic/include/rclcpp/executors/single_threaded_executor.hpp:28[m[K,
[6.310s]                  from [01m[K/opt/ros/galactic/include/rclcpp/executors.hpp:22[m[K,
[6.311s]                  from [01m[K/opt/ros/galactic/include/rclcpp/rclcpp.hpp:156[m[K,
[6.312s]                  from [01m[K/home/ubuntu/bags/pc_merger_ws/src/pc_meger/include/mergeClouds.hpp:5[m[K,
[6.312s]                  from [01m[K/home/ubuntu/bags/pc_merger_ws/src/pc_meger/src/mergeClouds.cpp:1[m[K:
[6.313s] [01m[K/opt/ros/galactic/include/rclcpp/node.hpp:422:3:[m[K [01;36m[Knote: [m[Kdeclared here
[6.313s]   422 |   [01;36m[Kdeclare_parameter[m[K(const std::string & name);
[6.314s]       |   [01;36m[K^~~~~~~~~~~~~~~~~[m[K
[6.314s] [01m[K/home/ubuntu/bags/pc_merger_ws/src/pc_meger/src/mergeClouds.cpp:14:52:[m[K [01;35m[Kwarning: [m[K‘[01m[Kconst rclcpp::ParameterValue& rclcpp::Node::declare_parameter(const string&)[m[K’ is deprecated: declare_parameter() with only a name is deprecated and will be deleted in the future.\nIf you want to declare a parameter that won't change type without a default value use:\n`node->declare_parameter<ParameterT>(name)`, where e.g. ParameterT=int64_t.\n\nIf you want to declare a parameter that can dynamically change type use:\n```\nrcl_interfaces::msg::ParameterDescriptor descriptor;\ndescriptor.dynamic_typing = true;\nnode->declare_parameter(name, rclcpp::ParameterValue{}, descriptor);\n``` [[01;35m[K-Wdeprecated-declarations[m[K]
[6.315s]    14 |     this->declare_parameter(PARAM_RIGHT_LIDAR_FRAME[01;35m[K)[m[K;
[6.316s]       |                                                    [01;35m[K^[m[K
[6.316s] In file included from [01m[K/opt/ros/galactic/include/rclcpp/executors/single_threaded_executor.hpp:28[m[K,
[6.317s]                  from [01m[K/opt/ros/galactic/include/rclcpp/executors.hpp:22[m[K,
[6.317s]                  from [01m[K/opt/ros/galactic/include/rclcpp/rclcpp.hpp:156[m[K,
[6.318s]                  from [01m[K/home/ubuntu/bags/pc_merger_ws/src/pc_meger/include/mergeClouds.hpp:5[m[K,
[6.318s]                  from [01m[K/home/ubuntu/bags/pc_merger_ws/src/pc_meger/src/mergeClouds.cpp:1[m[K:
[6.319s] [01m[K/opt/ros/galactic/include/rclcpp/node.hpp:422:3:[m[K [01;36m[Knote: [m[Kdeclared here
[6.319s]   422 |   [01;36m[Kdeclare_parameter[m[K(const std::string & name);
[6.320s]       |   [01;36m[K^~~~~~~~~~~~~~~~~[m[K
[6.320s] [01m[K/home/ubuntu/bags/pc_merger_ws/src/pc_meger/src/mergeClouds.cpp:[m[K In member function ‘[01m[Kvoid PointCloudCombiner::publishCombinedPointCloud(rclcpp::Time)[m[K’:
[6.321s] [01m[K/home/ubuntu/bags/pc_merger_ws/src/pc_meger/src/mergeClouds.cpp:123:34:[m[K [01;31m[Kerror: [m[Kno match for ‘[01m[Koperator*[m[K’ (operand type is ‘[01m[Ksensor_msgs::msg::PointCloud2[m[K’ {aka ‘[01m[Ksensor_msgs::msg::PointCloud2_<std::allocator<void> >[m[K’})
[6.321s]   123 |     combined_publisher_->publish([01;31m[K*combined_msg[m[K);
[6.322s]       |                                  [01;31m[K^~~~~~~~~~~~~[m[K
[6.322s] In file included from [01m[K/usr/include/eigen3/Eigen/Core:96[m[K,
[6.323s]                  from [01m[K/usr/include/eigen3/Eigen/StdVector:14[m[K,
[6.323s]                  from [01m[K/usr/include/pcl-1.10/pcl/point_cloud.h:45[m[K,
[6.324s]                  from [01m[K/usr/include/pcl-1.10/pcl/common/transforms.h:42[m[K,
[6.324s]                  from [01m[K/opt/ros/galactic/include/pcl_ros/transforms.hpp:40[m[K,
[6.324s]                  from [01m[K/home/ubuntu/bags/pc_merger_ws/src/pc_meger/include/mergeClouds.hpp:8[m[K,
[6.325s]                  from [01m[K/home/ubuntu/bags/pc_merger_ws/src/pc_meger/src/mergeClouds.cpp:1[m[K:
[6.325s] [01m[K/usr/include/c++/9/complex:391:5:[m[K [01;36m[Knote: [m[Kcandidate: ‘[01m[Ktemplate<class _Tp> std::complex<_Tp> std::operator*(const std::complex<_Tp>&, const std::complex<_Tp>&)[m[K’
[6.326s]   391 |     [01;36m[Koperator[m[K*(const complex<_Tp>& __x, const complex<_Tp>& __y)
[6.326s]       |     [01;36m[K^~~~~~~~[m[K
[6.326s] [01m[K/usr/include/c++/9/complex:391:5:[m[K [01;36m[Knote: [m[K  template argument deduction/substitution failed:
[6.327s] [01m[K/home/ubuntu/bags/pc_merger_ws/src/pc_meger/src/mergeClouds.cpp:123:35:[m[K [01;36m[Knote: [m[K  ‘[01m[Ksensor_msgs::msg::PointCloud2[m[K’ {aka ‘[01m[Ksensor_msgs::msg::PointCloud2_<std::allocator<void> >[m[K’} is not derived from ‘[01m[Kconst std::complex<_Tp>[m[K’
[6.327s]   123 |     combined_publisher_->publish(*[01;36m[Kcombined_msg[m[K);
[6.328s]       |                                   [01;36m[K^~~~~~~~~~~~[m[K
[6.328s] In file included from [01m[K/usr/include/eigen3/Eigen/Core:96[m[K,
[6.329s]                  from [01m[K/usr/include/eigen3/Eigen/StdVector:14[m[K,
[6.329s]                  from [01m[K/usr/include/pcl-1.10/pcl/point_cloud.h:45[m[K,
[6.330s]                  from [01m[K/usr/include/pcl-1.10/pcl/common/transforms.h:42[m[K,
[6.330s]                  from [01m[K/opt/ros/galactic/include/pcl_ros/transforms.hpp:40[m[K,
[6.331s]                  from [01m[K/home/ubuntu/bags/pc_merger_ws/src/pc_meger/include/mergeClouds.hpp:8[m[K,
[6.332s]                  from [01m[K/home/ubuntu/bags/pc_merger_ws/src/pc_meger/src/mergeClouds.cpp:1[m[K:
[6.332s] [01m[K/usr/include/c++/9/complex:400:5:[m[K [01;36m[Knote: [m[Kcandidate: ‘[01m[Ktemplate<class _Tp> std::complex<_Tp> std::operator*(const std::complex<_Tp>&, const _Tp&)[m[K’
[6.335s]   400 |     [01;36m[Koperator[m[K*(const complex<_Tp>& __x, const _Tp& __y)
[6.336s]       |     [01;36m[K^~~~~~~~[m[K
[6.336s] [01m[K/usr/include/c++/9/complex:400:5:[m[K [01;36m[Knote: [m[K  template argument deduction/substitution failed:
[6.337s] [01m[K/home/ubuntu/bags/pc_merger_ws/src/pc_meger/src/mergeClouds.cpp:123:35:[m[K [01;36m[Knote: [m[K  ‘[01m[Ksensor_msgs::msg::PointCloud2[m[K’ {aka ‘[01m[Ksensor_msgs::msg::PointCloud2_<std::allocator<void> >[m[K’} is not derived from ‘[01m[Kconst std::complex<_Tp>[m[K’
[6.338s]   123 |     combined_publisher_->publish(*[01;36m[Kcombined_msg[m[K);
[6.338s]       |                                   [01;36m[K^~~~~~~~~~~~[m[K
[6.339s] In file included from [01m[K/usr/include/eigen3/Eigen/Core:96[m[K,
[6.339s]                  from [01m[K/usr/include/eigen3/Eigen/StdVector:14[m[K,
[6.340s]                  from [01m[K/usr/include/pcl-1.10/pcl/point_cloud.h:45[m[K,
[6.340s]                  from [01m[K/usr/include/pcl-1.10/pcl/common/transforms.h:42[m[K,
[6.341s]                  from [01m[K/opt/ros/galactic/include/pcl_ros/transforms.hpp:40[m[K,
[6.342s]                  from [01m[K/home/ubuntu/bags/pc_merger_ws/src/pc_meger/include/mergeClouds.hpp:8[m[K,
[6.343s]                  from [01m[K/home/ubuntu/bags/pc_merger_ws/src/pc_meger/src/mergeClouds.cpp:1[m[K:
[6.343s] [01m[K/usr/include/c++/9/complex:409:5:[m[K [01;36m[Knote: [m[Kcandidate: ‘[01m[Ktemplate<class _Tp> std::complex<_Tp> std::operator*(const _Tp&, const std::complex<_Tp>&)[m[K’
[6.344s]   409 |     [01;36m[Koperator[m[K*(const _Tp& __x, const complex<_Tp>& __y)
[6.344s]       |     [01;36m[K^~~~~~~~[m[K
[6.345s] [01m[K/usr/include/c++/9/complex:409:5:[m[K [01;36m[Knote: [m[K  template argument deduction/substitution failed:
[6.345s] [01m[K/home/ubuntu/bags/pc_merger_ws/src/pc_meger/src/mergeClouds.cpp:123:35:[m[K [01;36m[Knote: [m[K  candidate expects 2 arguments, 1 provided
[6.346s]   123 |     combined_publisher_->publish(*[01;36m[Kcombined_msg[m[K);
[6.346s]       |                                   [01;36m[K^~~~~~~~~~~~[m[K
[6.347s] [01m[K/home/ubuntu/bags/pc_merger_ws/src/pc_meger/src/mergeClouds.cpp:[m[K In function ‘[01m[Kint main(int, char**)[m[K’:
[6.347s] [01m[K/home/ubuntu/bags/pc_merger_ws/src/pc_meger/src/mergeClouds.cpp:128:33:[m[K [01;31m[Kerror: [m[K‘[01m[KPointCloudCombinerNode[m[K’ was not declared in this scope; did you mean ‘[01m[KPointCloudCombiner[m[K’?
[6.348s]   128 |   rclcpp::spin(std::make_shared<[01;31m[KPointCloudCombinerNode[m[K>("point_cloud_combiner"));
[6.348s]       |                                 [01;31m[K^~~~~~~~~~~~~~~~~~~~~~[m[K
[6.348s]       |                                 [32m[KPointCloudCombiner[m[K
[6.349s] [01m[K/home/ubuntu/bags/pc_merger_ws/src/pc_meger/src/mergeClouds.cpp:128:79:[m[K [01;31m[Kerror: [m[Kno matching function for call to ‘[01m[Kmake_shared<<expression error> >(const char [21])[m[K’
[6.349s]   128 |   rclcpp::spin(std::make_shared<PointCloudCombinerNode>("point_cloud_combiner"[01;31m[K)[m[K);
[6.350s]       |                                                                               [01;31m[K^[m[K
[6.350s] In file included from [01m[K/usr/include/c++/9/memory:81[m[K,
[6.351s]                  from [01m[K/opt/ros/galactic/include/rclcpp/rclcpp.hpp:154[m[K,
[6.351s]                  from [01m[K/home/ubuntu/bags/pc_merger_ws/src/pc_meger/include/mergeClouds.hpp:5[m[K,
[6.352s]                  from [01m[K/home/ubuntu/bags/pc_merger_ws/src/pc_meger/src/mergeClouds.cpp:1[m[K:
[6.352s] [01m[K/usr/include/c++/9/bits/shared_ptr.h:714:5:[m[K [01;36m[Knote: [m[Kcandidate: ‘[01m[Ktemplate<class _Tp, class ... _Args> std::shared_ptr<_Tp> std::make_shared(_Args&& ...)[m[K’
[6.352s]   714 |     [01;36m[Kmake_shared[m[K(_Args&&... __args)
[6.353s]       |     [01;36m[K^~~~~~~~~~~[m[K
[6.353s] [01m[K/usr/include/c++/9/bits/shared_ptr.h:714:5:[m[K [01;36m[Knote: [m[K  template argument deduction/substitution failed:
[6.354s] [01m[K/home/ubuntu/bags/pc_merger_ws/src/pc_meger/src/mergeClouds.cpp:128:79:[m[K [01;31m[Kerror: [m[Ktemplate argument 1 is invalid
[6.354s]   128 |   rclcpp::spin(std::make_shared<PointCloudCombinerNode>("point_cloud_combiner"[01;31m[K)[m[K);
[6.355s]       |                                                                               [01;31m[K^[m[K
[7.999s] In file included from [01m[K/opt/ros/galactic/include/rclcpp/subscription_base.hpp:29[m[K,
[8.000s]                  from [01m[K/opt/ros/galactic/include/rclcpp/callback_group.hpp:26[m[K,
[8.000s]                  from [01m[K/opt/ros/galactic/include/rclcpp/any_executable.hpp:20[m[K,
[8.001s]                  from [01m[K/opt/ros/galactic/include/rclcpp/memory_strategy.hpp:25[m[K,
[8.001s]                  from [01m[K/opt/ros/galactic/include/rclcpp/memory_strategies.hpp:18[m[K,
[8.002s]                  from [01m[K/opt/ros/galactic/include/rclcpp/executor_options.hpp:20[m[K,
[8.004s]                  from [01m[K/opt/ros/galactic/include/rclcpp/executor.hpp:36[m[K,
[8.005s]                  from [01m[K/opt/ros/galactic/include/rclcpp/executors/multi_threaded_executor.hpp:26[m[K,
[8.005s]                  from [01m[K/opt/ros/galactic/include/rclcpp/executors.hpp:21[m[K,
[8.006s]                  from [01m[K/opt/ros/galactic/include/rclcpp/rclcpp.hpp:156[m[K,
[8.007s]                  from [01m[K/home/ubuntu/bags/pc_merger_ws/src/pc_meger/include/mergeClouds.hpp:5[m[K,
[8.008s]                  from [01m[K/home/ubuntu/bags/pc_merger_ws/src/pc_meger/src/mergeClouds.cpp:1[m[K:
[8.008s] /opt/ros/galactic/include/rclcpp/any_subscription_callback.hpp: In instantiation of ‘[01m[Krclcpp::AnySubscriptionCallback<MessageT, AllocatorT> rclcpp::AnySubscriptionCallback<MessageT, AllocatorT>::set(CallbackT) [with CallbackT = std::_Bind<void (PointCloudCombiner::*(PointCloudCombiner*, std::_Placeholder<1>, std::__cxx11::basic_string<char>))(std::shared_ptr<sensor_msgs::msg::PointCloud2_<std::allocator<void> > >, std::__cxx11::basic_string<char>)>; MessageT = sensor_msgs::msg::PointCloud2_<std::allocator<void> >; AllocatorT = std::allocator<void>][m[K’:
[8.009s] [01m[K/opt/ros/galactic/include/rclcpp/subscription_factory.hpp:97:3:[m[K   required from ‘[01m[Krclcpp::SubscriptionFactory rclcpp::create_subscription_factory(CallbackT&&, const rclcpp::SubscriptionOptionsWithAllocator<AllocatorT>&, typename MessageMemoryStrategyT::SharedPtr, std::shared_ptr<rclcpp::topic_statistics::SubscriptionTopicStatistics<CallbackMessageT> >) [with MessageT = sensor_msgs::msg::PointCloud2_<std::allocator<void> >; CallbackT = std::_Bind<void (PointCloudCombiner::*(PointCloudCombiner*, std::_Placeholder<1>, std::__cxx11::basic_string<char>))(std::shared_ptr<sensor_msgs::msg::PointCloud2_<std::allocator<void> > >, std::__cxx11::basic_string<char>)>; AllocatorT = std::allocator<void>; CallbackMessageT = sensor_msgs::msg::PointCloud2_<std::allocator<void> >; SubscriptionT = rclcpp::Subscription<sensor_msgs::msg::PointCloud2_<std::allocator<void> > >; MessageMemoryStrategyT = rclcpp::message_memory_strategy::MessageMemoryStrategy<sensor_msgs::msg::PointCloud2_<std::allocator<void> >, std::allocator<void> >; typename MessageMemoryStrategyT::SharedPtr = std::shared_ptr<rclcpp::message_memory_strategy::MessageMemoryStrategy<sensor_msgs::msg::PointCloud2_<std::allocator<void> >, std::allocator<void> > >][m[K’
[8.010s] [01m[K/opt/ros/galactic/include/rclcpp/create_subscription.hpp:122:63:[m[K   required from ‘[01m[Kstd::shared_ptr<SubscriptionT> rclcpp::detail::create_subscription(NodeParametersT&, NodeTopicsT&, const string&, const rclcpp::QoS&, CallbackT&&, const rclcpp::SubscriptionOptionsWithAllocator<AllocatorT>&, typename MessageMemoryStrategyT::SharedPtr) [with MessageT = sensor_msgs::msg::PointCloud2_<std::allocator<void> >; CallbackT = std::_Bind<void (PointCloudCombiner::*(PointCloudCombiner*, std::_Placeholder<1>, std::__cxx11::basic_string<char>))(std::shared_ptr<sensor_msgs::msg::PointCloud2_<std::allocator<void> > >, std::__cxx11::basic_string<char>)>; AllocatorT = std::allocator<void>; CallbackMessageT = sensor_msgs::msg::PointCloud2_<std::allocator<void> >; SubscriptionT = rclcpp::Subscription<sensor_msgs::msg::PointCloud2_<std::allocator<void> > >; MessageMemoryStrategyT = rclcpp::message_memory_strategy::MessageMemoryStrategy<sensor_msgs::msg::PointCloud2_<std::allocator<void> >, std::allocator<void> >; NodeParametersT = rclcpp::Node; NodeTopicsT = rclcpp::Node; std::string = std::__cxx11::basic_string<char>; typename MessageMemoryStrategyT::SharedPtr = std::shared_ptr<rclcpp::message_memory_strategy::MessageMemoryStrategy<sensor_msgs::msg::PointCloud2_<std::allocator<void> >, std::allocator<void> > >][m[K’
[8.010s] [01m[K/opt/ros/galactic/include/rclcpp/create_subscription.hpp:197:94:[m[K   required from ‘[01m[Kstd::shared_ptr<SubscriptionT> rclcpp::create_subscription(NodeT&, const string&, const rclcpp::QoS&, CallbackT&&, const rclcpp::SubscriptionOptionsWithAllocator<AllocatorT>&, typename MessageMemoryStrategyT::SharedPtr) [with MessageT = sensor_msgs::msg::PointCloud2_<std::allocator<void> >; CallbackT = std::_Bind<void (PointCloudCombiner::*(PointCloudCombiner*, std::_Placeholder<1>, std::__cxx11::basic_string<char>))(std::shared_ptr<sensor_msgs::msg::PointCloud2_<std::allocator<void> > >, std::__cxx11::basic_string<char>)>; AllocatorT = std::allocator<void>; CallbackMessageT = sensor_msgs::msg::PointCloud2_<std::allocator<void> >; SubscriptionT = rclcpp::Subscription<sensor_msgs::msg::PointCloud2_<std::allocator<void> > >; MessageMemoryStrategyT = rclcpp::message_memory_strategy::MessageMemoryStrategy<sensor_msgs::msg::PointCloud2_<std::allocator<void> >, std::allocator<void> >; NodeT = rclcpp::Node; std::string = std::__cxx11::basic_string<char>; typename MessageMemoryStrategyT::SharedPtr = std::shared_ptr<rclcpp::message_memory_strategy::MessageMemoryStrategy<sensor_msgs::msg::PointCloud2_<std::allocator<void> >, std::allocator<void> > >][m[K’
[8.011s] [01m[K/opt/ros/galactic/include/rclcpp/node_impl.hpp:100:47:[m[K   required from ‘[01m[Kstd::shared_ptr<SubscriptionT> rclcpp::Node::create_subscription(const string&, const rclcpp::QoS&, CallbackT&&, const rclcpp::SubscriptionOptionsWithAllocator<AllocatorT>&, typename MessageMemoryStrategyT::SharedPtr) [with MessageT = sensor_msgs::msg::PointCloud2_<std::allocator<void> >; CallbackT = std::_Bind<void (PointCloudCombiner::*(PointCloudCombiner*, std::_Placeholder<1>, std::__cxx11::basic_string<char>))(std::shared_ptr<sensor_msgs::msg::PointCloud2_<std::allocator<void> > >, std::__cxx11::basic_string<char>)>; AllocatorT = std::allocator<void>; CallbackMessageT = sensor_msgs::msg::PointCloud2_<std::allocator<void> >; SubscriptionT = rclcpp::Subscription<sensor_msgs::msg::PointCloud2_<std::allocator<void> > >; MessageMemoryStrategyT = rclcpp::message_memory_strategy::MessageMemoryStrategy<sensor_msgs::msg::PointCloud2_<std::allocator<void> >, std::allocator<void> >; std::string = std::__cxx11::basic_string<char>; typename MessageMemoryStrategyT::SharedPtr = std::shared_ptr<rclcpp::message_memory_strategy::MessageMemoryStrategy<sensor_msgs::msg::PointCloud2_<std::allocator<void> >, std::allocator<void> > >][m[K’
[8.011s] [01m[K/home/ubuntu/bags/pc_merger_ws/src/pc_meger/src/mergeClouds.cpp:53:129:[m[K   required from here
[8.012s] [01m[K/opt/ros/galactic/include/rclcpp/any_subscription_callback.hpp:185:25:[m[K [01;31m[Kerror: [m[Kno match for ‘[01m[Koperator=[m[K’ (operand types are ‘[01m[Krclcpp::detail::AnySubscriptionCallbackHelper<sensor_msgs::msg::PointCloud2_<std::allocator<void> >, std::allocator<void> >::variant_type[m[K’ {aka ‘[01m[Kstd::variant<std::function<void(const sensor_msgs::msg::PointCloud2_<std::allocator<void> >&)>, std::function<void(const sensor_msgs::msg::PointCloud2_<std::allocator<void> >&, const rclcpp::MessageInfo&)>, std::function<void(std::unique_ptr<sensor_msgs::msg::PointCloud2_<std::allocator<void> >, std::default_delete<sensor_msgs::msg::PointCloud2_<std::allocator<void> > > >)>, std::function<void(std::unique_ptr<sensor_msgs::msg::PointCloud2_<std::allocator<void> >, std::default_delete<sensor_msgs::msg::PointCloud2_<std::allocator<void> > > >, const rclcpp::MessageInfo&)>, std::function<void(std::shared_ptr<const sensor_msgs::msg::PointCloud2_<std::allocator<void> > >)>, std::function<void(std::shared_ptr<const sensor_msgs::msg::PointCloud2_<std::allocator<void> > >, const rclcpp::MessageInfo&)>, std::function<void(const std::shared_ptr<const sensor_msgs::msg::PointCloud2_<std::allocator<void> > >&)>, std::function<void(const std::shared_ptr<const sensor_msgs::msg::PointCloud2_<std::allocator<void> > >&, const rclcpp::MessageInfo&)>, std::function<void(std::shared_ptr<sensor_msgs::msg::PointCloud2_<std::allocator<void> > >)>, std::function<void(std::shared_ptr<sensor_msgs::msg::PointCloud2_<std::allocator<void> > >, const rclcpp::MessageInfo&)> >[m[K’} and ‘[01m[Krclcpp::detail::SubscriptionCallbackTypeHelper<sensor_msgs::msg::PointCloud2_<std::allocator<void> >, std::_Bind<void (PointCloudCombiner::*(PointCloudCombiner*, std::_Placeholder<1>, std::__cxx11::basic_string<char>))(std::shared_ptr<sensor_msgs::msg::PointCloud2_<std::allocator<void> > >, std::__cxx11::basic_string<char>)>, void>::callback_type[m[K’ {aka ‘[01m[Kstd::function<void(std::shared_ptr<sensor_msgs::msg::PointCloud2_<std::allocator<void> > >, std::__cxx11::basic_string<char>)>[m[K’})
[8.012s]   185 |       [01;31m[Kcallback_variant_ = static_cast<typename scbth::callback_type>(callback)[m[K;
[8.013s]       |       [01;31m[K~~~~~~~~~~~~~~~~~~^~~~~~~~~~~~~~~~~~~~~~~~~~~~~~~~~~~~~~~~~~~~~~~~~~~~~~[m[K
[8.014s] In file included from [01m[K/opt/ros/galactic/include/rclcpp/any_subscription_callback.hpp:23[m[K,
[8.014s]                  from [01m[K/opt/ros/galactic/include/rclcpp/subscription_base.hpp:29[m[K,
[8.015s]                  from [01m[K/opt/ros/galactic/include/rclcpp/callback_group.hpp:26[m[K,
[8.015s]                  from [01m[K/opt/ros/galactic/include/rclcpp/any_executable.hpp:20[m[K,
[8.015s]                  from [01m[K/opt/ros/galactic/include/rclcpp/memory_strategy.hpp:25[m[K,
[8.016s]                  from [01m[K/opt/ros/galactic/include/rclcpp/memory_strategies.hpp:18[m[K,
[8.016s]                  from [01m[K/opt/ros/galactic/include/rclcpp/executor_options.hpp:20[m[K,
[8.017s]                  from [01m[K/opt/ros/galactic/include/rclcpp/executor.hpp:36[m[K,
[8.017s]                  from [01m[K/opt/ros/galactic/include/rclcpp/executors/multi_threaded_executor.hpp:26[m[K,
[8.018s]                  from [01m[K/opt/ros/galactic/include/rclcpp/executors.hpp:21[m[K,
[8.018s]                  from [01m[K/opt/ros/galactic/include/rclcpp/rclcpp.hpp:156[m[K,
[8.019s]                  from [01m[K/home/ubuntu/bags/pc_merger_ws/src/pc_meger/include/mergeClouds.hpp:5[m[K,
[8.019s]                  from [01m[K/home/ubuntu/bags/pc_merger_ws/src/pc_meger/src/mergeClouds.cpp:1[m[K:
[8.020s] [01m[K/usr/include/c++/9/variant:1299:16:[m[K [01;36m[Knote: [m[Kcandidate: ‘[01m[Kstd::variant<_Types>& std::variant<_Types>::operator=(const std::variant<_Types>&) [with _Types = {std::function<void(const sensor_msgs::msg::PointCloud2_<std::allocator<void> >&)>, std::function<void(const sensor_msgs::msg::PointCloud2_<std::allocator<void> >&, const rclcpp::MessageInfo&)>, std::function<void(std::unique_ptr<sensor_msgs::msg::PointCloud2_<std::allocator<void> >, std::default_delete<sensor_msgs::msg::PointCloud2_<std::allocator<void> > > >)>, std::function<void(std::unique_ptr<sensor_msgs::msg::PointCloud2_<std::allocator<void> >, std::default_delete<sensor_msgs::msg::PointCloud2_<std::allocator<void> > > >, const rclcpp::MessageInfo&)>, std::function<void(std::shared_ptr<const sensor_msgs::msg::PointCloud2_<std::allocator<void> > >)>, std::function<void(std::shared_ptr<const sensor_msgs::msg::PointCloud2_<std::allocator<void> > >, const rclcpp::MessageInfo&)>, std::function<void(const std::shared_ptr<const sensor_msgs::msg::PointCloud2_<std::allocator<void> > >&)>, std::function<void(const std::shared_ptr<const sensor_msgs::msg::PointCloud2_<std::allocator<void> > >&, const rclcpp::MessageInfo&)>, std::function<void(std::shared_ptr<sensor_msgs::msg::PointCloud2_<std::allocator<void> > >)>, std::function<void(std::shared_ptr<sensor_msgs::msg::PointCloud2_<std::allocator<void> > >, const rclcpp::MessageInfo&)>}][m[K’
[8.021s]  1299 |       variant& [01;36m[Koperator[m[K=(const variant&) = default;
[8.021s]       |                [01;36m[K^~~~~~~~[m[K
[8.022s] [01m[K/usr/include/c++/9/variant:1299:26:[m[K [01;36m[Knote: [m[K  no known conversion for argument 1 from ‘[01m[Krclcpp::detail::SubscriptionCallbackTypeHelper<sensor_msgs::msg::PointCloud2_<std::allocator<void> >, std::_Bind<void (PointCloudCombiner::*(PointCloudCombiner*, std::_Placeholder<1>, std::__cxx11::basic_string<char>))(std::shared_ptr<sensor_msgs::msg::PointCloud2_<std::allocator<void> > >, std::__cxx11::basic_string<char>)>, void>::callback_type[m[K’ {aka ‘[01m[Kstd::function<void(std::shared_ptr<sensor_msgs::msg::PointCloud2_<std::allocator<void> > >, std::__cxx11::basic_string<char>)>[m[K’} to ‘[01m[Kconst std::variant<std::function<void(const sensor_msgs::msg::PointCloud2_<std::allocator<void> >&)>, std::function<void(const sensor_msgs::msg::PointCloud2_<std::allocator<void> >&, const rclcpp::MessageInfo&)>, std::function<void(std::unique_ptr<sensor_msgs::msg::PointCloud2_<std::allocator<void> >, std::default_delete<sensor_msgs::msg::PointCloud2_<std::allocator<void> > > >)>, std::function<void(std::unique_ptr<sensor_msgs::msg::PointCloud2_<std::allocator<void> >, std::default_delete<sensor_msgs::msg::PointCloud2_<std::allocator<void> > > >, const rclcpp::MessageInfo&)>, std::function<void(std::shared_ptr<const sensor_msgs::msg::PointCloud2_<std::allocator<void> > >)>, std::function<void(std::shared_ptr<const sensor_msgs::msg::PointCloud2_<std::allocator<void> > >, const rclcpp::MessageInfo&)>, std::function<void(const std::shared_ptr<const sensor_msgs::msg::PointCloud2_<std::allocator<void> > >&)>, std::function<void(const std::shared_ptr<const sensor_msgs::msg::PointCloud2_<std::allocator<void> > >&, const rclcpp::MessageInfo&)>, std::function<void(std::shared_ptr<sensor_msgs::msg::PointCloud2_<std::allocator<void> > >)>, std::function<void(std::shared_ptr<sensor_msgs::msg::PointCloud2_<std::allocator<void> > >, const rclcpp::MessageInfo&)> >&[m[K’
[8.023s]  1299 |       variant& operator=([01;36m[Kconst variant&[m[K) = default;
[8.023s]       |                          [01;36m[K^~~~~~~~~~~~~~[m[K
[8.024s] [01m[K/usr/include/c++/9/variant:1300:16:[m[K [01;36m[Knote: [m[Kcandidate: ‘[01m[Kstd::variant<_Types>& std::variant<_Types>::operator=(std::variant<_Types>&&) [with _Types = {std::function<void(const sensor_msgs::msg::PointCloud2_<std::allocator<void> >&)>, std::function<void(const sensor_msgs::msg::PointCloud2_<std::allocator<void> >&, const rclcpp::MessageInfo&)>, std::function<void(std::unique_ptr<sensor_msgs::msg::PointCloud2_<std::allocator<void> >, std::default_delete<sensor_msgs::msg::PointCloud2_<std::allocator<void> > > >)>, std::function<void(std::unique_ptr<sensor_msgs::msg::PointCloud2_<std::allocator<void> >, std::default_delete<sensor_msgs::msg::PointCloud2_<std::allocator<void> > > >, const rclcpp::MessageInfo&)>, std::function<void(std::shared_ptr<const sensor_msgs::msg::PointCloud2_<std::allocator<void> > >)>, std::function<void(std::shared_ptr<const sensor_msgs::msg::PointCloud2_<std::allocator<void> > >, const rclcpp::MessageInfo&)>, std::function<void(const std::shared_ptr<const sensor_msgs::msg::PointCloud2_<std::allocator<void> > >&)>, std::function<void(const std::shared_ptr<const sensor_msgs::msg::PointCloud2_<std::allocator<void> > >&, const rclcpp::MessageInfo&)>, std::function<void(std::shared_ptr<sensor_msgs::msg::PointCloud2_<std::allocator<void> > >)>, std::function<void(std::shared_ptr<sensor_msgs::msg::PointCloud2_<std::allocator<void> > >, const rclcpp::MessageInfo&)>}][m[K’
[8.024s]  1300 |       variant& [01;36m[Koperator[m[K=(variant&&) = default;
[8.025s]       |                [01;36m[K^~~~~~~~[m[K
[8.026s] [01m[K/usr/include/c++/9/variant:1300:26:[m[K [01;36m[Knote: [m[K  no known conversion for argument 1 from ‘[01m[Krclcpp::detail::SubscriptionCallbackTypeHelper<sensor_msgs::msg::PointCloud2_<std::allocator<void> >, std::_Bind<void (PointCloudCombiner::*(PointCloudCombiner*, std::_Placeholder<1>, std::__cxx11::basic_string<char>))(std::shared_ptr<sensor_msgs::msg::PointCloud2_<std::allocator<void> > >, std::__cxx11::basic_string<char>)>, void>::callback_type[m[K’ {aka ‘[01m[Kstd::function<void(std::shared_ptr<sensor_msgs::msg::PointCloud2_<std::allocator<void> > >, std::__cxx11::basic_string<char>)>[m[K’} to ‘[01m[Kstd::variant<std::function<void(const sensor_msgs::msg::PointCloud2_<std::allocator<void> >&)>, std::function<void(const sensor_msgs::msg::PointCloud2_<std::allocator<void> >&, const rclcpp::MessageInfo&)>, std::function<void(std::unique_ptr<sensor_msgs::msg::PointCloud2_<std::allocator<void> >, std::default_delete<sensor_msgs::msg::PointCloud2_<std::allocator<void> > > >)>, std::function<void(std::unique_ptr<sensor_msgs::msg::PointCloud2_<std::allocator<void> >, std::default_delete<sensor_msgs::msg::PointCloud2_<std::allocator<void> > > >, const rclcpp::MessageInfo&)>, std::function<void(std::shared_ptr<const sensor_msgs::msg::PointCloud2_<std::allocator<void> > >)>, std::function<void(std::shared_ptr<const sensor_msgs::msg::PointCloud2_<std::allocator<void> > >, const rclcpp::MessageInfo&)>, std::function<void(const std::shared_ptr<const sensor_msgs::msg::PointCloud2_<std::allocator<void> > >&)>, std::function<void(const std::shared_ptr<const sensor_msgs::msg::PointCloud2_<std::allocator<void> > >&, const rclcpp::MessageInfo&)>, std::function<void(std::shared_ptr<sensor_msgs::msg::PointCloud2_<std::allocator<void> > >)>, std::function<void(std::shared_ptr<sensor_msgs::msg::PointCloud2_<std::allocator<void> > >, const rclcpp::MessageInfo&)> >&&[m[K’
[8.026s]  1300 |       variant& operator=([01;36m[Kvariant&&[m[K) = default;
[8.027s]       |                          [01;36m[K^~~~~~~~~[m[K
[8.028s] [01m[K/usr/include/c++/9/variant:1362:2:[m[K [01;36m[Knote: [m[Kcandidate: ‘[01m[Ktemplate<class _Tp> std::enable_if_t<((__exactly_once<std::variant<_Types>::__accepted_type<_Tp&&, typename std::enable_if<__not_self<_Tp&&>, void>::type> > && is_constructible_v<std::variant<_Types>::__accepted_type<_Tp&&, typename std::enable_if<__not_self<_Tp&&>, void>::type>, _Tp>) && is_assignable_v<std::variant<_Types>::__accepted_type<_Tp&&, typename std::enable_if<__not_self<_Tp&&>, void>::type>&, _Tp>), std::variant<_Types>&> std::variant<_Types>::operator=(_Tp&&) [with _Tp = _Tp; _Types = {std::function<void(const sensor_msgs::msg::PointCloud2_<std::allocator<void> >&)>, std::function<void(const sensor_msgs::msg::PointCloud2_<std::allocator<void> >&, const rclcpp::MessageInfo&)>, std::function<void(std::unique_ptr<sensor_msgs::msg::PointCloud2_<std::allocator<void> >, std::default_delete<sensor_msgs::msg::PointCloud2_<std::allocator<void> > > >)>, std::function<void(std::unique_ptr<sensor_msgs::msg::PointCloud2_<std::allocator<void> >, std::default_delete<sensor_msgs::msg::PointCloud2_<std::allocator<void> > > >, const rclcpp::MessageInfo&)>, std::function<void(std::shared_ptr<const sensor_msgs::msg::PointCloud2_<std::allocator<void> > >)>, std::function<void(std::shared_ptr<const sensor_msgs::msg::PointCloud2_<std::allocator<void> > >, const rclcpp::MessageInfo&)>, std::function<void(const std::shared_ptr<const sensor_msgs::msg::PointCloud2_<std::allocator<void> > >&)>, std::function<void(const std::shared_ptr<const sensor_msgs::msg::PointCloud2_<std::allocator<void> > >&, const rclcpp::MessageInfo&)>, std::function<void(std::shared_ptr<sensor_msgs::msg::PointCloud2_<std::allocator<void> > >)>, std::function<void(std::shared_ptr<sensor_msgs::msg::PointCloud2_<std::allocator<void> > >, const rclcpp::MessageInfo&)>}][m[K’
[8.028s]  1362 |  [01;36m[Koperator[m[K=(_Tp&& __rhs)
[8.032s]       |  [01;36m[K^~~~~~~~[m[K
[8.035s] [01m[K/usr/include/c++/9/variant:1362:2:[m[K [01;36m[Knote: [m[K  template argument deduction/substitution failed:
[8.036s] /usr/include/c++/9/variant: In substitution of ‘[01m[Ktemplate<class ... _Types> template<class _Tp, class> using __accepted_type = std::variant<_Types>::__to_type<__accepted_index<_Tp> > [with _Tp = std::function<void(std::shared_ptr<sensor_msgs::msg::PointCloud2_<std::allocator<void> > >, std::__cxx11::basic_string<char>)>&&; <template-parameter-2-2> = std::enable_if<true, void>::type; _Types = {std::function<void(const sensor_msgs::msg::PointCloud2_<std::allocator<void> >&)>, std::function<void(const sensor_msgs::msg::PointCloud2_<std::allocator<void> >&, const rclcpp::MessageInfo&)>, std::function<void(std::unique_ptr<sensor_msgs::msg::PointCloud2_<std::allocator<void> >, std::default_delete<sensor_msgs::msg::PointCloud2_<std::allocator<void> > > >)>, std::function<void(std::unique_ptr<sensor_msgs::msg::PointCloud2_<std::allocator<void> >, std::default_delete<sensor_msgs::msg::PointCloud2_<std::allocator<void> > > >, const rclcpp::MessageInfo&)>, std::function<void(std::shared_ptr<const sensor_msgs::msg::PointCloud2_<std::allocator<void> > >)>, std::function<void(std::shared_ptr<const sensor_msgs::msg::PointCloud2_<std::allocator<void> > >, const rclcpp::MessageInfo&)>, std::function<void(const std::shared_ptr<const sensor_msgs::msg::PointCloud2_<std::allocator<void> > >&)>, std::function<void(const std::shared_ptr<const sensor_msgs::msg::PointCloud2_<std::allocator<void> > >&, const rclcpp::MessageInfo&)>, std::function<void(std::shared_ptr<sensor_msgs::msg::PointCloud2_<std::allocator<void> > >)>, std::function<void(std::shared_ptr<sensor_msgs::msg::PointCloud2_<std::allocator<void> > >, const rclcpp::MessageInfo&)>}][m[K’:
[8.036s] [01m[K/usr/include/c++/9/variant:1358:14:[m[K   required by substitution of ‘[01m[Ktemplate<class _Tp> std::enable_if_t<((__exactly_once<std::variant<std::function<void(const sensor_msgs::msg::PointCloud2_<std::allocator<void> >&)>, std::function<void(const sensor_msgs::msg::PointCloud2_<std::allocator<void> >&, const rclcpp::MessageInfo&)>, std::function<void(std::unique_ptr<sensor_msgs::msg::PointCloud2_<std::allocator<void> >, std::default_delete<sensor_msgs::msg::PointCloud2_<std::allocator<void> > > >)>, std::function<void(std::unique_ptr<sensor_msgs::msg::PointCloud2_<std::allocator<void> >, std::default_delete<sensor_msgs::msg::PointCloud2_<std::allocator<void> > > >, const rclcpp::MessageInfo&)>, std::function<void(std::shared_ptr<const sensor_msgs::msg::PointCloud2_<std::allocator<void> > >)>, std::function<void(std::shared_ptr<const sensor_msgs::msg::PointCloud2_<std::allocator<void> > >, const rclcpp::MessageInfo&)>, std::function<void(const std::shared_ptr<const sensor_msgs::msg::PointCloud2_<std::allocator<void> > >&)>, std::function<void(const std::shared_ptr<const sensor_msgs::msg::PointCloud2_<std::allocator<void> > >&, const rclcpp::MessageInfo&)>, std::function<void(std::shared_ptr<sensor_msgs::msg::PointCloud2_<std::allocator<void> > >)>, std::function<void(std::shared_ptr<sensor_msgs::msg::PointCloud2_<std::allocator<void> > >, const rclcpp::MessageInfo&)> >::__accepted_type<_Tp&&, typename std::enable_if<__not_self<_Tp&&>, void>::type> > && is_constructible_v<std::variant<std::function<void(const sensor_msgs::msg::PointCloud2_<std::allocator<void> >&)>, std::function<void(const sensor_msgs::msg::PointCloud2_<std::allocator<void> >&, const rclcpp::MessageInfo&)>, std::function<void(std::unique_ptr<sensor_msgs::msg::PointCloud2_<std::allocator<void> >, std::default_delete<sensor_msgs::msg::PointCloud2_<std::allocator<void> > > >)>, std::function<void(std::unique_ptr<sensor_msgs::msg::PointCloud2_<std::allocator<void> >, std::default_delete<sensor_msgs::msg::PointCloud2_<std::allocator<void> > > >, const rclcpp::MessageInfo&)>, std::function<void(std::shared_ptr<const sensor_msgs::msg::PointCloud2_<std::allocator<void> > >)>, std::function<void(std::shared_ptr<const sensor_msgs::msg::PointCloud2_<std::allocator<void> > >, const rclcpp::MessageInfo&)>, std::function<void(const std::shared_ptr<const sensor_msgs::msg::PointCloud2_<std::allocator<void> > >&)>, std::function<void(const std::shared_ptr<const sensor_msgs::msg::PointCloud2_<std::allocator<void> > >&, const rclcpp::MessageInfo&)>, std::function<void(std::shared_ptr<sensor_msgs::msg::PointCloud2_<std::allocator<void> > >)>, std::function<void(std::shared_ptr<sensor_msgs::msg::PointCloud2_<std::allocator<void> > >, const rclcpp::MessageInfo&)> >::__accepted_type<_Tp&&, typename std::enable_if<__not_self<_Tp&&>, void>::type>, _Tp>) && is_assignable_v<std::variant<std::function<void(const sensor_msgs::msg::PointCloud2_<std::allocator<void> >&)>, std::function<void(const sensor_msgs::msg::PointCloud2_<std::allocator<void> >&, const rclcpp::MessageInfo&)>, std::function<void(std::unique_ptr<sensor_msgs::msg::PointCloud2_<std::allocator<void> >, std::default_delete<sensor_msgs::msg::PointCloud2_<std::allocator<void> > > >)>, std::function<void(std::unique_ptr<sensor_msgs::msg::PointCloud2_<std::allocator<void> >, std::default_delete<sensor_msgs::msg::PointCloud2_<std::allocator<void> > > >, const rclcpp::MessageInfo&)>, std::function<void(std::shared_ptr<const sensor_msgs::msg::PointCloud2_<std::allocator<void> > >)>, std::function<void(std::shared_ptr<const sensor_msgs::msg::PointCloud2_<std::allocator<void> > >, const rclcpp::MessageInfo&)>, std::function<void(const std::shared_ptr<const sensor_msgs::msg::PointCloud2_<std::allocator<void> > >&)>, std::function<void(const std::shared_ptr<const sensor_msgs::msg::PointCloud2_<std::allocator<void> > >&, const rclcpp::MessageInfo&)>, std::function<void(std::shared_ptr<sensor_msgs::msg::PointCloud2_<std::allocator<void> > >)>, std::function<void(std::shared_ptr<sensor_msgs::msg::PointCloud2_<std::allocator<void> > >, const rclcpp::MessageInfo&)> >::__accepted_type<_Tp&&, typename std::enable_if<__not_self<_Tp&&>, void>::type>&, _Tp>), std::variant<std::function<void(const sensor_msgs::msg::PointCloud2_<std::allocator<void> >&)>, std::function<void(const sensor_msgs::msg::PointCloud2_<std::allocator<void> >&, const rclcpp::MessageInfo&)>, std::function<void(std::unique_ptr<sensor_msgs::msg::PointCloud2_<std::allocator<void> >, std::default_delete<sensor_msgs::msg::PointCloud2_<std::allocator<void> > > >)>, std::function<void(std::unique_ptr<sensor_msgs::msg::PointCloud2_<std::allocator<void> >, std::default_delete<sensor_msgs::msg::PointCloud2_<std::allocator<void> > > >, const rclcpp::MessageInfo&)>, std::function<void(std::shared_ptr<const sensor_msgs::msg::PointCloud2_<std::allocator<void> > >)>, std::function<void(std::shared_ptr<const sensor_msgs::msg::PointCloud2_<std::allocator<void> > >, const rclcpp::MessageInfo&)>, std::function<void(const std::shared_ptr<const sensor_msgs::msg::PointCloud2_<std::allocator<void> > >&)>, std::function<void(const std::shared_ptr<const sensor_msgs::msg::PointCloud2_<std::allocator<void> > >&, const rclcpp::MessageInfo&)>, std::function<void(std::shared_ptr<sensor_msgs::msg::PointCloud2_<std::allocator<void> > >)>, std::function<void(std::shared_ptr<sensor_msgs::msg::PointCloud2_<std::allocator<void> > >, const rclcpp::MessageInfo&)> >&> std::variant<std::function<void(const sensor_msgs::msg::PointCloud2_<std::allocator<void> >&)>, std::function<void(const sensor_msgs::msg::PointCloud2_<std::allocator<void> >&, const rclcpp::MessageInfo&)>, std::function<void(std::unique_ptr<sensor_msgs::msg::PointCloud2_<std::allocator<void> >, std::default_delete<sensor_msgs::msg::PointCloud2_<std::allocator<void> > > >)>, std::function<void(std::unique_ptr<sensor_msgs::msg::PointCloud2_<std::allocator<void> >, std::default_delete<sensor_msgs::msg::PointCloud2_<std::allocator<void> > > >, const rclcpp::MessageInfo&)>, std::function<void(std::shared_ptr<const sensor_msgs::msg::PointCloud2_<std::allocator<void> > >)>, std::function<void(std::shared_ptr<const sensor_msgs::msg::PointCloud2_<std::allocator<void> > >, const rclcpp::MessageInfo&)>, std::function<void(const std::shared_ptr<const sensor_msgs::msg::PointCloud2_<std::allocator<void> > >&)>, std::function<void(const std::shared_ptr<const sensor_msgs::msg::PointCloud2_<std::allocator<void> > >&, const rclcpp::MessageInfo&)>, std::function<void(std::shared_ptr<sensor_msgs::msg::PointCloud2_<std::allocator<void> > >)>, std::function<void(std::shared_ptr<sensor_msgs::msg::PointCloud2_<std::allocator<void> > >, const rclcpp::MessageInfo&)> >::operator=<_Tp>(_Tp&&) [with _Tp = std::function<void(std::shared_ptr<sensor_msgs::msg::PointCloud2_<std::allocator<void> > >, std::__cxx11::basic_string<char>)>][m[K’
[8.038s] [01m[K/opt/ros/galactic/include/rclcpp/any_subscription_callback.hpp:185:25:[m[K   required from ‘[01m[Krclcpp::AnySubscriptionCallback<MessageT, AllocatorT> rclcpp::AnySubscriptionCallback<MessageT, AllocatorT>::set(CallbackT) [with CallbackT = std::_Bind<void (PointCloudCombiner::*(PointCloudCombiner*, std::_Placeholder<1>, std::__cxx11::basic_string<char>))(std::shared_ptr<sensor_msgs::msg::PointCloud2_<std::allocator<void> > >, std::__cxx11::basic_string<char>)>; MessageT = sensor_msgs::msg::PointCloud2_<std::allocator<void> >; AllocatorT = std::allocator<void>][m[K’
[8.039s] [01m[K/opt/ros/galactic/include/rclcpp/subscription_factory.hpp:97:3:[m[K   required from ‘[01m[Krclcpp::SubscriptionFactory rclcpp::create_subscription_factory(CallbackT&&, const rclcpp::SubscriptionOptionsWithAllocator<AllocatorT>&, typename MessageMemoryStrategyT::SharedPtr, std::shared_ptr<rclcpp::topic_statistics::SubscriptionTopicStatistics<CallbackMessageT> >) [with MessageT = sensor_msgs::msg::PointCloud2_<std::allocator<void> >; CallbackT = std::_Bind<void (PointCloudCombiner::*(PointCloudCombiner*, std::_Placeholder<1>, std::__cxx11::basic_string<char>))(std::shared_ptr<sensor_msgs::msg::PointCloud2_<std::allocator<void> > >, std::__cxx11::basic_string<char>)>; AllocatorT = std::allocator<void>; CallbackMessageT = sensor_msgs::msg::PointCloud2_<std::allocator<void> >; SubscriptionT = rclcpp::Subscription<sensor_msgs::msg::PointCloud2_<std::allocator<void> > >; MessageMemoryStrategyT = rclcpp::message_memory_strategy::MessageMemoryStrategy<sensor_msgs::msg::PointCloud2_<std::allocator<void> >, std::allocator<void> >; typename MessageMemoryStrategyT::SharedPtr = std::shared_ptr<rclcpp::message_memory_strategy::MessageMemoryStrategy<sensor_msgs::msg::PointCloud2_<std::allocator<void> >, std::allocator<void> > >][m[K’
[8.040s] [01m[K/opt/ros/galactic/include/rclcpp/create_subscription.hpp:122:63:[m[K   required from ‘[01m[Kstd::shared_ptr<SubscriptionT> rclcpp::detail::create_subscription(NodeParametersT&, NodeTopicsT&, const string&, const rclcpp::QoS&, CallbackT&&, const rclcpp::SubscriptionOptionsWithAllocator<AllocatorT>&, typename MessageMemoryStrategyT::SharedPtr) [with MessageT = sensor_msgs::msg::PointCloud2_<std::allocator<void> >; CallbackT = std::_Bind<void (PointCloudCombiner::*(PointCloudCombiner*, std::_Placeholder<1>, std::__cxx11::basic_string<char>))(std::shared_ptr<sensor_msgs::msg::PointCloud2_<std::allocator<void> > >, std::__cxx11::basic_string<char>)>; AllocatorT = std::allocator<void>; CallbackMessageT = sensor_msgs::msg::PointCloud2_<std::allocator<void> >; SubscriptionT = rclcpp::Subscription<sensor_msgs::msg::PointCloud2_<std::allocator<void> > >; MessageMemoryStrategyT = rclcpp::message_memory_strategy::MessageMemoryStrategy<sensor_msgs::msg::PointCloud2_<std::allocator<void> >, std::allocator<void> >; NodeParametersT = rclcpp::Node; NodeTopicsT = rclcpp::Node; std::string = std::__cxx11::basic_string<char>; typename MessageMemoryStrategyT::SharedPtr = std::shared_ptr<rclcpp::message_memory_strategy::MessageMemoryStrategy<sensor_msgs::msg::PointCloud2_<std::allocator<void> >, std::allocator<void> > >][m[K’
[8.040s] [01m[K/opt/ros/galactic/include/rclcpp/create_subscription.hpp:197:94:[m[K   required from ‘[01m[Kstd::shared_ptr<SubscriptionT> rclcpp::create_subscription(NodeT&, const string&, const rclcpp::QoS&, CallbackT&&, const rclcpp::SubscriptionOptionsWithAllocator<AllocatorT>&, typename MessageMemoryStrategyT::SharedPtr) [with MessageT = sensor_msgs::msg::PointCloud2_<std::allocator<void> >; CallbackT = std::_Bind<void (PointCloudCombiner::*(PointCloudCombiner*, std::_Placeholder<1>, std::__cxx11::basic_string<char>))(std::shared_ptr<sensor_msgs::msg::PointCloud2_<std::allocator<void> > >, std::__cxx11::basic_string<char>)>; AllocatorT = std::allocator<void>; CallbackMessageT = sensor_msgs::msg::PointCloud2_<std::allocator<void> >; SubscriptionT = rclcpp::Subscription<sensor_msgs::msg::PointCloud2_<std::allocator<void> > >; MessageMemoryStrategyT = rclcpp::message_memory_strategy::MessageMemoryStrategy<sensor_msgs::msg::PointCloud2_<std::allocator<void> >, std::allocator<void> >; NodeT = rclcpp::Node; std::string = std::__cxx11::basic_string<char>; typename MessageMemoryStrategyT::SharedPtr = std::shared_ptr<rclcpp::message_memory_strategy::MessageMemoryStrategy<sensor_msgs::msg::PointCloud2_<std::allocator<void> >, std::allocator<void> > >][m[K’
[8.041s] [01m[K/opt/ros/galactic/include/rclcpp/node_impl.hpp:100:47:[m[K   required from ‘[01m[Kstd::shared_ptr<SubscriptionT> rclcpp::Node::create_subscription(const string&, const rclcpp::QoS&, CallbackT&&, const rclcpp::SubscriptionOptionsWithAllocator<AllocatorT>&, typename MessageMemoryStrategyT::SharedPtr) [with MessageT = sensor_msgs::msg::PointCloud2_<std::allocator<void> >; CallbackT = std::_Bind<void (PointCloudCombiner::*(PointCloudCombiner*, std::_Placeholder<1>, std::__cxx11::basic_string<char>))(std::shared_ptr<sensor_msgs::msg::PointCloud2_<std::allocator<void> > >, std::__cxx11::basic_string<char>)>; AllocatorT = std::allocator<void>; CallbackMessageT = sensor_msgs::msg::PointCloud2_<std::allocator<void> >; SubscriptionT = rclcpp::Subscription<sensor_msgs::msg::PointCloud2_<std::allocator<void> > >; MessageMemoryStrategyT = rclcpp::message_memory_strategy::MessageMemoryStrategy<sensor_msgs::msg::PointCloud2_<std::allocator<void> >, std::allocator<void> >; std::string = std::__cxx11::basic_string<char>; typename MessageMemoryStrategyT::SharedPtr = std::shared_ptr<rclcpp::message_memory_strategy::MessageMemoryStrategy<sensor_msgs::msg::PointCloud2_<std::allocator<void> >, std::allocator<void> > >][m[K’
[8.042s] [01m[K/home/ubuntu/bags/pc_merger_ws/src/pc_meger/src/mergeClouds.cpp:53:129:[m[K   required from here
[8.042s] [01m[K/usr/include/c++/9/variant:1276:8:[m[K [01;31m[Kerror: [m[Kno type named ‘[01m[Ktype[m[K’ in ‘[01m[Kstruct std::enable_if<false, void>[m[K’
[8.043s]  1276 |  using [01;31m[K__accepted_type[m[K = __to_type<__accepted_index<_Tp>>;
[8.043s]       |        [01;31m[K^~~~~~~~~~~~~~~[m[K
[10.673s] make[2]: *** [CMakeFiles/pc_merger.dir/build.make:63: CMakeFiles/pc_merger.dir/src/mergeClouds.cpp.o] Error 1
[10.674s] make[1]: *** [CMakeFiles/Makefile2:78: CMakeFiles/pc_merger.dir/all] Error 2
[10.675s] make: *** [Makefile:141: all] Error 2
[10.679s] Invoked command in '/home/ubuntu/bags/pc_merger_ws/src/build/pc_merger' returned '2': CMAKE_PREFIX_PATH=/opt/ros/galactic /usr/bin/cmake --build /home/ubuntu/bags/pc_merger_ws/src/build/pc_merger -- -j8 -l8
