[0.039s] Invoking command in '/home/ubuntu/bags/pc_merger_ws/src/build/pc_merger': CMAKE_PREFIX_PATH=${CMAKE_PREFIX_PATH}:/opt/ros/galactic /usr/bin/cmake --build /home/ubuntu/bags/pc_merger_ws/src/build/pc_merger -- -j8 -l8
[0.164s] [35m[1mScanning dependencies of target pc_merger[0m
[2.907s] [ 50%] [32mBuilding CXX object CMakeFiles/pc_merger.dir/src/mergeClouds.cpp.o[0m
[8.996s] In file included from [01m[K/home/ubuntu/bags/pc_merger_ws/src/pc_meger/src/mergeClouds.cpp:1[m[K:
[8.997s] [01m[K/home/ubuntu/bags/pc_merger_ws/src/pc_meger/include/mergeClouds.hpp:45:22:[m[K [01;35m[Kwarning: [m[Kextra ‘[01m[K;[m[K’ [[01;35m[K-Wpedantic[m[K]
[8.998s]    45 |     PCL_ADD_INTENSITY[01;35m[K;[m[K
[8.998s]       |                      [01;35m[K^[m[K
[8.999s]       |                      [31m[K-[m[K
[9.051s] [01m[K/home/ubuntu/bags/pc_merger_ws/src/pc_meger/src/mergeClouds.cpp:[m[K In constructor ‘[01m[KPointCloudCombiner::PointCloudCombiner(const string&)[m[K’:
[9.052s] [01m[K/home/ubuntu/bags/pc_merger_ws/src/pc_meger/src/mergeClouds.cpp:7:50:[m[K [01;35m[Kwarning: [m[K‘[01m[Kconst rclcpp::ParameterValue& rclcpp::Node::declare_parameter(const string&)[m[K’ is deprecated: declare_parameter() with only a name is deprecated and will be deleted in the future.\nIf you want to declare a parameter that won't change type without a default value use:\n`node->declare_parameter<ParameterT>(name)`, where e.g. ParameterT=int64_t.\n\nIf you want to declare a parameter that can dynamically change type use:\n```\nrcl_interfaces::msg::ParameterDescriptor descriptor;\ndescriptor.dynamic_typing = true;\nnode->declare_parameter(name, rclcpp::ParameterValue{}, descriptor);\n``` [[01;35m[K-Wdeprecated-declarations[m[K]
[9.053s]     7 |     this->declare_parameter(PARAM_MERGED_PC_TOPIC[01;35m[K)[m[K;
[9.054s]       |                                                  [01;35m[K^[m[K
[9.054s] In file included from [01m[K/opt/ros/galactic/include/rclcpp/executors/single_threaded_executor.hpp:28[m[K,
[9.055s]                  from [01m[K/opt/ros/galactic/include/rclcpp/executors.hpp:22[m[K,
[9.061s]                  from [01m[K/opt/ros/galactic/include/rclcpp/rclcpp.hpp:156[m[K,
[9.062s]                  from [01m[K/home/ubuntu/bags/pc_merger_ws/src/pc_meger/include/mergeClouds.hpp:5[m[K,
[9.063s]                  from [01m[K/home/ubuntu/bags/pc_merger_ws/src/pc_meger/src/mergeClouds.cpp:1[m[K:
[9.064s] [01m[K/opt/ros/galactic/include/rclcpp/node.hpp:422:3:[m[K [01;36m[Knote: [m[Kdeclared here
[9.065s]   422 |   [01;36m[Kdeclare_parameter[m[K(const std::string & name);
[9.067s]       |   [01;36m[K^~~~~~~~~~~~~~~~~[m[K
[9.067s] [01m[K/home/ubuntu/bags/pc_merger_ws/src/pc_meger/src/mergeClouds.cpp:8:49:[m[K [01;35m[Kwarning: [m[K‘[01m[Kconst rclcpp::ParameterValue& rclcpp::Node::declare_parameter(const string&)[m[K’ is deprecated: declare_parameter() with only a name is deprecated and will be deleted in the future.\nIf you want to declare a parameter that won't change type without a default value use:\n`node->declare_parameter<ParameterT>(name)`, where e.g. ParameterT=int64_t.\n\nIf you want to declare a parameter that can dynamically change type use:\n```\nrcl_interfaces::msg::ParameterDescriptor descriptor;\ndescriptor.dynamic_typing = true;\nnode->declare_parameter(name, rclcpp::ParameterValue{}, descriptor);\n``` [[01;35m[K-Wdeprecated-declarations[m[K]
[9.068s]     8 |     this->declare_parameter(PARAM_FRONT_PC_TOPIC[01;35m[K)[m[K;
[9.068s]       |                                                 [01;35m[K^[m[K
[9.069s] In file included from [01m[K/opt/ros/galactic/include/rclcpp/executors/single_threaded_executor.hpp:28[m[K,
[9.070s]                  from [01m[K/opt/ros/galactic/include/rclcpp/executors.hpp:22[m[K,
[9.070s]                  from [01m[K/opt/ros/galactic/include/rclcpp/rclcpp.hpp:156[m[K,
[9.071s]                  from [01m[K/home/ubuntu/bags/pc_merger_ws/src/pc_meger/include/mergeClouds.hpp:5[m[K,
[9.072s]                  from [01m[K/home/ubuntu/bags/pc_merger_ws/src/pc_meger/src/mergeClouds.cpp:1[m[K:
[9.072s] [01m[K/opt/ros/galactic/include/rclcpp/node.hpp:422:3:[m[K [01;36m[Knote: [m[Kdeclared here
[9.073s]   422 |   [01;36m[Kdeclare_parameter[m[K(const std::string & name);
[9.073s]       |   [01;36m[K^~~~~~~~~~~~~~~~~[m[K
[9.074s] [01m[K/home/ubuntu/bags/pc_merger_ws/src/pc_meger/src/mergeClouds.cpp:9:48:[m[K [01;35m[Kwarning: [m[K‘[01m[Kconst rclcpp::ParameterValue& rclcpp::Node::declare_parameter(const string&)[m[K’ is deprecated: declare_parameter() with only a name is deprecated and will be deleted in the future.\nIf you want to declare a parameter that won't change type without a default value use:\n`node->declare_parameter<ParameterT>(name)`, where e.g. ParameterT=int64_t.\n\nIf you want to declare a parameter that can dynamically change type use:\n```\nrcl_interfaces::msg::ParameterDescriptor descriptor;\ndescriptor.dynamic_typing = true;\nnode->declare_parameter(name, rclcpp::ParameterValue{}, descriptor);\n``` [[01;35m[K-Wdeprecated-declarations[m[K]
[9.075s]     9 |     this->declare_parameter(PARAM_LEFT_PC_TOPIC[01;35m[K)[m[K;
[9.075s]       |                                                [01;35m[K^[m[K
[9.076s] In file included from [01m[K/opt/ros/galactic/include/rclcpp/executors/single_threaded_executor.hpp:28[m[K,
[9.077s]                  from [01m[K/opt/ros/galactic/include/rclcpp/executors.hpp:22[m[K,
[9.077s]                  from [01m[K/opt/ros/galactic/include/rclcpp/rclcpp.hpp:156[m[K,
[9.078s]                  from [01m[K/home/ubuntu/bags/pc_merger_ws/src/pc_meger/include/mergeClouds.hpp:5[m[K,
[9.078s]                  from [01m[K/home/ubuntu/bags/pc_merger_ws/src/pc_meger/src/mergeClouds.cpp:1[m[K:
[9.079s] [01m[K/opt/ros/galactic/include/rclcpp/node.hpp:422:3:[m[K [01;36m[Knote: [m[Kdeclared here
[9.080s]   422 |   [01;36m[Kdeclare_parameter[m[K(const std::string & name);
[9.080s]       |   [01;36m[K^~~~~~~~~~~~~~~~~[m[K
[9.081s] [01m[K/home/ubuntu/bags/pc_merger_ws/src/pc_meger/src/mergeClouds.cpp:10:49:[m[K [01;35m[Kwarning: [m[K‘[01m[Kconst rclcpp::ParameterValue& rclcpp::Node::declare_parameter(const string&)[m[K’ is deprecated: declare_parameter() with only a name is deprecated and will be deleted in the future.\nIf you want to declare a parameter that won't change type without a default value use:\n`node->declare_parameter<ParameterT>(name)`, where e.g. ParameterT=int64_t.\n\nIf you want to declare a parameter that can dynamically change type use:\n```\nrcl_interfaces::msg::ParameterDescriptor descriptor;\ndescriptor.dynamic_typing = true;\nnode->declare_parameter(name, rclcpp::ParameterValue{}, descriptor);\n``` [[01;35m[K-Wdeprecated-declarations[m[K]
[9.081s]    10 |     this->declare_parameter(PARAM_RIGHT_PC_TOPIC[01;35m[K)[m[K;
[9.082s]       |                                                 [01;35m[K^[m[K
[9.083s] In file included from [01m[K/opt/ros/galactic/include/rclcpp/executors/single_threaded_executor.hpp:28[m[K,
[9.084s]                  from [01m[K/opt/ros/galactic/include/rclcpp/executors.hpp:22[m[K,
[9.084s]                  from [01m[K/opt/ros/galactic/include/rclcpp/rclcpp.hpp:156[m[K,
[9.085s]                  from [01m[K/home/ubuntu/bags/pc_merger_ws/src/pc_meger/include/mergeClouds.hpp:5[m[K,
[9.085s]                  from [01m[K/home/ubuntu/bags/pc_merger_ws/src/pc_meger/src/mergeClouds.cpp:1[m[K:
[9.086s] [01m[K/opt/ros/galactic/include/rclcpp/node.hpp:422:3:[m[K [01;36m[Knote: [m[Kdeclared here
[9.089s]   422 |   [01;36m[Kdeclare_parameter[m[K(const std::string & name);
[9.095s]       |   [01;36m[K^~~~~~~~~~~~~~~~~[m[K
[9.095s] [01m[K/home/ubuntu/bags/pc_merger_ws/src/pc_meger/src/mergeClouds.cpp:12:52:[m[K [01;35m[Kwarning: [m[K‘[01m[Kconst rclcpp::ParameterValue& rclcpp::Node::declare_parameter(const string&)[m[K’ is deprecated: declare_parameter() with only a name is deprecated and will be deleted in the future.\nIf you want to declare a parameter that won't change type without a default value use:\n`node->declare_parameter<ParameterT>(name)`, where e.g. ParameterT=int64_t.\n\nIf you want to declare a parameter that can dynamically change type use:\n```\nrcl_interfaces::msg::ParameterDescriptor descriptor;\ndescriptor.dynamic_typing = true;\nnode->declare_parameter(name, rclcpp::ParameterValue{}, descriptor);\n``` [[01;35m[K-Wdeprecated-declarations[m[K]
[9.097s]    12 |     this->declare_parameter(PARAM_FRONT_LIDAR_FRAME[01;35m[K)[m[K;
[9.098s]       |                                                    [01;35m[K^[m[K
[9.101s] In file included from [01m[K/opt/ros/galactic/include/rclcpp/executors/single_threaded_executor.hpp:28[m[K,
[9.101s]                  from [01m[K/opt/ros/galactic/include/rclcpp/executors.hpp:22[m[K,
[9.102s]                  from [01m[K/opt/ros/galactic/include/rclcpp/rclcpp.hpp:156[m[K,
[9.103s]                  from [01m[K/home/ubuntu/bags/pc_merger_ws/src/pc_meger/include/mergeClouds.hpp:5[m[K,
[9.104s]                  from [01m[K/home/ubuntu/bags/pc_merger_ws/src/pc_meger/src/mergeClouds.cpp:1[m[K:
[9.105s] [01m[K/opt/ros/galactic/include/rclcpp/node.hpp:422:3:[m[K [01;36m[Knote: [m[Kdeclared here
[9.105s]   422 |   [01;36m[Kdeclare_parameter[m[K(const std::string & name);
[9.106s]       |   [01;36m[K^~~~~~~~~~~~~~~~~[m[K
[9.106s] [01m[K/home/ubuntu/bags/pc_merger_ws/src/pc_meger/src/mergeClouds.cpp:13:51:[m[K [01;35m[Kwarning: [m[K‘[01m[Kconst rclcpp::ParameterValue& rclcpp::Node::declare_parameter(const string&)[m[K’ is deprecated: declare_parameter() with only a name is deprecated and will be deleted in the future.\nIf you want to declare a parameter that won't change type without a default value use:\n`node->declare_parameter<ParameterT>(name)`, where e.g. ParameterT=int64_t.\n\nIf you want to declare a parameter that can dynamically change type use:\n```\nrcl_interfaces::msg::ParameterDescriptor descriptor;\ndescriptor.dynamic_typing = true;\nnode->declare_parameter(name, rclcpp::ParameterValue{}, descriptor);\n``` [[01;35m[K-Wdeprecated-declarations[m[K]
[9.107s]    13 |     this->declare_parameter(PARAM_LEFT_LIDAR_FRAME[01;35m[K)[m[K;
[9.107s]       |                                                   [01;35m[K^[m[K
[9.108s] In file included from [01m[K/opt/ros/galactic/include/rclcpp/executors/single_threaded_executor.hpp:28[m[K,
[9.109s]                  from [01m[K/opt/ros/galactic/include/rclcpp/executors.hpp:22[m[K,
[9.109s]                  from [01m[K/opt/ros/galactic/include/rclcpp/rclcpp.hpp:156[m[K,
[9.110s]                  from [01m[K/home/ubuntu/bags/pc_merger_ws/src/pc_meger/include/mergeClouds.hpp:5[m[K,
[9.110s]                  from [01m[K/home/ubuntu/bags/pc_merger_ws/src/pc_meger/src/mergeClouds.cpp:1[m[K:
[9.111s] [01m[K/opt/ros/galactic/include/rclcpp/node.hpp:422:3:[m[K [01;36m[Knote: [m[Kdeclared here
[9.111s]   422 |   [01;36m[Kdeclare_parameter[m[K(const std::string & name);
[9.112s]       |   [01;36m[K^~~~~~~~~~~~~~~~~[m[K
[9.112s] [01m[K/home/ubuntu/bags/pc_merger_ws/src/pc_meger/src/mergeClouds.cpp:14:52:[m[K [01;35m[Kwarning: [m[K‘[01m[Kconst rclcpp::ParameterValue& rclcpp::Node::declare_parameter(const string&)[m[K’ is deprecated: declare_parameter() with only a name is deprecated and will be deleted in the future.\nIf you want to declare a parameter that won't change type without a default value use:\n`node->declare_parameter<ParameterT>(name)`, where e.g. ParameterT=int64_t.\n\nIf you want to declare a parameter that can dynamically change type use:\n```\nrcl_interfaces::msg::ParameterDescriptor descriptor;\ndescriptor.dynamic_typing = true;\nnode->declare_parameter(name, rclcpp::ParameterValue{}, descriptor);\n``` [[01;35m[K-Wdeprecated-declarations[m[K]
[9.113s]    14 |     this->declare_parameter(PARAM_RIGHT_LIDAR_FRAME[01;35m[K)[m[K;
[9.113s]       |                                                    [01;35m[K^[m[K
[9.114s] In file included from [01m[K/opt/ros/galactic/include/rclcpp/executors/single_threaded_executor.hpp:28[m[K,
[9.114s]                  from [01m[K/opt/ros/galactic/include/rclcpp/executors.hpp:22[m[K,
[9.115s]                  from [01m[K/opt/ros/galactic/include/rclcpp/rclcpp.hpp:156[m[K,
[9.116s]                  from [01m[K/home/ubuntu/bags/pc_merger_ws/src/pc_meger/include/mergeClouds.hpp:5[m[K,
[9.124s]                  from [01m[K/home/ubuntu/bags/pc_merger_ws/src/pc_meger/src/mergeClouds.cpp:1[m[K:
[9.125s] [01m[K/opt/ros/galactic/include/rclcpp/node.hpp:422:3:[m[K [01;36m[Knote: [m[Kdeclared here
[9.126s]   422 |   [01;36m[Kdeclare_parameter[m[K(const std::string & name);
[9.126s]       |   [01;36m[K^~~~~~~~~~~~~~~~~[m[K
[20.325s] [100%] [32m[1mLinking CXX executable pc_merger[0m
[21.369s] [100%] Built target pc_merger
[21.387s] Invoked command in '/home/ubuntu/bags/pc_merger_ws/src/build/pc_merger' returned '0': CMAKE_PREFIX_PATH=${CMAKE_PREFIX_PATH}:/opt/ros/galactic /usr/bin/cmake --build /home/ubuntu/bags/pc_merger_ws/src/build/pc_merger -- -j8 -l8
[21.434s] Invoking command in '/home/ubuntu/bags/pc_merger_ws/src/build/pc_merger': CMAKE_PREFIX_PATH=${CMAKE_PREFIX_PATH}:/opt/ros/galactic /usr/bin/cmake --install /home/ubuntu/bags/pc_merger_ws/src/build/pc_merger
[21.442s] -- Install configuration: ""
[21.443s] -- Installing: /home/ubuntu/bags/pc_merger_ws/src/install/pc_merger/lib/pc_merger/pc_merger
[21.484s] -- Set runtime path of "/home/ubuntu/bags/pc_merger_ws/src/install/pc_merger/lib/pc_merger/pc_merger" to ""
[21.486s] -- Up-to-date: /home/ubuntu/bags/pc_merger_ws/src/install/pc_merger/share/pc_merger/config
[21.492s] -- Up-to-date: /home/ubuntu/bags/pc_merger_ws/src/install/pc_merger/share/pc_merger/config/robot.urdf.xacro
[21.493s] -- Up-to-date: /home/ubuntu/bags/pc_merger_ws/src/install/pc_merger/share/pc_merger/config/config.yaml
[21.493s] -- Up-to-date: /home/ubuntu/bags/pc_merger_ws/src/install/pc_merger/share/pc_merger/config/rviz2.rviz
[21.495s] -- Up-to-date: /home/ubuntu/bags/pc_merger_ws/src/install/pc_merger/share/pc_merger/launch
[21.496s] -- Up-to-date: /home/ubuntu/bags/pc_merger_ws/src/install/pc_merger/share/pc_merger/launch/run.launch.py
[21.497s] -- Up-to-date: /home/ubuntu/bags/pc_merger_ws/src/install/pc_merger/share/ament_index/resource_index/package_run_dependencies/pc_merger
[21.498s] -- Up-to-date: /home/ubuntu/bags/pc_merger_ws/src/install/pc_merger/share/ament_index/resource_index/parent_prefix_path/pc_merger
[21.499s] -- Up-to-date: /home/ubuntu/bags/pc_merger_ws/src/install/pc_merger/share/pc_merger/environment/ament_prefix_path.sh
[21.499s] -- Up-to-date: /home/ubuntu/bags/pc_merger_ws/src/install/pc_merger/share/pc_merger/environment/ament_prefix_path.dsv
[21.500s] -- Up-to-date: /home/ubuntu/bags/pc_merger_ws/src/install/pc_merger/share/pc_merger/environment/path.sh
[21.501s] -- Up-to-date: /home/ubuntu/bags/pc_merger_ws/src/install/pc_merger/share/pc_merger/environment/path.dsv
[21.502s] -- Up-to-date: /home/ubuntu/bags/pc_merger_ws/src/install/pc_merger/share/pc_merger/local_setup.bash
[21.503s] -- Up-to-date: /home/ubuntu/bags/pc_merger_ws/src/install/pc_merger/share/pc_merger/local_setup.sh
[21.504s] -- Up-to-date: /home/ubuntu/bags/pc_merger_ws/src/install/pc_merger/share/pc_merger/local_setup.zsh
[21.504s] -- Up-to-date: /home/ubuntu/bags/pc_merger_ws/src/install/pc_merger/share/pc_merger/local_setup.dsv
[21.505s] -- Installing: /home/ubuntu/bags/pc_merger_ws/src/install/pc_merger/share/pc_merger/package.dsv
[21.507s] -- Up-to-date: /home/ubuntu/bags/pc_merger_ws/src/install/pc_merger/share/ament_index/resource_index/packages/pc_merger
[21.508s] -- Up-to-date: /home/ubuntu/bags/pc_merger_ws/src/install/pc_merger/share/pc_merger/cmake/ament_cmake_export_include_directories-extras.cmake
[21.508s] -- Up-to-date: /home/ubuntu/bags/pc_merger_ws/src/install/pc_merger/share/pc_merger/cmake/pc_mergerConfig.cmake
[21.509s] -- Up-to-date: /home/ubuntu/bags/pc_merger_ws/src/install/pc_merger/share/pc_merger/cmake/pc_mergerConfig-version.cmake
[21.510s] -- Up-to-date: /home/ubuntu/bags/pc_merger_ws/src/install/pc_merger/share/pc_merger/package.xml
[21.515s] Invoked command in '/home/ubuntu/bags/pc_merger_ws/src/build/pc_merger' returned '0': CMAKE_PREFIX_PATH=${CMAKE_PREFIX_PATH}:/opt/ros/galactic /usr/bin/cmake --install /home/ubuntu/bags/pc_merger_ws/src/build/pc_merger
