[0.030s] Invoking command in '/home/ubuntu/bags/pc_merger_ws/src/build/pc_merger': CMAKE_PREFIX_PATH=${CMAKE_PREFIX_PATH}:/opt/ros/galactic /usr/bin/cmake --build /home/ubuntu/bags/pc_merger_ws/src/build/pc_merger -- -j8 -l8
[0.179s] [100%] Built target pc_merger
[0.190s] Invoked command in '/home/ubuntu/bags/pc_merger_ws/src/build/pc_merger' returned '0': CMAKE_PREFIX_PATH=${CMAKE_PREFIX_PATH}:/opt/ros/galactic /usr/bin/cmake --build /home/ubuntu/bags/pc_merger_ws/src/build/pc_merger -- -j8 -l8
[0.229s] Invoking command in '/home/ubuntu/bags/pc_merger_ws/src/build/pc_merger': CMAKE_PREFIX_PATH=${CMAKE_PREFIX_PATH}:/opt/ros/galactic /usr/bin/cmake --install /home/ubuntu/bags/pc_merger_ws/src/build/pc_merger
[0.236s] -- Install configuration: ""
[0.238s] -- Up-to-date: /home/ubuntu/bags/pc_merger_ws/src/install/pc_merger/lib/pc_merger/pc_merger
[0.240s] -- Up-to-date: /home/ubuntu/bags/pc_merger_ws/src/install/pc_merger/share/pc_merger/config
[0.244s] -- Up-to-date: /home/ubuntu/bags/pc_merger_ws/src/install/pc_merger/share/pc_merger/config/robot.urdf.xacro
[0.245s] -- Installing: /home/ubuntu/bags/pc_merger_ws/src/install/pc_merger/share/pc_merger/config/config.yaml
[0.249s] -- Up-to-date: /home/ubuntu/bags/pc_merger_ws/src/install/pc_merger/share/pc_merger/config/rviz2.rviz
[0.250s] -- Up-to-date: /home/ubuntu/bags/pc_merger_ws/src/install/pc_merger/share/pc_merger/launch
[0.251s] -- Up-to-date: /home/ubuntu/bags/pc_merger_ws/src/install/pc_merger/share/pc_merger/launch/run.launch.py
[0.252s] -- Up-to-date: /home/ubuntu/bags/pc_merger_ws/src/install/pc_merger/share/ament_index/resource_index/package_run_dependencies/pc_merger
[0.253s] -- Up-to-date: /home/ubuntu/bags/pc_merger_ws/src/install/pc_merger/share/ament_index/resource_index/parent_prefix_path/pc_merger
[0.253s] -- Up-to-date: /home/ubuntu/bags/pc_merger_ws/src/install/pc_merger/share/pc_merger/environment/ament_prefix_path.sh
[0.254s] -- Up-to-date: /home/ubuntu/bags/pc_merger_ws/src/install/pc_merger/share/pc_merger/environment/ament_prefix_path.dsv
[0.255s] -- Up-to-date: /home/ubuntu/bags/pc_merger_ws/src/install/pc_merger/share/pc_merger/environment/path.sh
[0.255s] -- Up-to-date: /home/ubuntu/bags/pc_merger_ws/src/install/pc_merger/share/pc_merger/environment/path.dsv
[0.258s] -- Up-to-date: /home/ubuntu/bags/pc_merger_ws/src/install/pc_merger/share/pc_merger/local_setup.bash
[0.260s] -- Up-to-date: /home/ubuntu/bags/pc_merger_ws/src/install/pc_merger/share/pc_merger/local_setup.sh
[0.261s] -- Up-to-date: /home/ubuntu/bags/pc_merger_ws/src/install/pc_merger/share/pc_merger/local_setup.zsh
[0.262s] -- Up-to-date: /home/ubuntu/bags/pc_merger_ws/src/install/pc_merger/share/pc_merger/local_setup.dsv
[0.263s] -- Installing: /home/ubuntu/bags/pc_merger_ws/src/install/pc_merger/share/pc_merger/package.dsv
[0.264s] -- Up-to-date: /home/ubuntu/bags/pc_merger_ws/src/install/pc_merger/share/ament_index/resource_index/packages/pc_merger
[0.265s] -- Up-to-date: /home/ubuntu/bags/pc_merger_ws/src/install/pc_merger/share/pc_merger/cmake/ament_cmake_export_include_directories-extras.cmake
[0.274s] -- Up-to-date: /home/ubuntu/bags/pc_merger_ws/src/install/pc_merger/share/pc_merger/cmake/pc_mergerConfig.cmake
[0.283s] -- Up-to-date: /home/ubuntu/bags/pc_merger_ws/src/install/pc_merger/share/pc_merger/cmake/pc_mergerConfig-version.cmake
[0.286s] -- Up-to-date: /home/ubuntu/bags/pc_merger_ws/src/install/pc_merger/share/pc_merger/package.xml
[0.287s] Invoked command in '/home/ubuntu/bags/pc_merger_ws/src/build/pc_merger' returned '0': CMAKE_PREFIX_PATH=${CMAKE_PREFIX_PATH}:/opt/ros/galactic /usr/bin/cmake --install /home/ubuntu/bags/pc_merger_ws/src/build/pc_merger
