In file included from [01m[K/home/ubuntu/bags/pc_merger_ws/src/pc_meger/src/mergeClouds.cpp:1[m[K:
[01m[K/home/ubuntu/bags/pc_merger_ws/src/pc_meger/include/mergeClouds.hpp:44:22:[m[K [01;35m[Kwarning: [m[Kextra ‘[01m[K;[m[K’ [[01;35m[K-Wpedantic[m[K]
   44 |     PCL_ADD_INTENSITY[01;35m[K;[m[K
      |                      [01;35m[K^[m[K
      |                      [31m[K-[m[K
[01m[K/home/ubuntu/bags/pc_merger_ws/src/pc_meger/src/mergeClouds.cpp:[m[K In constructor ‘[01m[KPointCloudCombiner::PointCloudCombiner(const string&)[m[K’:
[01m[K/home/ubuntu/bags/pc_merger_ws/src/pc_meger/src/mergeClouds.cpp:7:50:[m[K [01;35m[Kwarning: [m[K‘[01m[Kconst rclcpp::ParameterValue& rclcpp::Node::declare_parameter(const string&)[m[K’ is deprecated: declare_parameter() with only a name is deprecated and will be deleted in the future.\nIf you want to declare a parameter that won't change type without a default value use:\n`node->declare_parameter<ParameterT>(name)`, where e.g. ParameterT=int64_t.\n\nIf you want to declare a parameter that can dynamically change type use:\n```\nrcl_interfaces::msg::ParameterDescriptor descriptor;\ndescriptor.dynamic_typing = true;\nnode->declare_parameter(name, rclcpp::ParameterValue{}, descriptor);\n``` [[01;35m[K-Wdeprecated-declarations[m[K]
    7 |     this->declare_parameter(PARAM_MERGED_PC_TOPIC[01;35m[K)[m[K;
      |                                                  [01;35m[K^[m[K
In file included from [01m[K/opt/ros/galactic/include/rclcpp/executors/single_threaded_executor.hpp:28[m[K,
                 from [01m[K/opt/ros/galactic/include/rclcpp/executors.hpp:22[m[K,
                 from [01m[K/opt/ros/galactic/include/rclcpp/rclcpp.hpp:156[m[K,
                 from [01m[K/home/ubuntu/bags/pc_merger_ws/src/pc_meger/include/mergeClouds.hpp:5[m[K,
                 from [01m[K/home/ubuntu/bags/pc_merger_ws/src/pc_meger/src/mergeClouds.cpp:1[m[K:
[01m[K/opt/ros/galactic/include/rclcpp/node.hpp:422:3:[m[K [01;36m[Knote: [m[Kdeclared here
  422 |   [01;36m[Kdeclare_parameter[m[K(const std::string & name);
      |   [01;36m[K^~~~~~~~~~~~~~~~~[m[K
[01m[K/home/ubuntu/bags/pc_merger_ws/src/pc_meger/src/mergeClouds.cpp:8:49:[m[K [01;35m[Kwarning: [m[K‘[01m[Kconst rclcpp::ParameterValue& rclcpp::Node::declare_parameter(const string&)[m[K’ is deprecated: declare_parameter() with only a name is deprecated and will be deleted in the future.\nIf you want to declare a parameter that won't change type without a default value use:\n`node->declare_parameter<ParameterT>(name)`, where e.g. ParameterT=int64_t.\n\nIf you want to declare a parameter that can dynamically change type use:\n```\nrcl_interfaces::msg::ParameterDescriptor descriptor;\ndescriptor.dynamic_typing = true;\nnode->declare_parameter(name, rclcpp::ParameterValue{}, descriptor);\n``` [[01;35m[K-Wdeprecated-declarations[m[K]
    8 |     this->declare_parameter(PARAM_FRONT_PC_TOPIC[01;35m[K)[m[K;
      |                                                 [01;35m[K^[m[K
In file included from [01m[K/opt/ros/galactic/include/rclcpp/executors/single_threaded_executor.hpp:28[m[K,
                 from [01m[K/opt/ros/galactic/include/rclcpp/executors.hpp:22[m[K,
                 from [01m[K/opt/ros/galactic/include/rclcpp/rclcpp.hpp:156[m[K,
                 from [01m[K/home/ubuntu/bags/pc_merger_ws/src/pc_meger/include/mergeClouds.hpp:5[m[K,
                 from [01m[K/home/ubuntu/bags/pc_merger_ws/src/pc_meger/src/mergeClouds.cpp:1[m[K:
[01m[K/opt/ros/galactic/include/rclcpp/node.hpp:422:3:[m[K [01;36m[Knote: [m[Kdeclared here
  422 |   [01;36m[Kdeclare_parameter[m[K(const std::string & name);
      |   [01;36m[K^~~~~~~~~~~~~~~~~[m[K
[01m[K/home/ubuntu/bags/pc_merger_ws/src/pc_meger/src/mergeClouds.cpp:9:48:[m[K [01;35m[Kwarning: [m[K‘[01m[Kconst rclcpp::ParameterValue& rclcpp::Node::declare_parameter(const string&)[m[K’ is deprecated: declare_parameter() with only a name is deprecated and will be deleted in the future.\nIf you want to declare a parameter that won't change type without a default value use:\n`node->declare_parameter<ParameterT>(name)`, where e.g. ParameterT=int64_t.\n\nIf you want to declare a parameter that can dynamically change type use:\n```\nrcl_interfaces::msg::ParameterDescriptor descriptor;\ndescriptor.dynamic_typing = true;\nnode->declare_parameter(name, rclcpp::ParameterValue{}, descriptor);\n``` [[01;35m[K-Wdeprecated-declarations[m[K]
    9 |     this->declare_parameter(PARAM_LEFT_PC_TOPIC[01;35m[K)[m[K;
      |                                                [01;35m[K^[m[K
In file included from [01m[K/opt/ros/galactic/include/rclcpp/executors/single_threaded_executor.hpp:28[m[K,
                 from [01m[K/opt/ros/galactic/include/rclcpp/executors.hpp:22[m[K,
                 from [01m[K/opt/ros/galactic/include/rclcpp/rclcpp.hpp:156[m[K,
                 from [01m[K/home/ubuntu/bags/pc_merger_ws/src/pc_meger/include/mergeClouds.hpp:5[m[K,
                 from [01m[K/home/ubuntu/bags/pc_merger_ws/src/pc_meger/src/mergeClouds.cpp:1[m[K:
[01m[K/opt/ros/galactic/include/rclcpp/node.hpp:422:3:[m[K [01;36m[Knote: [m[Kdeclared here
  422 |   [01;36m[Kdeclare_parameter[m[K(const std::string & name);
      |   [01;36m[K^~~~~~~~~~~~~~~~~[m[K
[01m[K/home/ubuntu/bags/pc_merger_ws/src/pc_meger/src/mergeClouds.cpp:10:49:[m[K [01;35m[Kwarning: [m[K‘[01m[Kconst rclcpp::ParameterValue& rclcpp::Node::declare_parameter(const string&)[m[K’ is deprecated: declare_parameter() with only a name is deprecated and will be deleted in the future.\nIf you want to declare a parameter that won't change type without a default value use:\n`node->declare_parameter<ParameterT>(name)`, where e.g. ParameterT=int64_t.\n\nIf you want to declare a parameter that can dynamically change type use:\n```\nrcl_interfaces::msg::ParameterDescriptor descriptor;\ndescriptor.dynamic_typing = true;\nnode->declare_parameter(name, rclcpp::ParameterValue{}, descriptor);\n``` [[01;35m[K-Wdeprecated-declarations[m[K]
   10 |     this->declare_parameter(PARAM_RIGHT_PC_TOPIC[01;35m[K)[m[K;
      |                                                 [01;35m[K^[m[K
In file included from [01m[K/opt/ros/galactic/include/rclcpp/executors/single_threaded_executor.hpp:28[m[K,
                 from [01m[K/opt/ros/galactic/include/rclcpp/executors.hpp:22[m[K,
                 from [01m[K/opt/ros/galactic/include/rclcpp/rclcpp.hpp:156[m[K,
                 from [01m[K/home/ubuntu/bags/pc_merger_ws/src/pc_meger/include/mergeClouds.hpp:5[m[K,
                 from [01m[K/home/ubuntu/bags/pc_merger_ws/src/pc_meger/src/mergeClouds.cpp:1[m[K:
[01m[K/opt/ros/galactic/include/rclcpp/node.hpp:422:3:[m[K [01;36m[Knote: [m[Kdeclared here
  422 |   [01;36m[Kdeclare_parameter[m[K(const std::string & name);
      |   [01;36m[K^~~~~~~~~~~~~~~~~[m[K
[01m[K/home/ubuntu/bags/pc_merger_ws/src/pc_meger/src/mergeClouds.cpp:12:52:[m[K [01;35m[Kwarning: [m[K‘[01m[Kconst rclcpp::ParameterValue& rclcpp::Node::declare_parameter(const string&)[m[K’ is deprecated: declare_parameter() with only a name is deprecated and will be deleted in the future.\nIf you want to declare a parameter that won't change type without a default value use:\n`node->declare_parameter<ParameterT>(name)`, where e.g. ParameterT=int64_t.\n\nIf you want to declare a parameter that can dynamically change type use:\n```\nrcl_interfaces::msg::ParameterDescriptor descriptor;\ndescriptor.dynamic_typing = true;\nnode->declare_parameter(name, rclcpp::ParameterValue{}, descriptor);\n``` [[01;35m[K-Wdeprecated-declarations[m[K]
   12 |     this->declare_parameter(PARAM_FRONT_LIDAR_FRAME[01;35m[K)[m[K;
      |                                                    [01;35m[K^[m[K
In file included from [01m[K/opt/ros/galactic/include/rclcpp/executors/single_threaded_executor.hpp:28[m[K,
                 from [01m[K/opt/ros/galactic/include/rclcpp/executors.hpp:22[m[K,
                 from [01m[K/opt/ros/galactic/include/rclcpp/rclcpp.hpp:156[m[K,
                 from [01m[K/home/ubuntu/bags/pc_merger_ws/src/pc_meger/include/mergeClouds.hpp:5[m[K,
                 from [01m[K/home/ubuntu/bags/pc_merger_ws/src/pc_meger/src/mergeClouds.cpp:1[m[K:
[01m[K/opt/ros/galactic/include/rclcpp/node.hpp:422:3:[m[K [01;36m[Knote: [m[Kdeclared here
  422 |   [01;36m[Kdeclare_parameter[m[K(const std::string & name);
      |   [01;36m[K^~~~~~~~~~~~~~~~~[m[K
[01m[K/home/ubuntu/bags/pc_merger_ws/src/pc_meger/src/mergeClouds.cpp:13:51:[m[K [01;35m[Kwarning: [m[K‘[01m[Kconst rclcpp::ParameterValue& rclcpp::Node::declare_parameter(const string&)[m[K’ is deprecated: declare_parameter() with only a name is deprecated and will be deleted in the future.\nIf you want to declare a parameter that won't change type without a default value use:\n`node->declare_parameter<ParameterT>(name)`, where e.g. ParameterT=int64_t.\n\nIf you want to declare a parameter that can dynamically change type use:\n```\nrcl_interfaces::msg::ParameterDescriptor descriptor;\ndescriptor.dynamic_typing = true;\nnode->declare_parameter(name, rclcpp::ParameterValue{}, descriptor);\n``` [[01;35m[K-Wdeprecated-declarations[m[K]
   13 |     this->declare_parameter(PARAM_LEFT_LIDAR_FRAME[01;35m[K)[m[K;
      |                                                   [01;35m[K^[m[K
In file included from [01m[K/opt/ros/galactic/include/rclcpp/executors/single_threaded_executor.hpp:28[m[K,
                 from [01m[K/opt/ros/galactic/include/rclcpp/executors.hpp:22[m[K,
                 from [01m[K/opt/ros/galactic/include/rclcpp/rclcpp.hpp:156[m[K,
                 from [01m[K/home/ubuntu/bags/pc_merger_ws/src/pc_meger/include/mergeClouds.hpp:5[m[K,
                 from [01m[K/home/ubuntu/bags/pc_merger_ws/src/pc_meger/src/mergeClouds.cpp:1[m[K:
[01m[K/opt/ros/galactic/include/rclcpp/node.hpp:422:3:[m[K [01;36m[Knote: [m[Kdeclared here
  422 |   [01;36m[Kdeclare_parameter[m[K(const std::string & name);
      |   [01;36m[K^~~~~~~~~~~~~~~~~[m[K
[01m[K/home/ubuntu/bags/pc_merger_ws/src/pc_meger/src/mergeClouds.cpp:14:52:[m[K [01;35m[Kwarning: [m[K‘[01m[Kconst rclcpp::ParameterValue& rclcpp::Node::declare_parameter(const string&)[m[K’ is deprecated: declare_parameter() with only a name is deprecated and will be deleted in the future.\nIf you want to declare a parameter that won't change type without a default value use:\n`node->declare_parameter<ParameterT>(name)`, where e.g. ParameterT=int64_t.\n\nIf you want to declare a parameter that can dynamically change type use:\n```\nrcl_interfaces::msg::ParameterDescriptor descriptor;\ndescriptor.dynamic_typing = true;\nnode->declare_parameter(name, rclcpp::ParameterValue{}, descriptor);\n``` [[01;35m[K-Wdeprecated-declarations[m[K]
   14 |     this->declare_parameter(PARAM_RIGHT_LIDAR_FRAME[01;35m[K)[m[K;
      |                                                    [01;35m[K^[m[K
In file included from [01m[K/opt/ros/galactic/include/rclcpp/executors/single_threaded_executor.hpp:28[m[K,
                 from [01m[K/opt/ros/galactic/include/rclcpp/executors.hpp:22[m[K,
                 from [01m[K/opt/ros/galactic/include/rclcpp/rclcpp.hpp:156[m[K,
                 from [01m[K/home/ubuntu/bags/pc_merger_ws/src/pc_meger/include/mergeClouds.hpp:5[m[K,
                 from [01m[K/home/ubuntu/bags/pc_merger_ws/src/pc_meger/src/mergeClouds.cpp:1[m[K:
[01m[K/opt/ros/galactic/include/rclcpp/node.hpp:422:3:[m[K [01;36m[Knote: [m[Kdeclared here
  422 |   [01;36m[Kdeclare_parameter[m[K(const std::string & name);
      |   [01;36m[K^~~~~~~~~~~~~~~~~[m[K
[01m[K/home/ubuntu/bags/pc_merger_ws/src/pc_meger/src/mergeClouds.cpp:54:45:[m[K [01;31m[Kerror: [m[K‘[01m[KString[m[K’ in namespace ‘[01m[Kstd_msgs::msg[m[K’ does not name a type
   54 |     std::function<void(const std_msgs::msg::[01;31m[KString[m[K::SharedPtr msg)> cb_front = std::bind(
      |                                             [01;31m[K^~~~~~[m[K
[01m[K/home/ubuntu/bags/pc_merger_ws/src/pc_meger/src/mergeClouds.cpp:54:63:[m[K [01;31m[Kerror: [m[Kexpected unqualified-id before ‘[01m[Kmsg[m[K’
   54 |     std::function<void(const std_msgs::msg::String::SharedPtr [01;31m[Kmsg[m[K)> cb_front = std::bind(
      |                                                               [01;31m[K^~~[m[K
[01m[K/home/ubuntu/bags/pc_merger_ws/src/pc_meger/src/mergeClouds.cpp:54:62:[m[K [01;31m[Kerror: [m[Kexpected ‘[01m[K)[m[K’ before ‘[01m[Kmsg[m[K’
   54 |     std::function<void[34m[K([m[Kconst std_msgs::msg::String::SharedPtr[01;31m[K [m[K[32m[Kmsg[m[K)> cb_front = std::bind(
      |                       [34m[K~[m[K                                      [01;31m[K^[m[K[32m[K~~~[m[K
      |                                                              [32m[K)[m[K
[01m[K/home/ubuntu/bags/pc_merger_ws/src/pc_meger/src/mergeClouds.cpp:54:63:[m[K [01;31m[Kerror: [m[Kexpected template-argument before ‘[01m[Kmsg[m[K’
   54 |     std::function<void(const std_msgs::msg::String::SharedPtr [01;31m[Kmsg[m[K)> cb_front = std::bind(
      |                                                               [01;31m[K^~~[m[K
[01m[K/home/ubuntu/bags/pc_merger_ws/src/pc_meger/src/mergeClouds.cpp:54:63:[m[K [01;31m[Kerror: [m[Kexpected ‘[01m[K>[m[K’ before ‘[01m[Kmsg[m[K’
[01m[K/home/ubuntu/bags/pc_merger_ws/src/pc_meger/src/mergeClouds.cpp:54:66:[m[K [01;31m[Kerror: [m[Kexpected unqualified-id before ‘[01m[K)[m[K’ token
   54 |     std::function<void(const std_msgs::msg::String::SharedPtr msg[01;31m[K)[m[K> cb_front = std::bind(
      |                                                                  [01;31m[K^[m[K
[01m[K/home/ubuntu/bags/pc_merger_ws/src/pc_meger/src/mergeClouds.cpp:56:45:[m[K [01;31m[Kerror: [m[K‘[01m[KString[m[K’ in namespace ‘[01m[Kstd_msgs::msg[m[K’ does not name a type
   56 |     std::function<void(const std_msgs::msg::[01;31m[KString[m[K::SharedPtr msg)> cb_left = std::bind(
      |                                             [01;31m[K^~~~~~[m[K
[01m[K/home/ubuntu/bags/pc_merger_ws/src/pc_meger/src/mergeClouds.cpp:56:63:[m[K [01;31m[Kerror: [m[Kexpected unqualified-id before ‘[01m[Kmsg[m[K’
   56 |     std::function<void(const std_msgs::msg::String::SharedPtr [01;31m[Kmsg[m[K)> cb_left = std::bind(
      |                                                               [01;31m[K^~~[m[K
[01m[K/home/ubuntu/bags/pc_merger_ws/src/pc_meger/src/mergeClouds.cpp:56:62:[m[K [01;31m[Kerror: [m[Kexpected ‘[01m[K)[m[K’ before ‘[01m[Kmsg[m[K’
   56 |     std::function<void[34m[K([m[Kconst std_msgs::msg::String::SharedPtr[01;31m[K [m[K[32m[Kmsg[m[K)> cb_left = std::bind(
      |                       [34m[K~[m[K                                      [01;31m[K^[m[K[32m[K~~~[m[K
      |                                                              [32m[K)[m[K
[01m[K/home/ubuntu/bags/pc_merger_ws/src/pc_meger/src/mergeClouds.cpp:56:63:[m[K [01;31m[Kerror: [m[Kexpected template-argument before ‘[01m[Kmsg[m[K’
   56 |     std::function<void(const std_msgs::msg::String::SharedPtr [01;31m[Kmsg[m[K)> cb_left = std::bind(
      |                                                               [01;31m[K^~~[m[K
[01m[K/home/ubuntu/bags/pc_merger_ws/src/pc_meger/src/mergeClouds.cpp:56:63:[m[K [01;31m[Kerror: [m[Kexpected ‘[01m[K>[m[K’ before ‘[01m[Kmsg[m[K’
[01m[K/home/ubuntu/bags/pc_merger_ws/src/pc_meger/src/mergeClouds.cpp:56:66:[m[K [01;31m[Kerror: [m[Kexpected unqualified-id before ‘[01m[K)[m[K’ token
   56 |     std::function<void(const std_msgs::msg::String::SharedPtr msg[01;31m[K)[m[K> cb_left = std::bind(
      |                                                                  [01;31m[K^[m[K
[01m[K/home/ubuntu/bags/pc_merger_ws/src/pc_meger/src/mergeClouds.cpp:58:45:[m[K [01;31m[Kerror: [m[K‘[01m[KString[m[K’ in namespace ‘[01m[Kstd_msgs::msg[m[K’ does not name a type
   58 |     std::function<void(const std_msgs::msg::[01;31m[KString[m[K::SharedPtr msg)> cb_right = std::bind(
      |                                             [01;31m[K^~~~~~[m[K
[01m[K/home/ubuntu/bags/pc_merger_ws/src/pc_meger/src/mergeClouds.cpp:58:63:[m[K [01;31m[Kerror: [m[Kexpected unqualified-id before ‘[01m[Kmsg[m[K’
   58 |     std::function<void(const std_msgs::msg::String::SharedPtr [01;31m[Kmsg[m[K)> cb_right = std::bind(
      |                                                               [01;31m[K^~~[m[K
[01m[K/home/ubuntu/bags/pc_merger_ws/src/pc_meger/src/mergeClouds.cpp:58:62:[m[K [01;31m[Kerror: [m[Kexpected ‘[01m[K)[m[K’ before ‘[01m[Kmsg[m[K’
   58 |     std::function<void[34m[K([m[Kconst std_msgs::msg::String::SharedPtr[01;31m[K [m[K[32m[Kmsg[m[K)> cb_right = std::bind(
      |                       [34m[K~[m[K                                      [01;31m[K^[m[K[32m[K~~~[m[K
      |                                                              [32m[K)[m[K
[01m[K/home/ubuntu/bags/pc_merger_ws/src/pc_meger/src/mergeClouds.cpp:58:63:[m[K [01;31m[Kerror: [m[Kexpected template-argument before ‘[01m[Kmsg[m[K’
   58 |     std::function<void(const std_msgs::msg::String::SharedPtr [01;31m[Kmsg[m[K)> cb_right = std::bind(
      |                                                               [01;31m[K^~~[m[K
[01m[K/home/ubuntu/bags/pc_merger_ws/src/pc_meger/src/mergeClouds.cpp:58:63:[m[K [01;31m[Kerror: [m[Kexpected ‘[01m[K>[m[K’ before ‘[01m[Kmsg[m[K’
[01m[K/home/ubuntu/bags/pc_merger_ws/src/pc_meger/src/mergeClouds.cpp:58:66:[m[K [01;31m[Kerror: [m[Kexpected unqualified-id before ‘[01m[K)[m[K’ token
   58 |     std::function<void(const std_msgs::msg::String::SharedPtr msg[01;31m[K)[m[K> cb_right = std::bind(
      |                                                                  [01;31m[K^[m[K
[01m[K/home/ubuntu/bags/pc_merger_ws/src/pc_meger/src/mergeClouds.cpp:65:40:[m[K [01;31m[Kerror: [m[K‘[01m[Kcb_right[m[K’ was not declared in this scope
   65 |         right_pc_topic_, qos_profile, ([01;31m[Kcb_right[m[K));
      |                                        [01;31m[K^~~~~~~~[m[K
[01m[K/home/ubuntu/bags/pc_merger_ws/src/pc_meger/src/mergeClouds.cpp:67:39:[m[K [01;31m[Kerror: [m[K‘[01m[Kcb_left[m[K’ was not declared in this scope
   67 |         left_pc_topic_, qos_profile, ([01;31m[Kcb_left[m[K));
      |                                       [01;31m[K^~~~~~~[m[K
[01m[K/home/ubuntu/bags/pc_merger_ws/src/pc_meger/src/mergeClouds.cpp:[m[K At global scope:
[01m[K/home/ubuntu/bags/pc_merger_ws/src/pc_meger/src/mergeClouds.cpp:78:35:[m[K [01;31m[Kerror: [m[Kno declaration matches ‘[01m[Kpcl::PointCloud<PointXYZIRT>::Ptr PointCloudCombiner::getTargetCloud(const string&)[m[K’
   78 | pcl::PointCloud<PointXYZIRT>::Ptr [01;31m[KPointCloudCombiner[m[K::getTargetCloud(const std::string& topic) {
      |                                   [01;31m[K^~~~~~~~~~~~~~~~~~[m[K
[01m[K/home/ubuntu/bags/pc_merger_ws/src/pc_meger/src/mergeClouds.cpp:78:35:[m[K [01;36m[Knote: [m[Kno functions named ‘[01m[Kpcl::PointCloud<PointXYZIRT>::Ptr PointCloudCombiner::getTargetCloud(const string&)[m[K’
In file included from [01m[K/home/ubuntu/bags/pc_merger_ws/src/pc_meger/src/mergeClouds.cpp:1[m[K:
[01m[K/home/ubuntu/bags/pc_merger_ws/src/pc_meger/include/mergeClouds.hpp:76:7:[m[K [01;36m[Knote: [m[K‘[01m[Kclass PointCloudCombiner[m[K’ defined here
   76 | class [01;36m[KPointCloudCombiner[m[K : public rclcpp::Node {
      |       [01;36m[K^~~~~~~~~~~~~~~~~~[m[K
[01m[K/home/ubuntu/bags/pc_merger_ws/src/pc_meger/src/mergeClouds.cpp:[m[K In member function ‘[01m[Kvoid PointCloudCombiner::cloudHandler(sensor_msgs::msg::PointCloud2_<std::allocator<void> >::SharedPtr, std::string)[m[K’:
[01m[K/home/ubuntu/bags/pc_merger_ws/src/pc_meger/src/mergeClouds.cpp:94:24:[m[K [01;31m[Kerror: [m[K‘[01m[KgetTargetCloud[m[K’ was not declared in this scope; did you mean ‘[01m[KtargetCloud[m[K’?
   94 |     auto targetCloud = [01;31m[KgetTargetCloud[m[K(topicName);
      |                        [01;31m[K^~~~~~~~~~~~~~[m[K
      |                        [32m[KtargetCloud[m[K
[01m[K/home/ubuntu/bags/pc_merger_ws/src/pc_meger/src/mergeClouds.cpp:100:5:[m[K [01;31m[Kerror: [m[K‘[01m[Kpcl_ros[m[K’ has not been declared
  100 |     [01;31m[Kpcl_ros[m[K::transformPointCloud(front_lidar_frame_, *targetCloud, *targetCloud, tf_listener_);
      |     [01;31m[K^~~~~~~[m[K
[01m[K/home/ubuntu/bags/pc_merger_ws/src/pc_meger/src/mergeClouds.cpp:[m[K In member function ‘[01m[Kvoid PointCloudCombiner::publishCombinedPointCloud(rclcpp::Time)[m[K’:
[01m[K/home/ubuntu/bags/pc_merger_ws/src/pc_meger/src/mergeClouds.cpp:112:6:[m[K [01;31m[Kerror: [m[K‘[01m[Kmerged_cloud[m[K’ was not declared in this scope; did you mean ‘[01m[Kmerged_cloud_[m[K’?
  112 |     *[01;31m[Kmerged_cloud[m[K += *right_cloud_;
      |      [01;31m[K^~~~~~~~~~~~[m[K
      |      [32m[Kmerged_cloud_[m[K
[01m[K/home/ubuntu/bags/pc_merger_ws/src/pc_meger/src/mergeClouds.cpp:116:20:[m[K [01;31m[Kerror: [m[K‘[01m[Kcombined_point_cloud_[m[K’ was not declared in this scope
  116 |     pcl::toROSMsg(*[01;31m[Kcombined_point_cloud_[m[K, combined_msg);
      |                    [01;31m[K^~~~~~~~~~~~~~~~~~~~~[m[K
[01m[K/home/ubuntu/bags/pc_merger_ws/src/pc_meger/src/mergeClouds.cpp:119:34:[m[K [01;31m[Kerror: [m[Kno match for ‘[01m[Koperator*[m[K’ (operand type is ‘[01m[Ksensor_msgs::msg::PointCloud2[m[K’ {aka ‘[01m[Ksensor_msgs::msg::PointCloud2_<std::allocator<void> >[m[K’})
  119 |     combined_publisher_->publish([01;31m[K*combined_msg[m[K);
      |                                  [01;31m[K^~~~~~~~~~~~~[m[K
In file included from [01m[K/usr/include/eigen3/Eigen/Core:96[m[K,
                 from [01m[K/usr/include/eigen3/Eigen/StdVector:14[m[K,
                 from [01m[K/usr/include/pcl-1.10/pcl/point_cloud.h:45[m[K,
                 from [01m[K/home/ubuntu/bags/pc_merger_ws/src/pc_meger/include/mergeClouds.hpp:8[m[K,
                 from [01m[K/home/ubuntu/bags/pc_merger_ws/src/pc_meger/src/mergeClouds.cpp:1[m[K:
[01m[K/usr/include/c++/9/complex:391:5:[m[K [01;36m[Knote: [m[Kcandidate: ‘[01m[Ktemplate<class _Tp> std::complex<_Tp> std::operator*(const std::complex<_Tp>&, const std::complex<_Tp>&)[m[K’
  391 |     [01;36m[Koperator[m[K*(const complex<_Tp>& __x, const complex<_Tp>& __y)
      |     [01;36m[K^~~~~~~~[m[K
[01m[K/usr/include/c++/9/complex:391:5:[m[K [01;36m[Knote: [m[K  template argument deduction/substitution failed:
[01m[K/home/ubuntu/bags/pc_merger_ws/src/pc_meger/src/mergeClouds.cpp:119:35:[m[K [01;36m[Knote: [m[K  ‘[01m[Ksensor_msgs::msg::PointCloud2[m[K’ {aka ‘[01m[Ksensor_msgs::msg::PointCloud2_<std::allocator<void> >[m[K’} is not derived from ‘[01m[Kconst std::complex<_Tp>[m[K’
  119 |     combined_publisher_->publish(*[01;36m[Kcombined_msg[m[K);
      |                                   [01;36m[K^~~~~~~~~~~~[m[K
In file included from [01m[K/usr/include/eigen3/Eigen/Core:96[m[K,
                 from [01m[K/usr/include/eigen3/Eigen/StdVector:14[m[K,
                 from [01m[K/usr/include/pcl-1.10/pcl/point_cloud.h:45[m[K,
                 from [01m[K/home/ubuntu/bags/pc_merger_ws/src/pc_meger/include/mergeClouds.hpp:8[m[K,
                 from [01m[K/home/ubuntu/bags/pc_merger_ws/src/pc_meger/src/mergeClouds.cpp:1[m[K:
[01m[K/usr/include/c++/9/complex:400:5:[m[K [01;36m[Knote: [m[Kcandidate: ‘[01m[Ktemplate<class _Tp> std::complex<_Tp> std::operator*(const std::complex<_Tp>&, const _Tp&)[m[K’
  400 |     [01;36m[Koperator[m[K*(const complex<_Tp>& __x, const _Tp& __y)
      |     [01;36m[K^~~~~~~~[m[K
[01m[K/usr/include/c++/9/complex:400:5:[m[K [01;36m[Knote: [m[K  template argument deduction/substitution failed:
[01m[K/home/ubuntu/bags/pc_merger_ws/src/pc_meger/src/mergeClouds.cpp:119:35:[m[K [01;36m[Knote: [m[K  ‘[01m[Ksensor_msgs::msg::PointCloud2[m[K’ {aka ‘[01m[Ksensor_msgs::msg::PointCloud2_<std::allocator<void> >[m[K’} is not derived from ‘[01m[Kconst std::complex<_Tp>[m[K’
  119 |     combined_publisher_->publish(*[01;36m[Kcombined_msg[m[K);
      |                                   [01;36m[K^~~~~~~~~~~~[m[K
In file included from [01m[K/usr/include/eigen3/Eigen/Core:96[m[K,
                 from [01m[K/usr/include/eigen3/Eigen/StdVector:14[m[K,
                 from [01m[K/usr/include/pcl-1.10/pcl/point_cloud.h:45[m[K,
                 from [01m[K/home/ubuntu/bags/pc_merger_ws/src/pc_meger/include/mergeClouds.hpp:8[m[K,
                 from [01m[K/home/ubuntu/bags/pc_merger_ws/src/pc_meger/src/mergeClouds.cpp:1[m[K:
[01m[K/usr/include/c++/9/complex:409:5:[m[K [01;36m[Knote: [m[Kcandidate: ‘[01m[Ktemplate<class _Tp> std::complex<_Tp> std::operator*(const _Tp&, const std::complex<_Tp>&)[m[K’
  409 |     [01;36m[Koperator[m[K*(const _Tp& __x, const complex<_Tp>& __y)
      |     [01;36m[K^~~~~~~~[m[K
[01m[K/usr/include/c++/9/complex:409:5:[m[K [01;36m[Knote: [m[K  template argument deduction/substitution failed:
[01m[K/home/ubuntu/bags/pc_merger_ws/src/pc_meger/src/mergeClouds.cpp:119:35:[m[K [01;36m[Knote: [m[K  candidate expects 2 arguments, 1 provided
  119 |     combined_publisher_->publish(*[01;36m[Kcombined_msg[m[K);
      |                                   [01;36m[K^~~~~~~~~~~~[m[K
[01m[K/home/ubuntu/bags/pc_merger_ws/src/pc_meger/src/mergeClouds.cpp:[m[K In function ‘[01m[Kint main(int, char**)[m[K’:
[01m[K/home/ubuntu/bags/pc_merger_ws/src/pc_meger/src/mergeClouds.cpp:124:33:[m[K [01;31m[Kerror: [m[K‘[01m[KPointCloudCombinerNode[m[K’ was not declared in this scope; did you mean ‘[01m[KPointCloudCombiner[m[K’?
  124 |   rclcpp::spin(std::make_shared<[01;31m[KPointCloudCombinerNode[m[K>("point_cloud_combiner"));
      |                                 [01;31m[K^~~~~~~~~~~~~~~~~~~~~~[m[K
      |                                 [32m[KPointCloudCombiner[m[K
[01m[K/home/ubuntu/bags/pc_merger_ws/src/pc_meger/src/mergeClouds.cpp:124:79:[m[K [01;31m[Kerror: [m[Kno matching function for call to ‘[01m[Kmake_shared<<expression error> >(const char [21])[m[K’
  124 |   rclcpp::spin(std::make_shared<PointCloudCombinerNode>("point_cloud_combiner"[01;31m[K)[m[K);
      |                                                                               [01;31m[K^[m[K
In file included from [01m[K/usr/include/c++/9/memory:81[m[K,
                 from [01m[K/opt/ros/galactic/include/rclcpp/rclcpp.hpp:154[m[K,
                 from [01m[K/home/ubuntu/bags/pc_merger_ws/src/pc_meger/include/mergeClouds.hpp:5[m[K,
                 from [01m[K/home/ubuntu/bags/pc_merger_ws/src/pc_meger/src/mergeClouds.cpp:1[m[K:
[01m[K/usr/include/c++/9/bits/shared_ptr.h:714:5:[m[K [01;36m[Knote: [m[Kcandidate: ‘[01m[Ktemplate<class _Tp, class ... _Args> std::shared_ptr<_Tp> std::make_shared(_Args&& ...)[m[K’
  714 |     [01;36m[Kmake_shared[m[K(_Args&&... __args)
      |     [01;36m[K^~~~~~~~~~~[m[K
[01m[K/usr/include/c++/9/bits/shared_ptr.h:714:5:[m[K [01;36m[Knote: [m[K  template argument deduction/substitution failed:
[01m[K/home/ubuntu/bags/pc_merger_ws/src/pc_meger/src/mergeClouds.cpp:124:79:[m[K [01;31m[Kerror: [m[Ktemplate argument 1 is invalid
  124 |   rclcpp::spin(std::make_shared<PointCloudCombinerNode>("point_cloud_combiner"[01;31m[K)[m[K);
      |                                                                               [01;31m[K^[m[K
In file included from [01m[K/opt/ros/galactic/include/rclcpp/subscription_base.hpp:29[m[K,
                 from [01m[K/opt/ros/galactic/include/rclcpp/callback_group.hpp:26[m[K,
                 from [01m[K/opt/ros/galactic/include/rclcpp/any_executable.hpp:20[m[K,
                 from [01m[K/opt/ros/galactic/include/rclcpp/memory_strategy.hpp:25[m[K,
                 from [01m[K/opt/ros/galactic/include/rclcpp/memory_strategies.hpp:18[m[K,
                 from [01m[K/opt/ros/galactic/include/rclcpp/executor_options.hpp:20[m[K,
                 from [01m[K/opt/ros/galactic/include/rclcpp/executor.hpp:36[m[K,
                 from [01m[K/opt/ros/galactic/include/rclcpp/executors/multi_threaded_executor.hpp:26[m[K,
                 from [01m[K/opt/ros/galactic/include/rclcpp/executors.hpp:21[m[K,
                 from [01m[K/opt/ros/galactic/include/rclcpp/rclcpp.hpp:156[m[K,
                 from [01m[K/home/ubuntu/bags/pc_merger_ws/src/pc_meger/include/mergeClouds.hpp:5[m[K,
                 from [01m[K/home/ubuntu/bags/pc_merger_ws/src/pc_meger/src/mergeClouds.cpp:1[m[K:
/opt/ros/galactic/include/rclcpp/any_subscription_callback.hpp: In instantiation of ‘[01m[Krclcpp::AnySubscriptionCallback<MessageT, AllocatorT> rclcpp::AnySubscriptionCallback<MessageT, AllocatorT>::set(CallbackT) [with CallbackT = std::_Bind<void (PointCloudCombiner::*(PointCloudCombiner*, std::_Placeholder<1>, const char*))(std::shared_ptr<sensor_msgs::msg::PointCloud2_<std::allocator<void> > >, std::__cxx11::basic_string<char>)>; MessageT = sensor_msgs::msg::PointCloud2_<std::allocator<void> >; AllocatorT = std::allocator<void>][m[K’:
[01m[K/opt/ros/galactic/include/rclcpp/subscription_factory.hpp:97:3:[m[K   required from ‘[01m[Krclcpp::SubscriptionFactory rclcpp::create_subscription_factory(CallbackT&&, const rclcpp::SubscriptionOptionsWithAllocator<AllocatorT>&, typename MessageMemoryStrategyT::SharedPtr, std::shared_ptr<rclcpp::topic_statistics::SubscriptionTopicStatistics<CallbackMessageT> >) [with MessageT = sensor_msgs::msg::PointCloud2_<std::allocator<void> >; CallbackT = std::_Bind<void (PointCloudCombiner::*(PointCloudCombiner*, std::_Placeholder<1>, const char*))(std::shared_ptr<sensor_msgs::msg::PointCloud2_<std::allocator<void> > >, std::__cxx11::basic_string<char>)>; AllocatorT = std::allocator<void>; CallbackMessageT = sensor_msgs::msg::PointCloud2_<std::allocator<void> >; SubscriptionT = rclcpp::Subscription<sensor_msgs::msg::PointCloud2_<std::allocator<void> > >; MessageMemoryStrategyT = rclcpp::message_memory_strategy::MessageMemoryStrategy<sensor_msgs::msg::PointCloud2_<std::allocator<void> >, std::allocator<void> >; typename MessageMemoryStrategyT::SharedPtr = std::shared_ptr<rclcpp::message_memory_strategy::MessageMemoryStrategy<sensor_msgs::msg::PointCloud2_<std::allocator<void> >, std::allocator<void> > >][m[K’
[01m[K/opt/ros/galactic/include/rclcpp/create_subscription.hpp:122:63:[m[K   required from ‘[01m[Kstd::shared_ptr<SubscriptionT> rclcpp::detail::create_subscription(NodeParametersT&, NodeTopicsT&, const string&, const rclcpp::QoS&, CallbackT&&, const rclcpp::SubscriptionOptionsWithAllocator<AllocatorT>&, typename MessageMemoryStrategyT::SharedPtr) [with MessageT = sensor_msgs::msg::PointCloud2_<std::allocator<void> >; CallbackT = std::_Bind<void (PointCloudCombiner::*(PointCloudCombiner*, std::_Placeholder<1>, const char*))(std::shared_ptr<sensor_msgs::msg::PointCloud2_<std::allocator<void> > >, std::__cxx11::basic_string<char>)>; AllocatorT = std::allocator<void>; CallbackMessageT = sensor_msgs::msg::PointCloud2_<std::allocator<void> >; SubscriptionT = rclcpp::Subscription<sensor_msgs::msg::PointCloud2_<std::allocator<void> > >; MessageMemoryStrategyT = rclcpp::message_memory_strategy::MessageMemoryStrategy<sensor_msgs::msg::PointCloud2_<std::allocator<void> >, std::allocator<void> >; NodeParametersT = rclcpp::Node; NodeTopicsT = rclcpp::Node; std::string = std::__cxx11::basic_string<char>; typename MessageMemoryStrategyT::SharedPtr = std::shared_ptr<rclcpp::message_memory_strategy::MessageMemoryStrategy<sensor_msgs::msg::PointCloud2_<std::allocator<void> >, std::allocator<void> > >][m[K’
[01m[K/opt/ros/galactic/include/rclcpp/create_subscription.hpp:197:94:[m[K   required from ‘[01m[Kstd::shared_ptr<SubscriptionT> rclcpp::create_subscription(NodeT&, const string&, const rclcpp::QoS&, CallbackT&&, const rclcpp::SubscriptionOptionsWithAllocator<AllocatorT>&, typename MessageMemoryStrategyT::SharedPtr) [with MessageT = sensor_msgs::msg::PointCloud2_<std::allocator<void> >; CallbackT = std::_Bind<void (PointCloudCombiner::*(PointCloudCombiner*, std::_Placeholder<1>, const char*))(std::shared_ptr<sensor_msgs::msg::PointCloud2_<std::allocator<void> > >, std::__cxx11::basic_string<char>)>; AllocatorT = std::allocator<void>; CallbackMessageT = sensor_msgs::msg::PointCloud2_<std::allocator<void> >; SubscriptionT = rclcpp::Subscription<sensor_msgs::msg::PointCloud2_<std::allocator<void> > >; MessageMemoryStrategyT = rclcpp::message_memory_strategy::MessageMemoryStrategy<sensor_msgs::msg::PointCloud2_<std::allocator<void> >, std::allocator<void> >; NodeT = rclcpp::Node; std::string = std::__cxx11::basic_string<char>; typename MessageMemoryStrategyT::SharedPtr = std::shared_ptr<rclcpp::message_memory_strategy::MessageMemoryStrategy<sensor_msgs::msg::PointCloud2_<std::allocator<void> >, std::allocator<void> > >][m[K’
[01m[K/opt/ros/galactic/include/rclcpp/node_impl.hpp:100:47:[m[K   required from ‘[01m[Kstd::shared_ptr<SubscriptionT> rclcpp::Node::create_subscription(const string&, const rclcpp::QoS&, CallbackT&&, const rclcpp::SubscriptionOptionsWithAllocator<AllocatorT>&, typename MessageMemoryStrategyT::SharedPtr) [with MessageT = sensor_msgs::msg::PointCloud2_<std::allocator<void> >; CallbackT = std::_Bind<void (PointCloudCombiner::*(PointCloudCombiner*, std::_Placeholder<1>, const char*))(std::shared_ptr<sensor_msgs::msg::PointCloud2_<std::allocator<void> > >, std::__cxx11::basic_string<char>)>; AllocatorT = std::allocator<void>; CallbackMessageT = sensor_msgs::msg::PointCloud2_<std::allocator<void> >; SubscriptionT = rclcpp::Subscription<sensor_msgs::msg::PointCloud2_<std::allocator<void> > >; MessageMemoryStrategyT = rclcpp::message_memory_strategy::MessageMemoryStrategy<sensor_msgs::msg::PointCloud2_<std::allocator<void> >, std::allocator<void> >; std::string = std::__cxx11::basic_string<char>; typename MessageMemoryStrategyT::SharedPtr = std::shared_ptr<rclcpp::message_memory_strategy::MessageMemoryStrategy<sensor_msgs::msg::PointCloud2_<std::allocator<void> >, std::allocator<void> > >][m[K’
[01m[K/home/ubuntu/bags/pc_merger_ws/src/pc_meger/src/mergeClouds.cpp:53:121:[m[K   required from here
[01m[K/opt/ros/galactic/include/rclcpp/any_subscription_callback.hpp:185:25:[m[K [01;31m[Kerror: [m[Kno match for ‘[01m[Koperator=[m[K’ (operand types are ‘[01m[Krclcpp::detail::AnySubscriptionCallbackHelper<sensor_msgs::msg::PointCloud2_<std::allocator<void> >, std::allocator<void> >::variant_type[m[K’ {aka ‘[01m[Kstd::variant<std::function<void(const sensor_msgs::msg::PointCloud2_<std::allocator<void> >&)>, std::function<void(const sensor_msgs::msg::PointCloud2_<std::allocator<void> >&, const rclcpp::MessageInfo&)>, std::function<void(std::unique_ptr<sensor_msgs::msg::PointCloud2_<std::allocator<void> >, std::default_delete<sensor_msgs::msg::PointCloud2_<std::allocator<void> > > >)>, std::function<void(std::unique_ptr<sensor_msgs::msg::PointCloud2_<std::allocator<void> >, std::default_delete<sensor_msgs::msg::PointCloud2_<std::allocator<void> > > >, const rclcpp::MessageInfo&)>, std::function<void(std::shared_ptr<const sensor_msgs::msg::PointCloud2_<std::allocator<void> > >)>, std::function<void(std::shared_ptr<const sensor_msgs::msg::PointCloud2_<std::allocator<void> > >, const rclcpp::MessageInfo&)>, std::function<void(const std::shared_ptr<const sensor_msgs::msg::PointCloud2_<std::allocator<void> > >&)>, std::function<void(const std::shared_ptr<const sensor_msgs::msg::PointCloud2_<std::allocator<void> > >&, const rclcpp::MessageInfo&)>, std::function<void(std::shared_ptr<sensor_msgs::msg::PointCloud2_<std::allocator<void> > >)>, std::function<void(std::shared_ptr<sensor_msgs::msg::PointCloud2_<std::allocator<void> > >, const rclcpp::MessageInfo&)> >[m[K’} and ‘[01m[Krclcpp::detail::SubscriptionCallbackTypeHelper<sensor_msgs::msg::PointCloud2_<std::allocator<void> >, std::_Bind<void (PointCloudCombiner::*(PointCloudCombiner*, std::_Placeholder<1>, const char*))(std::shared_ptr<sensor_msgs::msg::PointCloud2_<std::allocator<void> > >, std::__cxx11::basic_string<char>)>, void>::callback_type[m[K’ {aka ‘[01m[Kstd::function<void(std::shared_ptr<sensor_msgs::msg::PointCloud2_<std::allocator<void> > >, std::__cxx11::basic_string<char>)>[m[K’})
  185 |       [01;31m[Kcallback_variant_ = static_cast<typename scbth::callback_type>(callback)[m[K;
      |       [01;31m[K~~~~~~~~~~~~~~~~~~^~~~~~~~~~~~~~~~~~~~~~~~~~~~~~~~~~~~~~~~~~~~~~~~~~~~~~[m[K
In file included from [01m[K/opt/ros/galactic/include/rclcpp/any_subscription_callback.hpp:23[m[K,
                 from [01m[K/opt/ros/galactic/include/rclcpp/subscription_base.hpp:29[m[K,
                 from [01m[K/opt/ros/galactic/include/rclcpp/callback_group.hpp:26[m[K,
                 from [01m[K/opt/ros/galactic/include/rclcpp/any_executable.hpp:20[m[K,
                 from [01m[K/opt/ros/galactic/include/rclcpp/memory_strategy.hpp:25[m[K,
                 from [01m[K/opt/ros/galactic/include/rclcpp/memory_strategies.hpp:18[m[K,
                 from [01m[K/opt/ros/galactic/include/rclcpp/executor_options.hpp:20[m[K,
                 from [01m[K/opt/ros/galactic/include/rclcpp/executor.hpp:36[m[K,
                 from [01m[K/opt/ros/galactic/include/rclcpp/executors/multi_threaded_executor.hpp:26[m[K,
                 from [01m[K/opt/ros/galactic/include/rclcpp/executors.hpp:21[m[K,
                 from [01m[K/opt/ros/galactic/include/rclcpp/rclcpp.hpp:156[m[K,
                 from [01m[K/home/ubuntu/bags/pc_merger_ws/src/pc_meger/include/mergeClouds.hpp:5[m[K,
                 from [01m[K/home/ubuntu/bags/pc_merger_ws/src/pc_meger/src/mergeClouds.cpp:1[m[K:
[01m[K/usr/include/c++/9/variant:1299:16:[m[K [01;36m[Knote: [m[Kcandidate: ‘[01m[Kstd::variant<_Types>& std::variant<_Types>::operator=(const std::variant<_Types>&) [with _Types = {std::function<void(const sensor_msgs::msg::PointCloud2_<std::allocator<void> >&)>, std::function<void(const sensor_msgs::msg::PointCloud2_<std::allocator<void> >&, const rclcpp::MessageInfo&)>, std::function<void(std::unique_ptr<sensor_msgs::msg::PointCloud2_<std::allocator<void> >, std::default_delete<sensor_msgs::msg::PointCloud2_<std::allocator<void> > > >)>, std::function<void(std::unique_ptr<sensor_msgs::msg::PointCloud2_<std::allocator<void> >, std::default_delete<sensor_msgs::msg::PointCloud2_<std::allocator<void> > > >, const rclcpp::MessageInfo&)>, std::function<void(std::shared_ptr<const sensor_msgs::msg::PointCloud2_<std::allocator<void> > >)>, std::function<void(std::shared_ptr<const sensor_msgs::msg::PointCloud2_<std::allocator<void> > >, const rclcpp::MessageInfo&)>, std::function<void(const std::shared_ptr<const sensor_msgs::msg::PointCloud2_<std::allocator<void> > >&)>, std::function<void(const std::shared_ptr<const sensor_msgs::msg::PointCloud2_<std::allocator<void> > >&, const rclcpp::MessageInfo&)>, std::function<void(std::shared_ptr<sensor_msgs::msg::PointCloud2_<std::allocator<void> > >)>, std::function<void(std::shared_ptr<sensor_msgs::msg::PointCloud2_<std::allocator<void> > >, const rclcpp::MessageInfo&)>}][m[K’
 1299 |       variant& [01;36m[Koperator[m[K=(const variant&) = default;
      |                [01;36m[K^~~~~~~~[m[K
[01m[K/usr/include/c++/9/variant:1299:26:[m[K [01;36m[Knote: [m[K  no known conversion for argument 1 from ‘[01m[Krclcpp::detail::SubscriptionCallbackTypeHelper<sensor_msgs::msg::PointCloud2_<std::allocator<void> >, std::_Bind<void (PointCloudCombiner::*(PointCloudCombiner*, std::_Placeholder<1>, const char*))(std::shared_ptr<sensor_msgs::msg::PointCloud2_<std::allocator<void> > >, std::__cxx11::basic_string<char>)>, void>::callback_type[m[K’ {aka ‘[01m[Kstd::function<void(std::shared_ptr<sensor_msgs::msg::PointCloud2_<std::allocator<void> > >, std::__cxx11::basic_string<char>)>[m[K’} to ‘[01m[Kconst std::variant<std::function<void(const sensor_msgs::msg::PointCloud2_<std::allocator<void> >&)>, std::function<void(const sensor_msgs::msg::PointCloud2_<std::allocator<void> >&, const rclcpp::MessageInfo&)>, std::function<void(std::unique_ptr<sensor_msgs::msg::PointCloud2_<std::allocator<void> >, std::default_delete<sensor_msgs::msg::PointCloud2_<std::allocator<void> > > >)>, std::function<void(std::unique_ptr<sensor_msgs::msg::PointCloud2_<std::allocator<void> >, std::default_delete<sensor_msgs::msg::PointCloud2_<std::allocator<void> > > >, const rclcpp::MessageInfo&)>, std::function<void(std::shared_ptr<const sensor_msgs::msg::PointCloud2_<std::allocator<void> > >)>, std::function<void(std::shared_ptr<const sensor_msgs::msg::PointCloud2_<std::allocator<void> > >, const rclcpp::MessageInfo&)>, std::function<void(const std::shared_ptr<const sensor_msgs::msg::PointCloud2_<std::allocator<void> > >&)>, std::function<void(const std::shared_ptr<const sensor_msgs::msg::PointCloud2_<std::allocator<void> > >&, const rclcpp::MessageInfo&)>, std::function<void(std::shared_ptr<sensor_msgs::msg::PointCloud2_<std::allocator<void> > >)>, std::function<void(std::shared_ptr<sensor_msgs::msg::PointCloud2_<std::allocator<void> > >, const rclcpp::MessageInfo&)> >&[m[K’
 1299 |       variant& operator=([01;36m[Kconst variant&[m[K) = default;
      |                          [01;36m[K^~~~~~~~~~~~~~[m[K
[01m[K/usr/include/c++/9/variant:1300:16:[m[K [01;36m[Knote: [m[Kcandidate: ‘[01m[Kstd::variant<_Types>& std::variant<_Types>::operator=(std::variant<_Types>&&) [with _Types = {std::function<void(const sensor_msgs::msg::PointCloud2_<std::allocator<void> >&)>, std::function<void(const sensor_msgs::msg::PointCloud2_<std::allocator<void> >&, const rclcpp::MessageInfo&)>, std::function<void(std::unique_ptr<sensor_msgs::msg::PointCloud2_<std::allocator<void> >, std::default_delete<sensor_msgs::msg::PointCloud2_<std::allocator<void> > > >)>, std::function<void(std::unique_ptr<sensor_msgs::msg::PointCloud2_<std::allocator<void> >, std::default_delete<sensor_msgs::msg::PointCloud2_<std::allocator<void> > > >, const rclcpp::MessageInfo&)>, std::function<void(std::shared_ptr<const sensor_msgs::msg::PointCloud2_<std::allocator<void> > >)>, std::function<void(std::shared_ptr<const sensor_msgs::msg::PointCloud2_<std::allocator<void> > >, const rclcpp::MessageInfo&)>, std::function<void(const std::shared_ptr<const sensor_msgs::msg::PointCloud2_<std::allocator<void> > >&)>, std::function<void(const std::shared_ptr<const sensor_msgs::msg::PointCloud2_<std::allocator<void> > >&, const rclcpp::MessageInfo&)>, std::function<void(std::shared_ptr<sensor_msgs::msg::PointCloud2_<std::allocator<void> > >)>, std::function<void(std::shared_ptr<sensor_msgs::msg::PointCloud2_<std::allocator<void> > >, const rclcpp::MessageInfo&)>}][m[K’
 1300 |       variant& [01;36m[Koperator[m[K=(variant&&) = default;
      |                [01;36m[K^~~~~~~~[m[K
[01m[K/usr/include/c++/9/variant:1300:26:[m[K [01;36m[Knote: [m[K  no known conversion for argument 1 from ‘[01m[Krclcpp::detail::SubscriptionCallbackTypeHelper<sensor_msgs::msg::PointCloud2_<std::allocator<void> >, std::_Bind<void (PointCloudCombiner::*(PointCloudCombiner*, std::_Placeholder<1>, const char*))(std::shared_ptr<sensor_msgs::msg::PointCloud2_<std::allocator<void> > >, std::__cxx11::basic_string<char>)>, void>::callback_type[m[K’ {aka ‘[01m[Kstd::function<void(std::shared_ptr<sensor_msgs::msg::PointCloud2_<std::allocator<void> > >, std::__cxx11::basic_string<char>)>[m[K’} to ‘[01m[Kstd::variant<std::function<void(const sensor_msgs::msg::PointCloud2_<std::allocator<void> >&)>, std::function<void(const sensor_msgs::msg::PointCloud2_<std::allocator<void> >&, const rclcpp::MessageInfo&)>, std::function<void(std::unique_ptr<sensor_msgs::msg::PointCloud2_<std::allocator<void> >, std::default_delete<sensor_msgs::msg::PointCloud2_<std::allocator<void> > > >)>, std::function<void(std::unique_ptr<sensor_msgs::msg::PointCloud2_<std::allocator<void> >, std::default_delete<sensor_msgs::msg::PointCloud2_<std::allocator<void> > > >, const rclcpp::MessageInfo&)>, std::function<void(std::shared_ptr<const sensor_msgs::msg::PointCloud2_<std::allocator<void> > >)>, std::function<void(std::shared_ptr<const sensor_msgs::msg::PointCloud2_<std::allocator<void> > >, const rclcpp::MessageInfo&)>, std::function<void(const std::shared_ptr<const sensor_msgs::msg::PointCloud2_<std::allocator<void> > >&)>, std::function<void(const std::shared_ptr<const sensor_msgs::msg::PointCloud2_<std::allocator<void> > >&, const rclcpp::MessageInfo&)>, std::function<void(std::shared_ptr<sensor_msgs::msg::PointCloud2_<std::allocator<void> > >)>, std::function<void(std::shared_ptr<sensor_msgs::msg::PointCloud2_<std::allocator<void> > >, const rclcpp::MessageInfo&)> >&&[m[K’
 1300 |       variant& operator=([01;36m[Kvariant&&[m[K) = default;
      |                          [01;36m[K^~~~~~~~~[m[K
[01m[K/usr/include/c++/9/variant:1362:2:[m[K [01;36m[Knote: [m[Kcandidate: ‘[01m[Ktemplate<class _Tp> std::enable_if_t<((__exactly_once<std::variant<_Types>::__accepted_type<_Tp&&, typename std::enable_if<__not_self<_Tp&&>, void>::type> > && is_constructible_v<std::variant<_Types>::__accepted_type<_Tp&&, typename std::enable_if<__not_self<_Tp&&>, void>::type>, _Tp>) && is_assignable_v<std::variant<_Types>::__accepted_type<_Tp&&, typename std::enable_if<__not_self<_Tp&&>, void>::type>&, _Tp>), std::variant<_Types>&> std::variant<_Types>::operator=(_Tp&&) [with _Tp = _Tp; _Types = {std::function<void(const sensor_msgs::msg::PointCloud2_<std::allocator<void> >&)>, std::function<void(const sensor_msgs::msg::PointCloud2_<std::allocator<void> >&, const rclcpp::MessageInfo&)>, std::function<void(std::unique_ptr<sensor_msgs::msg::PointCloud2_<std::allocator<void> >, std::default_delete<sensor_msgs::msg::PointCloud2_<std::allocator<void> > > >)>, std::function<void(std::unique_ptr<sensor_msgs::msg::PointCloud2_<std::allocator<void> >, std::default_delete<sensor_msgs::msg::PointCloud2_<std::allocator<void> > > >, const rclcpp::MessageInfo&)>, std::function<void(std::shared_ptr<const sensor_msgs::msg::PointCloud2_<std::allocator<void> > >)>, std::function<void(std::shared_ptr<const sensor_msgs::msg::PointCloud2_<std::allocator<void> > >, const rclcpp::MessageInfo&)>, std::function<void(const std::shared_ptr<const sensor_msgs::msg::PointCloud2_<std::allocator<void> > >&)>, std::function<void(const std::shared_ptr<const sensor_msgs::msg::PointCloud2_<std::allocator<void> > >&, const rclcpp::MessageInfo&)>, std::function<void(std::shared_ptr<sensor_msgs::msg::PointCloud2_<std::allocator<void> > >)>, std::function<void(std::shared_ptr<sensor_msgs::msg::PointCloud2_<std::allocator<void> > >, const rclcpp::MessageInfo&)>}][m[K’
 1362 |  [01;36m[Koperator[m[K=(_Tp&& __rhs)
      |  [01;36m[K^~~~~~~~[m[K
[01m[K/usr/include/c++/9/variant:1362:2:[m[K [01;36m[Knote: [m[K  template argument deduction/substitution failed:
/usr/include/c++/9/variant: In substitution of ‘[01m[Ktemplate<class ... _Types> template<class _Tp, class> using __accepted_type = std::variant<_Types>::__to_type<__accepted_index<_Tp> > [with _Tp = std::function<void(std::shared_ptr<sensor_msgs::msg::PointCloud2_<std::allocator<void> > >, std::__cxx11::basic_string<char>)>&&; <template-parameter-2-2> = std::enable_if<true, void>::type; _Types = {std::function<void(const sensor_msgs::msg::PointCloud2_<std::allocator<void> >&)>, std::function<void(const sensor_msgs::msg::PointCloud2_<std::allocator<void> >&, const rclcpp::MessageInfo&)>, std::function<void(std::unique_ptr<sensor_msgs::msg::PointCloud2_<std::allocator<void> >, std::default_delete<sensor_msgs::msg::PointCloud2_<std::allocator<void> > > >)>, std::function<void(std::unique_ptr<sensor_msgs::msg::PointCloud2_<std::allocator<void> >, std::default_delete<sensor_msgs::msg::PointCloud2_<std::allocator<void> > > >, const rclcpp::MessageInfo&)>, std::function<void(std::shared_ptr<const sensor_msgs::msg::PointCloud2_<std::allocator<void> > >)>, std::function<void(std::shared_ptr<const sensor_msgs::msg::PointCloud2_<std::allocator<void> > >, const rclcpp::MessageInfo&)>, std::function<void(const std::shared_ptr<const sensor_msgs::msg::PointCloud2_<std::allocator<void> > >&)>, std::function<void(const std::shared_ptr<const sensor_msgs::msg::PointCloud2_<std::allocator<void> > >&, const rclcpp::MessageInfo&)>, std::function<void(std::shared_ptr<sensor_msgs::msg::PointCloud2_<std::allocator<void> > >)>, std::function<void(std::shared_ptr<sensor_msgs::msg::PointCloud2_<std::allocator<void> > >, const rclcpp::MessageInfo&)>}][m[K’:
[01m[K/usr/include/c++/9/variant:1358:14:[m[K   required by substitution of ‘[01m[Ktemplate<class _Tp> std::enable_if_t<((__exactly_once<std::variant<std::function<void(const sensor_msgs::msg::PointCloud2_<std::allocator<void> >&)>, std::function<void(const sensor_msgs::msg::PointCloud2_<std::allocator<void> >&, const rclcpp::MessageInfo&)>, std::function<void(std::unique_ptr<sensor_msgs::msg::PointCloud2_<std::allocator<void> >, std::default_delete<sensor_msgs::msg::PointCloud2_<std::allocator<void> > > >)>, std::function<void(std::unique_ptr<sensor_msgs::msg::PointCloud2_<std::allocator<void> >, std::default_delete<sensor_msgs::msg::PointCloud2_<std::allocator<void> > > >, const rclcpp::MessageInfo&)>, std::function<void(std::shared_ptr<const sensor_msgs::msg::PointCloud2_<std::allocator<void> > >)>, std::function<void(std::shared_ptr<const sensor_msgs::msg::PointCloud2_<std::allocator<void> > >, const rclcpp::MessageInfo&)>, std::function<void(const std::shared_ptr<const sensor_msgs::msg::PointCloud2_<std::allocator<void> > >&)>, std::function<void(const std::shared_ptr<const sensor_msgs::msg::PointCloud2_<std::allocator<void> > >&, const rclcpp::MessageInfo&)>, std::function<void(std::shared_ptr<sensor_msgs::msg::PointCloud2_<std::allocator<void> > >)>, std::function<void(std::shared_ptr<sensor_msgs::msg::PointCloud2_<std::allocator<void> > >, const rclcpp::MessageInfo&)> >::__accepted_type<_Tp&&, typename std::enable_if<__not_self<_Tp&&>, void>::type> > && is_constructible_v<std::variant<std::function<void(const sensor_msgs::msg::PointCloud2_<std::allocator<void> >&)>, std::function<void(const sensor_msgs::msg::PointCloud2_<std::allocator<void> >&, const rclcpp::MessageInfo&)>, std::function<void(std::unique_ptr<sensor_msgs::msg::PointCloud2_<std::allocator<void> >, std::default_delete<sensor_msgs::msg::PointCloud2_<std::allocator<void> > > >)>, std::function<void(std::unique_ptr<sensor_msgs::msg::PointCloud2_<std::allocator<void> >, std::default_delete<sensor_msgs::msg::PointCloud2_<std::allocator<void> > > >, const rclcpp::MessageInfo&)>, std::function<void(std::shared_ptr<const sensor_msgs::msg::PointCloud2_<std::allocator<void> > >)>, std::function<void(std::shared_ptr<const sensor_msgs::msg::PointCloud2_<std::allocator<void> > >, const rclcpp::MessageInfo&)>, std::function<void(const std::shared_ptr<const sensor_msgs::msg::PointCloud2_<std::allocator<void> > >&)>, std::function<void(const std::shared_ptr<const sensor_msgs::msg::PointCloud2_<std::allocator<void> > >&, const rclcpp::MessageInfo&)>, std::function<void(std::shared_ptr<sensor_msgs::msg::PointCloud2_<std::allocator<void> > >)>, std::function<void(std::shared_ptr<sensor_msgs::msg::PointCloud2_<std::allocator<void> > >, const rclcpp::MessageInfo&)> >::__accepted_type<_Tp&&, typename std::enable_if<__not_self<_Tp&&>, void>::type>, _Tp>) && is_assignable_v<std::variant<std::function<void(const sensor_msgs::msg::PointCloud2_<std::allocator<void> >&)>, std::function<void(const sensor_msgs::msg::PointCloud2_<std::allocator<void> >&, const rclcpp::MessageInfo&)>, std::function<void(std::unique_ptr<sensor_msgs::msg::PointCloud2_<std::allocator<void> >, std::default_delete<sensor_msgs::msg::PointCloud2_<std::allocator<void> > > >)>, std::function<void(std::unique_ptr<sensor_msgs::msg::PointCloud2_<std::allocator<void> >, std::default_delete<sensor_msgs::msg::PointCloud2_<std::allocator<void> > > >, const rclcpp::MessageInfo&)>, std::function<void(std::shared_ptr<const sensor_msgs::msg::PointCloud2_<std::allocator<void> > >)>, std::function<void(std::shared_ptr<const sensor_msgs::msg::PointCloud2_<std::allocator<void> > >, const rclcpp::MessageInfo&)>, std::function<void(const std::shared_ptr<const sensor_msgs::msg::PointCloud2_<std::allocator<void> > >&)>, std::function<void(const std::shared_ptr<const sensor_msgs::msg::PointCloud2_<std::allocator<void> > >&, const rclcpp::MessageInfo&)>, std::function<void(std::shared_ptr<sensor_msgs::msg::PointCloud2_<std::allocator<void> > >)>, std::function<void(std::shared_ptr<sensor_msgs::msg::PointCloud2_<std::allocator<void> > >, const rclcpp::MessageInfo&)> >::__accepted_type<_Tp&&, typename std::enable_if<__not_self<_Tp&&>, void>::type>&, _Tp>), std::variant<std::function<void(const sensor_msgs::msg::PointCloud2_<std::allocator<void> >&)>, std::function<void(const sensor_msgs::msg::PointCloud2_<std::allocator<void> >&, const rclcpp::MessageInfo&)>, std::function<void(std::unique_ptr<sensor_msgs::msg::PointCloud2_<std::allocator<void> >, std::default_delete<sensor_msgs::msg::PointCloud2_<std::allocator<void> > > >)>, std::function<void(std::unique_ptr<sensor_msgs::msg::PointCloud2_<std::allocator<void> >, std::default_delete<sensor_msgs::msg::PointCloud2_<std::allocator<void> > > >, const rclcpp::MessageInfo&)>, std::function<void(std::shared_ptr<const sensor_msgs::msg::PointCloud2_<std::allocator<void> > >)>, std::function<void(std::shared_ptr<const sensor_msgs::msg::PointCloud2_<std::allocator<void> > >, const rclcpp::MessageInfo&)>, std::function<void(const std::shared_ptr<const sensor_msgs::msg::PointCloud2_<std::allocator<void> > >&)>, std::function<void(const std::shared_ptr<const sensor_msgs::msg::PointCloud2_<std::allocator<void> > >&, const rclcpp::MessageInfo&)>, std::function<void(std::shared_ptr<sensor_msgs::msg::PointCloud2_<std::allocator<void> > >)>, std::function<void(std::shared_ptr<sensor_msgs::msg::PointCloud2_<std::allocator<void> > >, const rclcpp::MessageInfo&)> >&> std::variant<std::function<void(const sensor_msgs::msg::PointCloud2_<std::allocator<void> >&)>, std::function<void(const sensor_msgs::msg::PointCloud2_<std::allocator<void> >&, const rclcpp::MessageInfo&)>, std::function<void(std::unique_ptr<sensor_msgs::msg::PointCloud2_<std::allocator<void> >, std::default_delete<sensor_msgs::msg::PointCloud2_<std::allocator<void> > > >)>, std::function<void(std::unique_ptr<sensor_msgs::msg::PointCloud2_<std::allocator<void> >, std::default_delete<sensor_msgs::msg::PointCloud2_<std::allocator<void> > > >, const rclcpp::MessageInfo&)>, std::function<void(std::shared_ptr<const sensor_msgs::msg::PointCloud2_<std::allocator<void> > >)>, std::function<void(std::shared_ptr<const sensor_msgs::msg::PointCloud2_<std::allocator<void> > >, const rclcpp::MessageInfo&)>, std::function<void(const std::shared_ptr<const sensor_msgs::msg::PointCloud2_<std::allocator<void> > >&)>, std::function<void(const std::shared_ptr<const sensor_msgs::msg::PointCloud2_<std::allocator<void> > >&, const rclcpp::MessageInfo&)>, std::function<void(std::shared_ptr<sensor_msgs::msg::PointCloud2_<std::allocator<void> > >)>, std::function<void(std::shared_ptr<sensor_msgs::msg::PointCloud2_<std::allocator<void> > >, const rclcpp::MessageInfo&)> >::operator=<_Tp>(_Tp&&) [with _Tp = std::function<void(std::shared_ptr<sensor_msgs::msg::PointCloud2_<std::allocator<void> > >, std::__cxx11::basic_string<char>)>][m[K’
[01m[K/opt/ros/galactic/include/rclcpp/any_subscription_callback.hpp:185:25:[m[K   required from ‘[01m[Krclcpp::AnySubscriptionCallback<MessageT, AllocatorT> rclcpp::AnySubscriptionCallback<MessageT, AllocatorT>::set(CallbackT) [with CallbackT = std::_Bind<void (PointCloudCombiner::*(PointCloudCombiner*, std::_Placeholder<1>, const char*))(std::shared_ptr<sensor_msgs::msg::PointCloud2_<std::allocator<void> > >, std::__cxx11::basic_string<char>)>; MessageT = sensor_msgs::msg::PointCloud2_<std::allocator<void> >; AllocatorT = std::allocator<void>][m[K’
[01m[K/opt/ros/galactic/include/rclcpp/subscription_factory.hpp:97:3:[m[K   required from ‘[01m[Krclcpp::SubscriptionFactory rclcpp::create_subscription_factory(CallbackT&&, const rclcpp::SubscriptionOptionsWithAllocator<AllocatorT>&, typename MessageMemoryStrategyT::SharedPtr, std::shared_ptr<rclcpp::topic_statistics::SubscriptionTopicStatistics<CallbackMessageT> >) [with MessageT = sensor_msgs::msg::PointCloud2_<std::allocator<void> >; CallbackT = std::_Bind<void (PointCloudCombiner::*(PointCloudCombiner*, std::_Placeholder<1>, const char*))(std::shared_ptr<sensor_msgs::msg::PointCloud2_<std::allocator<void> > >, std::__cxx11::basic_string<char>)>; AllocatorT = std::allocator<void>; CallbackMessageT = sensor_msgs::msg::PointCloud2_<std::allocator<void> >; SubscriptionT = rclcpp::Subscription<sensor_msgs::msg::PointCloud2_<std::allocator<void> > >; MessageMemoryStrategyT = rclcpp::message_memory_strategy::MessageMemoryStrategy<sensor_msgs::msg::PointCloud2_<std::allocator<void> >, std::allocator<void> >; typename MessageMemoryStrategyT::SharedPtr = std::shared_ptr<rclcpp::message_memory_strategy::MessageMemoryStrategy<sensor_msgs::msg::PointCloud2_<std::allocator<void> >, std::allocator<void> > >][m[K’
[01m[K/opt/ros/galactic/include/rclcpp/create_subscription.hpp:122:63:[m[K   required from ‘[01m[Kstd::shared_ptr<SubscriptionT> rclcpp::detail::create_subscription(NodeParametersT&, NodeTopicsT&, const string&, const rclcpp::QoS&, CallbackT&&, const rclcpp::SubscriptionOptionsWithAllocator<AllocatorT>&, typename MessageMemoryStrategyT::SharedPtr) [with MessageT = sensor_msgs::msg::PointCloud2_<std::allocator<void> >; CallbackT = std::_Bind<void (PointCloudCombiner::*(PointCloudCombiner*, std::_Placeholder<1>, const char*))(std::shared_ptr<sensor_msgs::msg::PointCloud2_<std::allocator<void> > >, std::__cxx11::basic_string<char>)>; AllocatorT = std::allocator<void>; CallbackMessageT = sensor_msgs::msg::PointCloud2_<std::allocator<void> >; SubscriptionT = rclcpp::Subscription<sensor_msgs::msg::PointCloud2_<std::allocator<void> > >; MessageMemoryStrategyT = rclcpp::message_memory_strategy::MessageMemoryStrategy<sensor_msgs::msg::PointCloud2_<std::allocator<void> >, std::allocator<void> >; NodeParametersT = rclcpp::Node; NodeTopicsT = rclcpp::Node; std::string = std::__cxx11::basic_string<char>; typename MessageMemoryStrategyT::SharedPtr = std::shared_ptr<rclcpp::message_memory_strategy::MessageMemoryStrategy<sensor_msgs::msg::PointCloud2_<std::allocator<void> >, std::allocator<void> > >][m[K’
[01m[K/opt/ros/galactic/include/rclcpp/create_subscription.hpp:197:94:[m[K   required from ‘[01m[Kstd::shared_ptr<SubscriptionT> rclcpp::create_subscription(NodeT&, const string&, const rclcpp::QoS&, CallbackT&&, const rclcpp::SubscriptionOptionsWithAllocator<AllocatorT>&, typename MessageMemoryStrategyT::SharedPtr) [with MessageT = sensor_msgs::msg::PointCloud2_<std::allocator<void> >; CallbackT = std::_Bind<void (PointCloudCombiner::*(PointCloudCombiner*, std::_Placeholder<1>, const char*))(std::shared_ptr<sensor_msgs::msg::PointCloud2_<std::allocator<void> > >, std::__cxx11::basic_string<char>)>; AllocatorT = std::allocator<void>; CallbackMessageT = sensor_msgs::msg::PointCloud2_<std::allocator<void> >; SubscriptionT = rclcpp::Subscription<sensor_msgs::msg::PointCloud2_<std::allocator<void> > >; MessageMemoryStrategyT = rclcpp::message_memory_strategy::MessageMemoryStrategy<sensor_msgs::msg::PointCloud2_<std::allocator<void> >, std::allocator<void> >; NodeT = rclcpp::Node; std::string = std::__cxx11::basic_string<char>; typename MessageMemoryStrategyT::SharedPtr = std::shared_ptr<rclcpp::message_memory_strategy::MessageMemoryStrategy<sensor_msgs::msg::PointCloud2_<std::allocator<void> >, std::allocator<void> > >][m[K’
[01m[K/opt/ros/galactic/include/rclcpp/node_impl.hpp:100:47:[m[K   required from ‘[01m[Kstd::shared_ptr<SubscriptionT> rclcpp::Node::create_subscription(const string&, const rclcpp::QoS&, CallbackT&&, const rclcpp::SubscriptionOptionsWithAllocator<AllocatorT>&, typename MessageMemoryStrategyT::SharedPtr) [with MessageT = sensor_msgs::msg::PointCloud2_<std::allocator<void> >; CallbackT = std::_Bind<void (PointCloudCombiner::*(PointCloudCombiner*, std::_Placeholder<1>, const char*))(std::shared_ptr<sensor_msgs::msg::PointCloud2_<std::allocator<void> > >, std::__cxx11::basic_string<char>)>; AllocatorT = std::allocator<void>; CallbackMessageT = sensor_msgs::msg::PointCloud2_<std::allocator<void> >; SubscriptionT = rclcpp::Subscription<sensor_msgs::msg::PointCloud2_<std::allocator<void> > >; MessageMemoryStrategyT = rclcpp::message_memory_strategy::MessageMemoryStrategy<sensor_msgs::msg::PointCloud2_<std::allocator<void> >, std::allocator<void> >; std::string = std::__cxx11::basic_string<char>; typename MessageMemoryStrategyT::SharedPtr = std::shared_ptr<rclcpp::message_memory_strategy::MessageMemoryStrategy<sensor_msgs::msg::PointCloud2_<std::allocator<void> >, std::allocator<void> > >][m[K’
[01m[K/home/ubuntu/bags/pc_merger_ws/src/pc_meger/src/mergeClouds.cpp:53:121:[m[K   required from here
[01m[K/usr/include/c++/9/variant:1276:8:[m[K [01;31m[Kerror: [m[Kno type named ‘[01m[Ktype[m[K’ in ‘[01m[Kstruct std::enable_if<false, void>[m[K’
 1276 |  using [01;31m[K__accepted_type[m[K = __to_type<__accepted_index<_Tp>>;
      |        [01;31m[K^~~~~~~~~~~~~~~[m[K
make[2]: *** [CMakeFiles/pc_merger.dir/build.make:63: CMakeFiles/pc_merger.dir/src/mergeClouds.cpp.o] Error 1
make[1]: *** [CMakeFiles/Makefile2:78: CMakeFiles/pc_merger.dir/all] Error 2
make: *** [Makefile:141: all] Error 2
