[0.029s] Invoking command in '/home/ubuntu/bags/pc_merger_ws/src/build/pc_merger': CMAKE_PREFIX_PATH=/opt/ros/galactic /usr/bin/cmake /home/ubuntu/bags/pc_merger_ws/src/pc_meger -DCMAKE_INSTALL_PREFIX=/home/ubuntu/bags/pc_merger_ws/src/install/pc_merger
[0.337s] -- The C compiler identification is GNU 9.4.0
[0.494s] -- The CXX compiler identification is GNU 9.4.0
[0.514s] -- Check for working C compiler: /usr/bin/cc
[0.655s] -- Check for working C compiler: /usr/bin/cc -- works
[0.663s] -- Detecting C compiler ABI info
[0.856s] -- Detecting C compiler ABI info - done
[0.867s] -- Detecting C compile features
[0.868s] -- Detecting C compile features - done
[0.873s] -- Check for working CXX compiler: /usr/bin/c++
[1.005s] -- Check for working CXX compiler: /usr/bin/c++ -- works
[1.014s] -- Detecting CXX compiler ABI info
[1.169s] -- Detecting CXX compiler ABI info - done
[1.183s] -- Detecting CXX compile features
[1.184s] -- Detecting CXX compile features - done
[1.204s] -- Found ament_cmake: 1.1.6 (/opt/ros/galactic/share/ament_cmake/cmake)
[1.226s] -- Found PythonInterp: /usr/bin/python3 (found suitable version "3.8.10", minimum required is "3") 
[1.227s] -- Using PYTHON_EXECUTABLE: /usr/bin/python3
[1.324s] -- Found rclcpp: 9.2.2 (/opt/ros/galactic/share/rclcpp/cmake)
[1.429s] -- Using all available rosidl_typesupport_c: rosidl_typesupport_fastrtps_c;rosidl_typesupport_introspection_c
[1.437s] -- Found rosidl_adapter: 2.2.3 (/opt/ros/galactic/share/rosidl_adapter/cmake)
[1.568s] -- Found OpenSSL: /usr/lib/aarch64-linux-gnu/libcrypto.so (found version "1.1.1f")  
[1.605s] -- Found FastRTPS: /opt/ros/galactic/include  
[1.691s] -- Using all available rosidl_typesupport_cpp: rosidl_typesupport_fastrtps_cpp;rosidl_typesupport_introspection_cpp
[1.758s] -- Found rmw_implementation_cmake: 3.3.1 (/opt/ros/galactic/share/rmw_implementation_cmake/cmake)
[1.762s] -- Found rmw_cyclonedds_cpp: 0.22.6 (/opt/ros/galactic/share/rmw_cyclonedds_cpp/cmake)
[1.783s] -- Using RMW implementation 'rmw_cyclonedds_cpp' as default
[1.788s] -- Looking for pthread.h
[1.899s] -- Looking for pthread.h - found
[1.900s] -- Performing Test CMAKE_HAVE_LIBC_PTHREAD
[2.051s] -- Performing Test CMAKE_HAVE_LIBC_PTHREAD - Failed
[2.052s] -- Looking for pthread_create in pthreads
[2.179s] -- Looking for pthread_create in pthreads - not found
[2.180s] -- Looking for pthread_create in pthread
[2.335s] -- Looking for pthread_create in pthread - found
[2.337s] -- Found Threads: TRUE  
[2.583s] -- Found sensor_msgs: 2.2.4 (/opt/ros/galactic/share/sensor_msgs/cmake)
[2.706s] -- Found tf2: 0.17.5 (/opt/ros/galactic/share/tf2/cmake)
[2.717s] -- Found tf2_ros: 0.17.5 (/opt/ros/galactic/share/tf2_ros/cmake)
[3.007s] -- Found tf2_geometry_msgs: 0.17.5 (/opt/ros/galactic/share/tf2_geometry_msgs/cmake)
[3.018s] -- Found eigen3_cmake_module: 0.1.1 (/opt/ros/galactic/share/eigen3_cmake_module/cmake)
[3.022s] -- Found Eigen3: TRUE (found version "3.3.7") 
[3.044s] -- Found pcl_conversions: 2.3.2 (/opt/ros/galactic/share/pcl_conversions/cmake)
[3.224s] CMake Error at CMakeLists.txt:23 (find_package):
[3.225s]   By not providing "Findcloud_msgs.cmake" in CMAKE_MODULE_PATH this project
[3.226s]   has asked CMake to find a package configuration file provided by
[3.227s]   "cloud_msgs", but CMake did not find one.
[3.227s] 
[3.228s]   Could not find a package configuration file provided by "cloud_msgs" with
[3.229s]   any of the following names:
[3.230s] 
[3.230s]     cloud_msgsConfig.cmake
[3.231s]     cloud_msgs-config.cmake
[3.232s] 
[3.233s]   Add the installation prefix of "cloud_msgs" to CMAKE_PREFIX_PATH or set
[3.233s]   "cloud_msgs_DIR" to a directory containing one of the above files.  If
[3.234s]   "cloud_msgs" provides a separate development package or SDK, be sure it has
[3.234s]   been installed.
[3.236s] 
[3.237s] 
[3.242s] -- Configuring incomplete, errors occurred!
[3.245s] See also "/home/ubuntu/bags/pc_merger_ws/src/build/pc_merger/CMakeFiles/CMakeOutput.log".
[3.247s] See also "/home/ubuntu/bags/pc_merger_ws/src/build/pc_merger/CMakeFiles/CMakeError.log".
[3.249s] Invoked command in '/home/ubuntu/bags/pc_merger_ws/src/build/pc_merger' returned '1': CMAKE_PREFIX_PATH=/opt/ros/galactic /usr/bin/cmake /home/ubuntu/bags/pc_merger_ws/src/pc_meger -DCMAKE_INSTALL_PREFIX=/home/ubuntu/bags/pc_merger_ws/src/install/pc_merger
