[0.025s] Invoking command in '/home/ubuntu/bags/pc_merger_ws/src/build/pc_merger': CMAKE_PREFIX_PATH=/opt/ros/galactic /usr/bin/cmake --build /home/ubuntu/bags/pc_merger_ws/src/build/pc_merger -- -j8 -l8
[0.098s] [35m[1mScanning dependencies of target pc_merger[0m
[1.642s] [ 50%] [32mBuilding CXX object CMakeFiles/pc_merger.dir/src/mergeClouds.cpp.o[0m
[7.530s] In file included from [01m[K/home/ubuntu/bags/pc_merger_ws/src/pc_meger/src/mergeClouds.cpp:1[m[K:
[7.531s] [01m[K/home/ubuntu/bags/pc_merger_ws/src/pc_meger/include/mergeClouds.hpp:44:22:[m[K [01;35m[Kwarning: [m[Kextra ‘[01m[K;[m[K’ [[01;35m[K-Wpedantic[m[K]
[7.532s]    44 |     PCL_ADD_INTENSITY[01;35m[K;[m[K
[7.532s]       |                      [01;35m[K^[m[K
[7.533s]       |                      [31m[K-[m[K
[7.592s] [01m[K/home/ubuntu/bags/pc_merger_ws/src/pc_meger/src/mergeClouds.cpp:[m[K In constructor ‘[01m[KPointCloudCombiner::PointCloudCombiner(const string&)[m[K’:
[7.593s] [01m[K/home/ubuntu/bags/pc_merger_ws/src/pc_meger/src/mergeClouds.cpp:7:50:[m[K [01;35m[Kwarning: [m[K‘[01m[Kconst rclcpp::ParameterValue& rclcpp::Node::declare_parameter(const string&)[m[K’ is deprecated: declare_parameter() with only a name is deprecated and will be deleted in the future.\nIf you want to declare a parameter that won't change type without a default value use:\n`node->declare_parameter<ParameterT>(name)`, where e.g. ParameterT=int64_t.\n\nIf you want to declare a parameter that can dynamically change type use:\n```\nrcl_interfaces::msg::ParameterDescriptor descriptor;\ndescriptor.dynamic_typing = true;\nnode->declare_parameter(name, rclcpp::ParameterValue{}, descriptor);\n``` [[01;35m[K-Wdeprecated-declarations[m[K]
[7.594s]     7 |     this->declare_parameter(PARAM_MERGED_PC_TOPIC[01;35m[K)[m[K;
[7.594s]       |                                                  [01;35m[K^[m[K
[7.595s] In file included from [01m[K/opt/ros/galactic/include/rclcpp/executors/single_threaded_executor.hpp:28[m[K,
[7.595s]                  from [01m[K/opt/ros/galactic/include/rclcpp/executors.hpp:22[m[K,
[7.596s]                  from [01m[K/opt/ros/galactic/include/rclcpp/rclcpp.hpp:156[m[K,
[7.596s]                  from [01m[K/home/ubuntu/bags/pc_merger_ws/src/pc_meger/include/mergeClouds.hpp:5[m[K,
[7.597s]                  from [01m[K/home/ubuntu/bags/pc_merger_ws/src/pc_meger/src/mergeClouds.cpp:1[m[K:
[7.597s] [01m[K/opt/ros/galactic/include/rclcpp/node.hpp:422:3:[m[K [01;36m[Knote: [m[Kdeclared here
[7.598s]   422 |   [01;36m[Kdeclare_parameter[m[K(const std::string & name);
[7.599s]       |   [01;36m[K^~~~~~~~~~~~~~~~~[m[K
[7.599s] [01m[K/home/ubuntu/bags/pc_merger_ws/src/pc_meger/src/mergeClouds.cpp:8:49:[m[K [01;35m[Kwarning: [m[K‘[01m[Kconst rclcpp::ParameterValue& rclcpp::Node::declare_parameter(const string&)[m[K’ is deprecated: declare_parameter() with only a name is deprecated and will be deleted in the future.\nIf you want to declare a parameter that won't change type without a default value use:\n`node->declare_parameter<ParameterT>(name)`, where e.g. ParameterT=int64_t.\n\nIf you want to declare a parameter that can dynamically change type use:\n```\nrcl_interfaces::msg::ParameterDescriptor descriptor;\ndescriptor.dynamic_typing = true;\nnode->declare_parameter(name, rclcpp::ParameterValue{}, descriptor);\n``` [[01;35m[K-Wdeprecated-declarations[m[K]
[7.601s]     8 |     this->declare_parameter(PARAM_FRONT_PC_TOPIC[01;35m[K)[m[K;
[7.601s]       |                                                 [01;35m[K^[m[K
[7.602s] In file included from [01m[K/opt/ros/galactic/include/rclcpp/executors/single_threaded_executor.hpp:28[m[K,
[7.602s]                  from [01m[K/opt/ros/galactic/include/rclcpp/executors.hpp:22[m[K,
[7.603s]                  from [01m[K/opt/ros/galactic/include/rclcpp/rclcpp.hpp:156[m[K,
[7.604s]                  from [01m[K/home/ubuntu/bags/pc_merger_ws/src/pc_meger/include/mergeClouds.hpp:5[m[K,
[7.605s]                  from [01m[K/home/ubuntu/bags/pc_merger_ws/src/pc_meger/src/mergeClouds.cpp:1[m[K:
[7.606s] [01m[K/opt/ros/galactic/include/rclcpp/node.hpp:422:3:[m[K [01;36m[Knote: [m[Kdeclared here
[7.606s]   422 |   [01;36m[Kdeclare_parameter[m[K(const std::string & name);
[7.607s]       |   [01;36m[K^~~~~~~~~~~~~~~~~[m[K
[7.607s] [01m[K/home/ubuntu/bags/pc_merger_ws/src/pc_meger/src/mergeClouds.cpp:9:48:[m[K [01;35m[Kwarning: [m[K‘[01m[Kconst rclcpp::ParameterValue& rclcpp::Node::declare_parameter(const string&)[m[K’ is deprecated: declare_parameter() with only a name is deprecated and will be deleted in the future.\nIf you want to declare a parameter that won't change type without a default value use:\n`node->declare_parameter<ParameterT>(name)`, where e.g. ParameterT=int64_t.\n\nIf you want to declare a parameter that can dynamically change type use:\n```\nrcl_interfaces::msg::ParameterDescriptor descriptor;\ndescriptor.dynamic_typing = true;\nnode->declare_parameter(name, rclcpp::ParameterValue{}, descriptor);\n``` [[01;35m[K-Wdeprecated-declarations[m[K]
[7.609s]     9 |     this->declare_parameter(PARAM_LEFT_PC_TOPIC[01;35m[K)[m[K;
[7.615s]       |                                                [01;35m[K^[m[K
[7.617s] In file included from [01m[K/opt/ros/galactic/include/rclcpp/executors/single_threaded_executor.hpp:28[m[K,
[7.623s]                  from [01m[K/opt/ros/galactic/include/rclcpp/executors.hpp:22[m[K,
[7.626s]                  from [01m[K/opt/ros/galactic/include/rclcpp/rclcpp.hpp:156[m[K,
[7.627s]                  from [01m[K/home/ubuntu/bags/pc_merger_ws/src/pc_meger/include/mergeClouds.hpp:5[m[K,
[7.629s]                  from [01m[K/home/ubuntu/bags/pc_merger_ws/src/pc_meger/src/mergeClouds.cpp:1[m[K:
[7.635s] [01m[K/opt/ros/galactic/include/rclcpp/node.hpp:422:3:[m[K [01;36m[Knote: [m[Kdeclared here
[7.637s]   422 |   [01;36m[Kdeclare_parameter[m[K(const std::string & name);
[7.643s]       |   [01;36m[K^~~~~~~~~~~~~~~~~[m[K
[7.647s] [01m[K/home/ubuntu/bags/pc_merger_ws/src/pc_meger/src/mergeClouds.cpp:10:49:[m[K [01;35m[Kwarning: [m[K‘[01m[Kconst rclcpp::ParameterValue& rclcpp::Node::declare_parameter(const string&)[m[K’ is deprecated: declare_parameter() with only a name is deprecated and will be deleted in the future.\nIf you want to declare a parameter that won't change type without a default value use:\n`node->declare_parameter<ParameterT>(name)`, where e.g. ParameterT=int64_t.\n\nIf you want to declare a parameter that can dynamically change type use:\n```\nrcl_interfaces::msg::ParameterDescriptor descriptor;\ndescriptor.dynamic_typing = true;\nnode->declare_parameter(name, rclcpp::ParameterValue{}, descriptor);\n``` [[01;35m[K-Wdeprecated-declarations[m[K]
[7.648s]    10 |     this->declare_parameter(PARAM_RIGHT_PC_TOPIC[01;35m[K)[m[K;
[7.649s]       |                                                 [01;35m[K^[m[K
[7.650s] In file included from [01m[K/opt/ros/galactic/include/rclcpp/executors/single_threaded_executor.hpp:28[m[K,
[7.650s]                  from [01m[K/opt/ros/galactic/include/rclcpp/executors.hpp:22[m[K,
[7.651s]                  from [01m[K/opt/ros/galactic/include/rclcpp/rclcpp.hpp:156[m[K,
[7.651s]                  from [01m[K/home/ubuntu/bags/pc_merger_ws/src/pc_meger/include/mergeClouds.hpp:5[m[K,
[7.652s]                  from [01m[K/home/ubuntu/bags/pc_merger_ws/src/pc_meger/src/mergeClouds.cpp:1[m[K:
[7.652s] [01m[K/opt/ros/galactic/include/rclcpp/node.hpp:422:3:[m[K [01;36m[Knote: [m[Kdeclared here
[7.653s]   422 |   [01;36m[Kdeclare_parameter[m[K(const std::string & name);
[7.654s]       |   [01;36m[K^~~~~~~~~~~~~~~~~[m[K
[7.655s] [01m[K/home/ubuntu/bags/pc_merger_ws/src/pc_meger/src/mergeClouds.cpp:12:52:[m[K [01;35m[Kwarning: [m[K‘[01m[Kconst rclcpp::ParameterValue& rclcpp::Node::declare_parameter(const string&)[m[K’ is deprecated: declare_parameter() with only a name is deprecated and will be deleted in the future.\nIf you want to declare a parameter that won't change type without a default value use:\n`node->declare_parameter<ParameterT>(name)`, where e.g. ParameterT=int64_t.\n\nIf you want to declare a parameter that can dynamically change type use:\n```\nrcl_interfaces::msg::ParameterDescriptor descriptor;\ndescriptor.dynamic_typing = true;\nnode->declare_parameter(name, rclcpp::ParameterValue{}, descriptor);\n``` [[01;35m[K-Wdeprecated-declarations[m[K]
[7.656s]    12 |     this->declare_parameter(PARAM_FRONT_LIDAR_FRAME[01;35m[K)[m[K;
[7.656s]       |                                                    [01;35m[K^[m[K
[7.657s] In file included from [01m[K/opt/ros/galactic/include/rclcpp/executors/single_threaded_executor.hpp:28[m[K,
[7.657s]                  from [01m[K/opt/ros/galactic/include/rclcpp/executors.hpp:22[m[K,
[7.658s]                  from [01m[K/opt/ros/galactic/include/rclcpp/rclcpp.hpp:156[m[K,
[7.660s]                  from [01m[K/home/ubuntu/bags/pc_merger_ws/src/pc_meger/include/mergeClouds.hpp:5[m[K,
[7.661s]                  from [01m[K/home/ubuntu/bags/pc_merger_ws/src/pc_meger/src/mergeClouds.cpp:1[m[K:
[7.661s] [01m[K/opt/ros/galactic/include/rclcpp/node.hpp:422:3:[m[K [01;36m[Knote: [m[Kdeclared here
[7.662s]   422 |   [01;36m[Kdeclare_parameter[m[K(const std::string & name);
[7.662s]       |   [01;36m[K^~~~~~~~~~~~~~~~~[m[K
[7.663s] [01m[K/home/ubuntu/bags/pc_merger_ws/src/pc_meger/src/mergeClouds.cpp:13:51:[m[K [01;35m[Kwarning: [m[K‘[01m[Kconst rclcpp::ParameterValue& rclcpp::Node::declare_parameter(const string&)[m[K’ is deprecated: declare_parameter() with only a name is deprecated and will be deleted in the future.\nIf you want to declare a parameter that won't change type without a default value use:\n`node->declare_parameter<ParameterT>(name)`, where e.g. ParameterT=int64_t.\n\nIf you want to declare a parameter that can dynamically change type use:\n```\nrcl_interfaces::msg::ParameterDescriptor descriptor;\ndescriptor.dynamic_typing = true;\nnode->declare_parameter(name, rclcpp::ParameterValue{}, descriptor);\n``` [[01;35m[K-Wdeprecated-declarations[m[K]
[7.666s]    13 |     this->declare_parameter(PARAM_LEFT_LIDAR_FRAME[01;35m[K)[m[K;
[7.668s]       |                                                   [01;35m[K^[m[K
[7.672s] In file included from [01m[K/opt/ros/galactic/include/rclcpp/executors/single_threaded_executor.hpp:28[m[K,
[7.680s]                  from [01m[K/opt/ros/galactic/include/rclcpp/executors.hpp:22[m[K,
[7.683s]                  from [01m[K/opt/ros/galactic/include/rclcpp/rclcpp.hpp:156[m[K,
[7.683s]                  from [01m[K/home/ubuntu/bags/pc_merger_ws/src/pc_meger/include/mergeClouds.hpp:5[m[K,
[7.684s]                  from [01m[K/home/ubuntu/bags/pc_merger_ws/src/pc_meger/src/mergeClouds.cpp:1[m[K:
[7.684s] [01m[K/opt/ros/galactic/include/rclcpp/node.hpp:422:3:[m[K [01;36m[Knote: [m[Kdeclared here
[7.685s]   422 |   [01;36m[Kdeclare_parameter[m[K(const std::string & name);
[7.685s]       |   [01;36m[K^~~~~~~~~~~~~~~~~[m[K
[7.686s] [01m[K/home/ubuntu/bags/pc_merger_ws/src/pc_meger/src/mergeClouds.cpp:14:52:[m[K [01;35m[Kwarning: [m[K‘[01m[Kconst rclcpp::ParameterValue& rclcpp::Node::declare_parameter(const string&)[m[K’ is deprecated: declare_parameter() with only a name is deprecated and will be deleted in the future.\nIf you want to declare a parameter that won't change type without a default value use:\n`node->declare_parameter<ParameterT>(name)`, where e.g. ParameterT=int64_t.\n\nIf you want to declare a parameter that can dynamically change type use:\n```\nrcl_interfaces::msg::ParameterDescriptor descriptor;\ndescriptor.dynamic_typing = true;\nnode->declare_parameter(name, rclcpp::ParameterValue{}, descriptor);\n``` [[01;35m[K-Wdeprecated-declarations[m[K]
[7.686s]    14 |     this->declare_parameter(PARAM_RIGHT_LIDAR_FRAME[01;35m[K)[m[K;
[7.687s]       |                                                    [01;35m[K^[m[K
[7.688s] In file included from [01m[K/opt/ros/galactic/include/rclcpp/executors/single_threaded_executor.hpp:28[m[K,
[7.688s]                  from [01m[K/opt/ros/galactic/include/rclcpp/executors.hpp:22[m[K,
[7.689s]                  from [01m[K/opt/ros/galactic/include/rclcpp/rclcpp.hpp:156[m[K,
[7.689s]                  from [01m[K/home/ubuntu/bags/pc_merger_ws/src/pc_meger/include/mergeClouds.hpp:5[m[K,
[7.690s]                  from [01m[K/home/ubuntu/bags/pc_merger_ws/src/pc_meger/src/mergeClouds.cpp:1[m[K:
[7.690s] [01m[K/opt/ros/galactic/include/rclcpp/node.hpp:422:3:[m[K [01;36m[Knote: [m[Kdeclared here
[7.691s]   422 |   [01;36m[Kdeclare_parameter[m[K(const std::string & name);
[7.691s]       |   [01;36m[K^~~~~~~~~~~~~~~~~[m[K
[7.692s] [01m[K/home/ubuntu/bags/pc_merger_ws/src/pc_meger/src/mergeClouds.cpp:41:63:[m[K [01;31m[Kerror: [m[K‘[01m[K_merged_pc_topic[m[K’ was not declared in this scope; did you mean ‘[01m[Kmerged_pc_topic_[m[K’?
[7.693s]    41 |         this->create_publisher<sensor_msgs::msg::PointCloud2>([01;31m[K_merged_pc_topic[m[K, 10);
[7.694s]       |                                                               [01;31m[K^~~~~~~~~~~~~~~~[m[K
[7.694s]       |                                                               [32m[Kmerged_pc_topic_[m[K
[7.695s] [01m[K/home/ubuntu/bags/pc_merger_ws/src/pc_meger/src/mergeClouds.cpp:52:45:[m[K [01;31m[Kerror: [m[K‘[01m[KString[m[K’ in namespace ‘[01m[Kstd_msgs::msg[m[K’ does not name a type
[7.696s]    52 |     std::function<void(const std_msgs::msg::[01;31m[KString[m[K::SharedPtr msg)> cb_front = std::bind(
[7.696s]       |                                             [01;31m[K^~~~~~[m[K
[7.698s] [01m[K/home/ubuntu/bags/pc_merger_ws/src/pc_meger/src/mergeClouds.cpp:52:63:[m[K [01;31m[Kerror: [m[Kexpected unqualified-id before ‘[01m[Kmsg[m[K’
[7.699s]    52 |     std::function<void(const std_msgs::msg::String::SharedPtr [01;31m[Kmsg[m[K)> cb_front = std::bind(
[7.700s]       |                                                               [01;31m[K^~~[m[K
[7.700s] [01m[K/home/ubuntu/bags/pc_merger_ws/src/pc_meger/src/mergeClouds.cpp:52:62:[m[K [01;31m[Kerror: [m[Kexpected ‘[01m[K)[m[K’ before ‘[01m[Kmsg[m[K’
[7.701s]    52 |     std::function<void[34m[K([m[Kconst std_msgs::msg::String::SharedPtr[01;31m[K [m[K[32m[Kmsg[m[K)> cb_front = std::bind(
[7.702s]       |                       [34m[K~[m[K                                      [01;31m[K^[m[K[32m[K~~~[m[K
[7.702s]       |                                                              [32m[K)[m[K
[7.705s] [01m[K/home/ubuntu/bags/pc_merger_ws/src/pc_meger/src/mergeClouds.cpp:52:63:[m[K [01;31m[Kerror: [m[Kexpected template-argument before ‘[01m[Kmsg[m[K’
[7.706s]    52 |     std::function<void(const std_msgs::msg::String::SharedPtr [01;31m[Kmsg[m[K)> cb_front = std::bind(
[7.707s]       |                                                               [01;31m[K^~~[m[K
[7.707s] [01m[K/home/ubuntu/bags/pc_merger_ws/src/pc_meger/src/mergeClouds.cpp:52:63:[m[K [01;31m[Kerror: [m[Kexpected ‘[01m[K>[m[K’ before ‘[01m[Kmsg[m[K’
[7.708s] [01m[K/home/ubuntu/bags/pc_merger_ws/src/pc_meger/src/mergeClouds.cpp:52:66:[m[K [01;31m[Kerror: [m[Kexpected unqualified-id before ‘[01m[K)[m[K’ token
[7.708s]    52 |     std::function<void(const std_msgs::msg::String::SharedPtr msg[01;31m[K)[m[K> cb_front = std::bind(
[7.709s]       |                                                                  [01;31m[K^[m[K
[7.709s] [01m[K/home/ubuntu/bags/pc_merger_ws/src/pc_meger/src/mergeClouds.cpp:54:45:[m[K [01;31m[Kerror: [m[K‘[01m[KString[m[K’ in namespace ‘[01m[Kstd_msgs::msg[m[K’ does not name a type
[7.710s]    54 |     std::function<void(const std_msgs::msg::[01;31m[KString[m[K::SharedPtr msg)> cb_left = std::bind(
[7.710s]       |                                             [01;31m[K^~~~~~[m[K
[7.711s] [01m[K/home/ubuntu/bags/pc_merger_ws/src/pc_meger/src/mergeClouds.cpp:54:63:[m[K [01;31m[Kerror: [m[Kexpected unqualified-id before ‘[01m[Kmsg[m[K’
[7.711s]    54 |     std::function<void(const std_msgs::msg::String::SharedPtr [01;31m[Kmsg[m[K)> cb_left = std::bind(
[7.712s]       |                                                               [01;31m[K^~~[m[K
[7.712s] [01m[K/home/ubuntu/bags/pc_merger_ws/src/pc_meger/src/mergeClouds.cpp:54:62:[m[K [01;31m[Kerror: [m[Kexpected ‘[01m[K)[m[K’ before ‘[01m[Kmsg[m[K’
[7.713s]    54 |     std::function<void[34m[K([m[Kconst std_msgs::msg::String::SharedPtr[01;31m[K [m[K[32m[Kmsg[m[K)> cb_left = std::bind(
[7.713s]       |                       [34m[K~[m[K                                      [01;31m[K^[m[K[32m[K~~~[m[K
[7.714s]       |                                                              [32m[K)[m[K
[7.714s] [01m[K/home/ubuntu/bags/pc_merger_ws/src/pc_meger/src/mergeClouds.cpp:54:63:[m[K [01;31m[Kerror: [m[Kexpected template-argument before ‘[01m[Kmsg[m[K’
[7.715s]    54 |     std::function<void(const std_msgs::msg::String::SharedPtr [01;31m[Kmsg[m[K)> cb_left = std::bind(
[7.716s]       |                                                               [01;31m[K^~~[m[K
[7.716s] [01m[K/home/ubuntu/bags/pc_merger_ws/src/pc_meger/src/mergeClouds.cpp:54:63:[m[K [01;31m[Kerror: [m[Kexpected ‘[01m[K>[m[K’ before ‘[01m[Kmsg[m[K’
[7.717s] [01m[K/home/ubuntu/bags/pc_merger_ws/src/pc_meger/src/mergeClouds.cpp:54:66:[m[K [01;31m[Kerror: [m[Kexpected unqualified-id before ‘[01m[K)[m[K’ token
[7.717s]    54 |     std::function<void(const std_msgs::msg::String::SharedPtr msg[01;31m[K)[m[K> cb_left = std::bind(
[7.718s]       |                                                                  [01;31m[K^[m[K
[7.718s] [01m[K/home/ubuntu/bags/pc_merger_ws/src/pc_meger/src/mergeClouds.cpp:56:45:[m[K [01;31m[Kerror: [m[K‘[01m[KString[m[K’ in namespace ‘[01m[Kstd_msgs::msg[m[K’ does not name a type
[7.719s]    56 |     std::function<void(const std_msgs::msg::[01;31m[KString[m[K::SharedPtr msg)> cb_right = std::bind(
[7.719s]       |                                             [01;31m[K^~~~~~[m[K
[7.719s] [01m[K/home/ubuntu/bags/pc_merger_ws/src/pc_meger/src/mergeClouds.cpp:56:63:[m[K [01;31m[Kerror: [m[Kexpected unqualified-id before ‘[01m[Kmsg[m[K’
[7.720s]    56 |     std::function<void(const std_msgs::msg::String::SharedPtr [01;31m[Kmsg[m[K)> cb_right = std::bind(
[7.720s]       |                                                               [01;31m[K^~~[m[K
[7.721s] [01m[K/home/ubuntu/bags/pc_merger_ws/src/pc_meger/src/mergeClouds.cpp:56:62:[m[K [01;31m[Kerror: [m[Kexpected ‘[01m[K)[m[K’ before ‘[01m[Kmsg[m[K’
[7.721s]    56 |     std::function<void[34m[K([m[Kconst std_msgs::msg::String::SharedPtr[01;31m[K [m[K[32m[Kmsg[m[K)> cb_right = std::bind(
[7.722s]       |                       [34m[K~[m[K                                      [01;31m[K^[m[K[32m[K~~~[m[K
[7.722s]       |                                                              [32m[K)[m[K
[7.723s] [01m[K/home/ubuntu/bags/pc_merger_ws/src/pc_meger/src/mergeClouds.cpp:56:63:[m[K [01;31m[Kerror: [m[Kexpected template-argument before ‘[01m[Kmsg[m[K’
[7.723s]    56 |     std::function<void(const std_msgs::msg::String::SharedPtr [01;31m[Kmsg[m[K)> cb_right = std::bind(
[7.724s]       |                                                               [01;31m[K^~~[m[K
[7.724s] [01m[K/home/ubuntu/bags/pc_merger_ws/src/pc_meger/src/mergeClouds.cpp:56:63:[m[K [01;31m[Kerror: [m[Kexpected ‘[01m[K>[m[K’ before ‘[01m[Kmsg[m[K’
[7.725s] [01m[K/home/ubuntu/bags/pc_merger_ws/src/pc_meger/src/mergeClouds.cpp:56:66:[m[K [01;31m[Kerror: [m[Kexpected unqualified-id before ‘[01m[K)[m[K’ token
[7.726s]    56 |     std::function<void(const std_msgs::msg::String::SharedPtr msg[01;31m[K)[m[K> cb_right = std::bind(
[7.727s]       |                                                                  [01;31m[K^[m[K
[7.728s] [01m[K/home/ubuntu/bags/pc_merger_ws/src/pc_meger/src/mergeClouds.cpp:60:5:[m[K [01;31m[Kerror: [m[K‘[01m[Kfront_subscriber_[m[K’ was not declared in this scope; did you mean ‘[01m[Kront_subscriber_[m[K’?
[7.729s]    60 |     [01;31m[Kfront_subscriber_[m[K = this->create_subscription<sensor_msgs::msg::PointCloud2>(
[7.729s]       |     [01;31m[K^~~~~~~~~~~~~~~~~[m[K
[7.730s]       |     [32m[Kront_subscriber_[m[K
[7.732s] [01m[K/home/ubuntu/bags/pc_merger_ws/src/pc_meger/src/mergeClouds.cpp:61:40:[m[K [01;31m[Kerror: [m[K‘[01m[Kcb_front[m[K’ was not declared in this scope
[7.732s]    61 |         front_pc_topic_, qos_profile, ([01;31m[Kcb_front[m[K));
[7.733s]       |                                        [01;31m[K^~~~~~~~[m[K
[7.734s] [01m[K/home/ubuntu/bags/pc_merger_ws/src/pc_meger/src/mergeClouds.cpp:63:40:[m[K [01;31m[Kerror: [m[K‘[01m[Kcb_right[m[K’ was not declared in this scope
[7.734s]    63 |         right_pc_topic_, qos_profile, ([01;31m[Kcb_right[m[K));
[7.735s]       |                                        [01;31m[K^~~~~~~~[m[K
[7.735s] [01m[K/home/ubuntu/bags/pc_merger_ws/src/pc_meger/src/mergeClouds.cpp:65:39:[m[K [01;31m[Kerror: [m[K‘[01m[Kcb_left[m[K’ was not declared in this scope
[7.736s]    65 |         left_pc_topic_, qos_profile, ([01;31m[Kcb_left[m[K));
[7.738s]       |                                       [01;31m[K^~~~~~~[m[K
[7.739s] [01m[K/home/ubuntu/bags/pc_merger_ws/src/pc_meger/src/mergeClouds.cpp:[m[K At global scope:
[7.740s] [01m[K/home/ubuntu/bags/pc_merger_ws/src/pc_meger/src/mergeClouds.cpp:76:35:[m[K [01;31m[Kerror: [m[Kno declaration matches ‘[01m[Kpcl::PointCloud<PointXYZIRT>::Ptr PointCloudCombiner::getTargetCloud(const string&)[m[K’
[7.740s]    76 | pcl::PointCloud<PointXYZIRT>::Ptr [01;31m[KPointCloudCombiner[m[K::getTargetCloud(const std::string& topic) {
[7.741s]       |                                   [01;31m[K^~~~~~~~~~~~~~~~~~[m[K
[7.741s] [01m[K/home/ubuntu/bags/pc_merger_ws/src/pc_meger/src/mergeClouds.cpp:76:35:[m[K [01;36m[Knote: [m[Kno functions named ‘[01m[Kpcl::PointCloud<PointXYZIRT>::Ptr PointCloudCombiner::getTargetCloud(const string&)[m[K’
[7.742s] In file included from [01m[K/home/ubuntu/bags/pc_merger_ws/src/pc_meger/src/mergeClouds.cpp:1[m[K:
[7.742s] [01m[K/home/ubuntu/bags/pc_merger_ws/src/pc_meger/include/mergeClouds.hpp:76:7:[m[K [01;36m[Knote: [m[K‘[01m[Kclass PointCloudCombiner[m[K’ defined here
[7.743s]    76 | class [01;36m[KPointCloudCombiner[m[K : public rclcpp::Node {
[7.743s]       |       [01;36m[K^~~~~~~~~~~~~~~~~~[m[K
[7.744s] [01m[K/home/ubuntu/bags/pc_merger_ws/src/pc_meger/src/mergeClouds.cpp:[m[K In member function ‘[01m[Kvoid PointCloudCombiner::cloudHandler(sensor_msgs::msg::PointCloud2_<std::allocator<void> >::SharedPtr, std::string)[m[K’:
[7.744s] [01m[K/home/ubuntu/bags/pc_merger_ws/src/pc_meger/src/mergeClouds.cpp:92:24:[m[K [01;31m[Kerror: [m[K‘[01m[KgetTargetCloud[m[K’ was not declared in this scope; did you mean ‘[01m[KtargetCloud[m[K’?
[7.745s]    92 |     auto targetCloud = [01;31m[KgetTargetCloud[m[K(topicName);
[7.745s]       |                        [01;31m[K^~~~~~~~~~~~~~[m[K
[7.746s]       |                        [32m[KtargetCloud[m[K
[7.746s] [01m[K/home/ubuntu/bags/pc_merger_ws/src/pc_meger/src/mergeClouds.cpp:98:5:[m[K [01;31m[Kerror: [m[K‘[01m[Kpcl_ros[m[K’ has not been declared
[7.747s]    98 |     [01;31m[Kpcl_ros[m[K::transformPointCloud(front_lidar_frame_, *targetCloud, *targetCloud, tf_listener_);
[7.747s]       |     [01;31m[K^~~~~~~[m[K
[7.748s] [01m[K/home/ubuntu/bags/pc_merger_ws/src/pc_meger/src/mergeClouds.cpp:[m[K In member function ‘[01m[Kvoid PointCloudCombiner::publishCombinedPointCloud(rclcpp::Time)[m[K’:
[7.749s] [01m[K/home/ubuntu/bags/pc_merger_ws/src/pc_meger/src/mergeClouds.cpp:109:5:[m[K [01;31m[Kerror: [m[Kno match for ‘[01m[Koperator*[m[K’ (operand types are ‘[01m[Kvoid[m[K’ and ‘[01m[Kpcl::PointCloud<PointXYZIRT>::Ptr[m[K’ {aka ‘[01m[Kboost::shared_ptr<pcl::PointCloud<PointXYZIRT> >[m[K’})
[7.749s]   108 |     [32m[Kmerged_cloud_->clear()[m[K
[7.750s]       |     [32m[K~~~~~~~~~~~~~~~~~~~~~~[m[K
[7.750s]       |                         [32m[K|[m[K
[7.750s]       |                         [32m[Kvoid[m[K
[7.751s]   109 |     [01;31m[K*[m[K[34m[Kmerged_cloud_[m[K += *left_cloud_;
[7.751s]       |     [01;31m[K^[m[K[34m[K~~~~~~~~~~~~~[m[K
[7.752s]       |      [34m[K|[m[K
[7.752s]       |      [34m[Kpcl::PointCloud<PointXYZIRT>::Ptr {aka boost::shared_ptr<pcl::PointCloud<PointXYZIRT> >}[m[K
[7.753s] [01m[K/home/ubuntu/bags/pc_merger_ws/src/pc_meger/src/mergeClouds.cpp:110:6:[m[K [01;31m[Kerror: [m[K‘[01m[Kmerged_cloud[m[K’ was not declared in this scope; did you mean ‘[01m[Kmerged_cloud_[m[K’?
[7.753s]   110 |     *[01;31m[Kmerged_cloud[m[K += *right_cloud_;
[7.754s]       |      [01;31m[K^~~~~~~~~~~~[m[K
[7.755s]       |      [32m[Kmerged_cloud_[m[K
[7.755s] [01m[K/home/ubuntu/bags/pc_merger_ws/src/pc_meger/src/mergeClouds.cpp:114:20:[m[K [01;31m[Kerror: [m[K‘[01m[Kcombined_point_cloud_[m[K’ was not declared in this scope
[7.756s]   114 |     pcl::toROSMsg(*[01;31m[Kcombined_point_cloud_[m[K, combined_msg);
[7.757s]       |                    [01;31m[K^~~~~~~~~~~~~~~~~~~~~[m[K
[7.758s] [01m[K/home/ubuntu/bags/pc_merger_ws/src/pc_meger/src/mergeClouds.cpp:115:17:[m[K [01;31m[Kerror: [m[Kbase operand of ‘[01m[K->[m[K’ has non-pointer type ‘[01m[Ksensor_msgs::msg::PointCloud2[m[K’ {aka ‘[01m[Ksensor_msgs::msg::PointCloud2_<std::allocator<void> >[m[K’}
[7.759s]   115 |     combined_msg[01;31m[K->[m[Kheader.stamp = timeStamp;
[7.760s]       |                 [01;31m[K^~[m[K
[7.761s] [01m[K/home/ubuntu/bags/pc_merger_ws/src/pc_meger/src/mergeClouds.cpp:116:17:[m[K [01;31m[Kerror: [m[Kbase operand of ‘[01m[K->[m[K’ has non-pointer type ‘[01m[Ksensor_msgs::msg::PointCloud2[m[K’ {aka ‘[01m[Ksensor_msgs::msg::PointCloud2_<std::allocator<void> >[m[K’}
[7.761s]   116 |     combined_msg[01;31m[K->[m[Kheader.frame_id = front_lidar_frame_;  // Assuming the front frame
[7.762s]       |                 [01;31m[K^~[m[K
[7.763s] [01m[K/home/ubuntu/bags/pc_merger_ws/src/pc_meger/src/mergeClouds.cpp:117:34:[m[K [01;31m[Kerror: [m[Kno match for ‘[01m[Koperator*[m[K’ (operand type is ‘[01m[Ksensor_msgs::msg::PointCloud2[m[K’ {aka ‘[01m[Ksensor_msgs::msg::PointCloud2_<std::allocator<void> >[m[K’})
[7.764s]   117 |     combined_publisher_->publish([01;31m[K*combined_msg[m[K);
[7.764s]       |                                  [01;31m[K^~~~~~~~~~~~~[m[K
[7.765s] In file included from [01m[K/usr/include/eigen3/Eigen/Core:96[m[K,
[7.765s]                  from [01m[K/usr/include/eigen3/Eigen/StdVector:14[m[K,
[7.766s]                  from [01m[K/usr/include/pcl-1.10/pcl/point_cloud.h:45[m[K,
[7.766s]                  from [01m[K/home/ubuntu/bags/pc_merger_ws/src/pc_meger/include/mergeClouds.hpp:8[m[K,
[7.767s]                  from [01m[K/home/ubuntu/bags/pc_merger_ws/src/pc_meger/src/mergeClouds.cpp:1[m[K:
[7.768s] [01m[K/usr/include/c++/9/complex:391:5:[m[K [01;36m[Knote: [m[Kcandidate: ‘[01m[Ktemplate<class _Tp> std::complex<_Tp> std::operator*(const std::complex<_Tp>&, const std::complex<_Tp>&)[m[K’
[7.770s]   391 |     [01;36m[Koperator[m[K*(const complex<_Tp>& __x, const complex<_Tp>& __y)
[7.771s]       |     [01;36m[K^~~~~~~~[m[K
[7.771s] [01m[K/usr/include/c++/9/complex:391:5:[m[K [01;36m[Knote: [m[K  template argument deduction/substitution failed:
[7.772s] [01m[K/home/ubuntu/bags/pc_merger_ws/src/pc_meger/src/mergeClouds.cpp:117:35:[m[K [01;36m[Knote: [m[K  ‘[01m[Ksensor_msgs::msg::PointCloud2[m[K’ {aka ‘[01m[Ksensor_msgs::msg::PointCloud2_<std::allocator<void> >[m[K’} is not derived from ‘[01m[Kconst std::complex<_Tp>[m[K’
[7.773s]   117 |     combined_publisher_->publish(*[01;36m[Kcombined_msg[m[K);
[7.774s]       |                                   [01;36m[K^~~~~~~~~~~~[m[K
[7.774s] In file included from [01m[K/usr/include/eigen3/Eigen/Core:96[m[K,
[7.775s]                  from [01m[K/usr/include/eigen3/Eigen/StdVector:14[m[K,
[7.775s]                  from [01m[K/usr/include/pcl-1.10/pcl/point_cloud.h:45[m[K,
[7.776s]                  from [01m[K/home/ubuntu/bags/pc_merger_ws/src/pc_meger/include/mergeClouds.hpp:8[m[K,
[7.776s]                  from [01m[K/home/ubuntu/bags/pc_merger_ws/src/pc_meger/src/mergeClouds.cpp:1[m[K:
[7.777s] [01m[K/usr/include/c++/9/complex:400:5:[m[K [01;36m[Knote: [m[Kcandidate: ‘[01m[Ktemplate<class _Tp> std::complex<_Tp> std::operator*(const std::complex<_Tp>&, const _Tp&)[m[K’
[7.777s]   400 |     [01;36m[Koperator[m[K*(const complex<_Tp>& __x, const _Tp& __y)
[7.778s]       |     [01;36m[K^~~~~~~~[m[K
[7.779s] [01m[K/usr/include/c++/9/complex:400:5:[m[K [01;36m[Knote: [m[K  template argument deduction/substitution failed:
[7.779s] [01m[K/home/ubuntu/bags/pc_merger_ws/src/pc_meger/src/mergeClouds.cpp:117:35:[m[K [01;36m[Knote: [m[K  ‘[01m[Ksensor_msgs::msg::PointCloud2[m[K’ {aka ‘[01m[Ksensor_msgs::msg::PointCloud2_<std::allocator<void> >[m[K’} is not derived from ‘[01m[Kconst std::complex<_Tp>[m[K’
[7.780s]   117 |     combined_publisher_->publish(*[01;36m[Kcombined_msg[m[K);
[7.780s]       |                                   [01;36m[K^~~~~~~~~~~~[m[K
[7.781s] In file included from [01m[K/usr/include/eigen3/Eigen/Core:96[m[K,
[7.782s]                  from [01m[K/usr/include/eigen3/Eigen/StdVector:14[m[K,
[7.782s]                  from [01m[K/usr/include/pcl-1.10/pcl/point_cloud.h:45[m[K,
[7.783s]                  from [01m[K/home/ubuntu/bags/pc_merger_ws/src/pc_meger/include/mergeClouds.hpp:8[m[K,
[7.783s]                  from [01m[K/home/ubuntu/bags/pc_merger_ws/src/pc_meger/src/mergeClouds.cpp:1[m[K:
[7.784s] [01m[K/usr/include/c++/9/complex:409:5:[m[K [01;36m[Knote: [m[Kcandidate: ‘[01m[Ktemplate<class _Tp> std::complex<_Tp> std::operator*(const _Tp&, const std::complex<_Tp>&)[m[K’
[7.784s]   409 |     [01;36m[Koperator[m[K*(const _Tp& __x, const complex<_Tp>& __y)
[7.785s]       |     [01;36m[K^~~~~~~~[m[K
[7.786s] [01m[K/usr/include/c++/9/complex:409:5:[m[K [01;36m[Knote: [m[K  template argument deduction/substitution failed:
[7.786s] [01m[K/home/ubuntu/bags/pc_merger_ws/src/pc_meger/src/mergeClouds.cpp:117:35:[m[K [01;36m[Knote: [m[K  candidate expects 2 arguments, 1 provided
[7.787s]   117 |     combined_publisher_->publish(*[01;36m[Kcombined_msg[m[K);
[7.787s]       |                                   [01;36m[K^~~~~~~~~~~~[m[K
[7.788s] [01m[K/home/ubuntu/bags/pc_merger_ws/src/pc_meger/src/mergeClouds.cpp:[m[K In function ‘[01m[Kint main(int, char**)[m[K’:
[7.788s] [01m[K/home/ubuntu/bags/pc_merger_ws/src/pc_meger/src/mergeClouds.cpp:122:33:[m[K [01;31m[Kerror: [m[K‘[01m[KPointCloudCombinerNode[m[K’ was not declared in this scope; did you mean ‘[01m[KPointCloudCombiner[m[K’?
[7.789s]   122 |   rclcpp::spin(std::make_shared<[01;31m[KPointCloudCombinerNode[m[K>("point_cloud_combiner"));
[7.790s]       |                                 [01;31m[K^~~~~~~~~~~~~~~~~~~~~~[m[K
[7.791s]       |                                 [32m[KPointCloudCombiner[m[K
[7.792s] [01m[K/home/ubuntu/bags/pc_merger_ws/src/pc_meger/src/mergeClouds.cpp:122:79:[m[K [01;31m[Kerror: [m[Kno matching function for call to ‘[01m[Kmake_shared<<expression error> >(const char [21])[m[K’
[7.792s]   122 |   rclcpp::spin(std::make_shared<PointCloudCombinerNode>("point_cloud_combiner"[01;31m[K)[m[K);
[7.795s]       |                                                                               [01;31m[K^[m[K
[7.797s] In file included from [01m[K/usr/include/c++/9/memory:81[m[K,
[7.798s]                  from [01m[K/opt/ros/galactic/include/rclcpp/rclcpp.hpp:154[m[K,
[7.799s]                  from [01m[K/home/ubuntu/bags/pc_merger_ws/src/pc_meger/include/mergeClouds.hpp:5[m[K,
[7.800s]                  from [01m[K/home/ubuntu/bags/pc_merger_ws/src/pc_meger/src/mergeClouds.cpp:1[m[K:
[7.802s] [01m[K/usr/include/c++/9/bits/shared_ptr.h:714:5:[m[K [01;36m[Knote: [m[Kcandidate: ‘[01m[Ktemplate<class _Tp, class ... _Args> std::shared_ptr<_Tp> std::make_shared(_Args&& ...)[m[K’
[7.803s]   714 |     [01;36m[Kmake_shared[m[K(_Args&&... __args)
[7.804s]       |     [01;36m[K^~~~~~~~~~~[m[K
[7.805s] [01m[K/usr/include/c++/9/bits/shared_ptr.h:714:5:[m[K [01;36m[Knote: [m[K  template argument deduction/substitution failed:
[7.805s] [01m[K/home/ubuntu/bags/pc_merger_ws/src/pc_meger/src/mergeClouds.cpp:122:79:[m[K [01;31m[Kerror: [m[Ktemplate argument 1 is invalid
[7.806s]   122 |   rclcpp::spin(std::make_shared<PointCloudCombinerNode>("point_cloud_combiner"[01;31m[K)[m[K);
[7.806s]       |                                                                               [01;31m[K^[m[K
[9.604s] make[2]: *** [CMakeFiles/pc_merger.dir/build.make:63: CMakeFiles/pc_merger.dir/src/mergeClouds.cpp.o] Error 1
[9.605s] make[1]: *** [CMakeFiles/Makefile2:78: CMakeFiles/pc_merger.dir/all] Error 2
[9.606s] make: *** [Makefile:141: all] Error 2
[9.611s] Invoked command in '/home/ubuntu/bags/pc_merger_ws/src/build/pc_merger' returned '2': CMAKE_PREFIX_PATH=/opt/ros/galactic /usr/bin/cmake --build /home/ubuntu/bags/pc_merger_ws/src/build/pc_merger -- -j8 -l8
